<?xml version="1.0" encoding="UTF-8" ?>
<testsuite tests="854" failures="0" name="test.Runner.R2_CompassSmokeTest" time="187.731" errors="44" skipped="810">
  <properties>
[...]
</properties>
  <testcase classname="| Website Development | Basic Web Design |" name="| Website Development | Basic Web Design |" time="4.146">
    <error message="chrome not reachable
  (Session info: chrome=53.0.2785.116)
  (Driver info: chromedriver=2.25.426923 (0390b88869384d6eb0d5d09729679f934aab9eed),platform=Windows NT 10.0.17134 x86_64) (WARNING: The server did not provide any stacktrace information)
Command duration or timeout: 4.05 seconds
Build info: version: &apos;2.53.0&apos;, revision: &apos;35ae25b1534ae328c771e0856c93e187490ca824&apos;, time: &apos;2016-03-15 10:43:46&apos;
System info: host: &apos;ReuelSicatII-LAPTOP&apos;, ip: &apos;192.168.40.144&apos;, os.name: &apos;Windows 10&apos;, os.arch: &apos;amd64&apos;, os.version: &apos;10.0&apos;, java.version: &apos;1.8.0_181&apos;
Driver info: org.openqa.selenium.chrome.ChromeDriver
Capabilities [{applicationCacheEnabled=false, rotatable=false, mobileEmulationEnabled=false, networkConnectionEnabled=false, chrome={chromedriverVersion=2.25.426923 (0390b88869384d6eb0d5d09729679f934aab9eed), userDataDir=C:\Users\REUELS~1\AppData\Local\Temp\scoped_dir93948_25971}, takesHeapSnapshot=true, pageLoadStrategy=normal, databaseEnabled=false, handlesAlerts=true, hasTouchScreen=false, version=53.0.2785.116, platform=XP, browserConnectionEnabled=false, nativeEvents=true, acceptSslCerts=true, locationContextEnabled=true, webStorageEnabled=true, browserName=chrome, takesScreenshot=true, javascriptEnabled=true, cssSelectorsEnabled=true}]
Session ID: 92d136295998e0382b0f0cc7099b83b6" type="org.openqa.selenium.WebDriverException">org.openqa.selenium.WebDriverException: chrome not reachable
  (Session info: chrome=53.0.2785.116)
  (Driver info: chromedriver=2.25.426923 (0390b88869384d6eb0d5d09729679f934aab9eed),platform=Windows NT 10.0.17134 x86_64) (WARNING: The server did not provide any stacktrace information)
Command duration or timeout: 4.05 seconds
Build info: version: &apos;2.53.0&apos;, revision: &apos;35ae25b1534ae328c771e0856c93e187490ca824&apos;, time: &apos;2016-03-15 10:43:46&apos;
System info: host: &apos;ReuelSicatII-LAPTOP&apos;, ip: &apos;192.168.40.144&apos;, os.name: &apos;Windows 10&apos;, os.arch: &apos;amd64&apos;, os.version: &apos;10.0&apos;, java.version: &apos;1.8.0_181&apos;
Driver info: org.openqa.selenium.chrome.ChromeDriver
Capabilities [{applicationCacheEnabled=false, rotatable=false, mobileEmulationEnabled=false, networkConnectionEnabled=false, chrome={chromedriverVersion=2.25.426923 (0390b88869384d6eb0d5d09729679f934aab9eed), userDataDir=C:\Users\REUELS~1\AppData\Local\Temp\scoped_dir93948_25971}, takesHeapSnapshot=true, pageLoadStrategy=normal, databaseEnabled=false, handlesAlerts=true, hasTouchScreen=false, version=53.0.2785.116, platform=XP, browserConnectionEnabled=false, nativeEvents=true, acceptSslCerts=true, locationContextEnabled=true, webStorageEnabled=true, browserName=chrome, takesScreenshot=true, javascriptEnabled=true, cssSelectorsEnabled=true}]
Session ID: 92d136295998e0382b0f0cc7099b83b6
	at sun.reflect.GeneratedConstructorAccessor19.newInstance(Unknown Source)
	at sun.reflect.DelegatingConstructorAccessorImpl.newInstance(DelegatingConstructorAccessorImpl.java:45)
	at java.lang.reflect.Constructor.newInstance(Constructor.java:423)
	at org.openqa.selenium.remote.ErrorHandler.createThrowable(ErrorHandler.java:206)
	at org.openqa.selenium.remote.ErrorHandler.throwIfResponseFailed(ErrorHandler.java:158)
	at org.openqa.selenium.remote.RemoteWebDriver.execute(RemoteWebDriver.java:678)
	at org.openqa.selenium.remote.RemoteWebDriver.execute(RemoteWebDriver.java:701)
	at org.openqa.selenium.remote.RemoteWebDriver$RemoteWebDriverOptions.deleteAllCookies(RemoteWebDriver.java:773)
	at cucumber.Framework.WEBHelper.GetDriverObject(WEBHelper.java:217)
	at cucumber.Framework.SetUp.setup(SetUp.java:50)
	at sun.reflect.GeneratedMethodAccessor33.invoke(Unknown Source)
	at sun.reflect.DelegatingMethodAccessorImpl.invoke(DelegatingMethodAccessorImpl.java:43)
	at java.lang.reflect.Method.invoke(Method.java:498)
	at cucumber.runtime.Utils$1.call(Utils.java:37)
	at cucumber.runtime.Timeout.timeout(Timeout.java:13)
	at cucumber.runtime.Utils.invoke(Utils.java:31)
	at cucumber.runtime.java.JavaHookDefinition.execute(JavaHookDefinition.java:60)
	at cucumber.runtime.Runtime.runHookIfTagsMatch(Runtime.java:223)
	at cucumber.runtime.Runtime.runHooks(Runtime.java:211)
	at cucumber.runtime.Runtime.runBeforeHooks(Runtime.java:201)
	at cucumber.runtime.model.CucumberScenario.run(CucumberScenario.java:40)
	at cucumber.runtime.junit.ExecutionUnitRunner.run(ExecutionUnitRunner.java:91)
	at org.junit.runners.Suite.runChild(Suite.java:127)
	at org.junit.runners.Suite.runChild(Suite.java:26)
	at org.junit.runners.ParentRunner$3.run(ParentRunner.java:238)
	at org.junit.runners.ParentRunner$1.schedule(ParentRunner.java:63)
	at org.junit.runners.ParentRunner.runChildren(ParentRunner.java:236)
	at org.junit.runners.ParentRunner.access$000(ParentRunner.java:53)
	at org.junit.runners.ParentRunner$2.evaluate(ParentRunner.java:229)
	at org.junit.runners.ParentRunner.run(ParentRunner.java:309)
	at cucumber.runtime.junit.ExamplesRunner.run(ExamplesRunner.java:59)
	at org.junit.runners.Suite.runChild(Suite.java:127)
	at org.junit.runners.Suite.runChild(Suite.java:26)
	at org.junit.runners.ParentRunner$3.run(ParentRunner.java:238)
	at org.junit.runners.ParentRunner$1.schedule(ParentRunner.java:63)
	at org.junit.runners.ParentRunner.runChildren(ParentRunner.java:236)
	at org.junit.runners.ParentRunner.access$000(ParentRunner.java:53)
	at org.junit.runners.ParentRunner$2.evaluate(ParentRunner.java:229)
	at org.junit.runners.ParentRunner.run(ParentRunner.java:309)
	at cucumber.runtime.junit.ScenarioOutlineRunner.run(ScenarioOutlineRunner.java:53)
	at cucumber.runtime.junit.FeatureRunner.runChild(FeatureRunner.java:63)
	at cucumber.runtime.junit.FeatureRunner.runChild(FeatureRunner.java:18)
	at org.junit.runners.ParentRunner$3.run(ParentRunner.java:238)
	at org.junit.runners.ParentRunner$1.schedule(ParentRunner.java:63)
	at org.junit.runners.ParentRunner.runChildren(ParentRunner.java:236)
	at org.junit.runners.ParentRunner.access$000(ParentRunner.java:53)
	at org.junit.runners.ParentRunner$2.evaluate(ParentRunner.java:229)
	at org.junit.runners.ParentRunner.run(ParentRunner.java:309)
	at cucumber.runtime.junit.FeatureRunner.run(FeatureRunner.java:70)
	at cucumber.api.junit.Cucumber.runChild(Cucumber.java:93)
	at cucumber.api.junit.Cucumber.runChild(Cucumber.java:37)
	at org.junit.runners.ParentRunner$3.run(ParentRunner.java:238)
	at org.junit.runners.ParentRunner$1.schedule(ParentRunner.java:63)
	at org.junit.runners.ParentRunner.runChildren(ParentRunner.java:236)
	at org.junit.runners.ParentRunner.access$000(ParentRunner.java:53)
	at org.junit.runners.ParentRunner$2.evaluate(ParentRunner.java:229)
	at org.junit.internal.runners.statements.RunBefores.evaluate(RunBefores.java:26)
	at org.junit.internal.runners.statements.RunAfters.evaluate(RunAfters.java:27)
	at org.junit.runners.ParentRunner.run(ParentRunner.java:309)
	at cucumber.api.junit.Cucumber.run(Cucumber.java:98)
	at org.apache.maven.surefire.junit4.JUnit4TestSet.execute(JUnit4TestSet.java:62)
	at org.apache.maven.surefire.suite.AbstractDirectoryTestSuite.executeTestSet(AbstractDirectoryTestSuite.java:140)
	at org.apache.maven.surefire.suite.AbstractDirectoryTestSuite.execute(AbstractDirectoryTestSuite.java:127)
	at org.apache.maven.surefire.Surefire.run(Surefire.java:177)
	at sun.reflect.NativeMethodAccessorImpl.invoke0(Native Method)
	at sun.reflect.NativeMethodAccessorImpl.invoke(NativeMethodAccessorImpl.java:62)
	at sun.reflect.DelegatingMethodAccessorImpl.invoke(DelegatingMethodAccessorImpl.java:43)
	at java.lang.reflect.Method.invoke(Method.java:498)
	at org.apache.maven.surefire.booter.SurefireBooter.runSuitesInProcess(SurefireBooter.java:338)
	at org.apache.maven.surefire.booter.SurefireBooter.main(SurefireBooter.java:997)
</error>
    <system-out>URL link Resopnse Code not 200
Helper - Scenario Name: COMSMOKETEST_TS01
</system-out>
  </testcase>
  <testcase classname="| Website Development | Basic Web Design |" name="Given Im an Account Manager" time="4.161">
    <skipped/>
  </testcase>
  <testcase classname="| Website Development | Basic Web Design |" name="When I navigate to &quot;COMDEV_Login&quot;" time="4.161">
    <skipped/>
  </testcase>
  <testcase classname="| Website Development | Basic Web Design |" name="And I populate COM01_Username with &quot;rv.villanueva@truelogic.com.ph&quot;" time="4.161">
    <skipped/>
  </testcase>
  <testcase classname="| Website Development | Basic Web Design |" name="And I populate COM01_Password with &quot;qwerty&quot;" time="4.161">
    <skipped/>
  </testcase>
  <testcase classname="| Website Development | Basic Web Design |" name="And I click COM01_LogIn button" time="4.161">
    <skipped/>
  </testcase>
  <testcase classname="| Website Development | Basic Web Design |" name="Then Ill see that Ive login successfully" time="4.161">
    <skipped/>
  </testcase>
  <testcase classname="| Website Development | Basic Web Design |" name="When I navigate to &quot;COMDEV_Client&quot;" time="4.161">
    <skipped/>
  </testcase>
  <testcase classname="| Website Development | Basic Web Design |" name="And I click COM02_Campaigns tab" time="4.161">
    <skipped/>
  </testcase>
  <testcase classname="| Website Development | Basic Web Design |" name="And I click COM03_CreateCampaign button" time="4.161">
    <skipped/>
  </testcase>
  <testcase classname="| Website Development | Basic Web Design |" name="And I populate COM04_CampaignName with &quot;www.seleniumhq.org/projects/&quot;" time="4.161">
    <skipped/>
  </testcase>
  <testcase classname="| Website Development | Basic Web Design |" name="And I populate COM04_BrandName with &quot;www.seleniumhq.org/projects/&quot;" time="4.161">
    <skipped/>
  </testcase>
  <testcase classname="| Website Development | Basic Web Design |" name="And I populate COM04_CampaignURL with &quot;http://www.seleniumhq.org/projects/&quot;" time="4.161">
    <skipped/>
  </testcase>
  <testcase classname="| Website Development | Basic Web Design |" name="And I populate COM04_Description textfield with &quot;Test Automation Description&quot;" time="4.161">
    <skipped/>
  </testcase>
  <testcase classname="And I select &quot;IT &amp; Tech (deleted)&quot; over COM04_Category dropdown(| Website Development | Basic Web Design |)" name="And I select &quot;IT &amp; Tech " time="4.161">
    <skipped/>
  </testcase>
  <testcase classname="| Website Development | Basic Web Design |" name="And I populate COM04_ProductandServiceOverview textfield with &quot;Test Automation ProductandServiceOverview&quot;" time="4.161">
    <skipped/>
  </testcase>
  <testcase classname="| Website Development | Basic Web Design |" name="And I click COM04_Submit button" time="4.161">
    <skipped/>
  </testcase>
  <testcase classname="| Website Development | Basic Web Design |" name="Then Ill see campaign successfully created" time="4.161">
    <skipped/>
  </testcase>
  <testcase classname="| Website Development | Basic Web Design |" name="When I navigate to &quot;COMDEV_Client&quot;" time="4.177">
    <skipped/>
  </testcase>
  <testcase classname="| Website Development | Basic Web Design |" name="And I click COM02_Campaigns tab" time="4.177">
    <skipped/>
  </testcase>
  <testcase classname="| Website Development | Basic Web Design |" name="And I click &quot;www.seleniumhq.org/projects/&quot; link" time="4.177">
    <skipped/>
  </testcase>
  <testcase classname="| Website Development | Basic Web Design |" name="And I click COM06_Products tab" time="4.177">
    <skipped/>
  </testcase>
  <testcase classname="| Website Development | Basic Web Design |" name="And I click COM07_OrderAProduct button" time="4.177">
    <skipped/>
  </testcase>
  <testcase classname="| Website Development | Basic Web Design |" name="And I select Website Development over COM07_SelectACategory list" time="4.177">
    <skipped/>
  </testcase>
  <testcase classname="| Website Development | Basic Web Design |" name="And I click Basic Web Design name" time="4.177">
    <skipped/>
  </testcase>
  <testcase classname="| Website Development | Basic Web Design |" name="And I click COM07_AddthisProduct button" time="4.177">
    <skipped/>
  </testcase>
  <testcase classname="| Website Development | Basic Web Design |" name="Then Ill see Basic Web Design successfully added" time="4.177">
    <skipped/>
  </testcase>
  <testcase classname="| Website Development | Basic Web Design |" name="When I navigate to &quot;COMDEV_Client&quot;" time="4.177">
    <skipped/>
  </testcase>
  <testcase classname="| Website Development | Basic Web Design |" name="And I click COM02_Campaigns tab" time="4.177">
    <skipped/>
  </testcase>
  <testcase classname="| Website Development | Basic Web Design |" name="And I click &quot;www.seleniumhq.org/projects/&quot; link" time="4.177">
    <skipped/>
  </testcase>
  <testcase classname="| Website Development | Basic Web Design |" name="And I click COM06_Products tab" time="4.177">
    <skipped/>
  </testcase>
  <testcase classname="| Website Development | Basic Web Design |" name="And I click the COM07_Basic Web Design link" time="4.177">
    <skipped/>
  </testcase>
  <testcase classname="| Website Development | Basic Web Design |" name="And I click COM07_Invoice link" time="4.177">
    <skipped/>
  </testcase>
  <testcase classname="| Website Development | Basic Web Design |" name="And I click COM05_Payments tab" time="4.177">
    <skipped/>
  </testcase>
  <testcase classname="| Website Development | Basic Web Design |" name="And I click COM05_AddNewPayment button" time="4.177">
    <skipped/>
  </testcase>
  <testcase classname="| Website Development | Basic Web Design |" name="And I populate COM05_AmountPaid with &quot;399.00&quot;" time="4.177">
    <skipped/>
  </testcase>
  <testcase classname="| Website Development | Basic Web Design |" name="And I select &quot;Cash&quot; over COM05_Type dropdown" time="4.177">
    <skipped/>
  </testcase>
  <testcase classname="| Website Development | Basic Web Design |" name="And I populate COM05_ReferenceNumber with &quot;12345&quot;" time="4.177">
    <skipped/>
  </testcase>
  <testcase classname="| Website Development | Basic Web Design |" name="And I click COM05_No_DoYouWantToSendOpsANotification button" time="4.177">
    <skipped/>
  </testcase>
  <testcase classname="| Website Development | Basic Web Design |" name="And I click COM05_No_UseCredit button" time="4.177">
    <skipped/>
  </testcase>
  <testcase classname="| Website Development | Basic Web Design |" name="And I click COM05_No_DoyouWantToSendTheClientANotification button" time="4.177">
    <skipped/>
  </testcase>
  <testcase classname="| Website Development | Basic Web Design |" name="And I click COM05_Submit button" time="4.177">
    <skipped/>
  </testcase>
  <testcase classname="| Website Development | Basic Web Design |" name="Then Ill see Basic Web Design successfully paid" time="4.177">
    <skipped/>
  </testcase>
  <testcase classname="| Website Development | Basic Web Design |" name="When I navigate to &quot;COMDEV_Client&quot;" time="4.177">
    <skipped/>
  </testcase>
  <testcase classname="| Website Development | Basic Web Design |" name="And I click COM02_Campaigns tab" time="4.177">
    <skipped/>
  </testcase>
  <testcase classname="| Website Development | Basic Web Design |" name="And I click &quot;www.seleniumhq.org/projects/&quot; link" time="4.177">
    <skipped/>
  </testcase>
  <testcase classname="| Website Development | Basic Web Design |" name="And I hover COM06_ProjectManagement tab" time="4.177">
    <skipped/>
  </testcase>
  <testcase classname="| Website Development | Basic Web Design |" name="And I click COM06_Project dropdown" time="4.177">
    <skipped/>
  </testcase>
  <testcase classname="| Website Development | Basic Web Design |" name="And I click COM08_AddAProject button" time="4.177">
    <skipped/>
  </testcase>
  <testcase classname="| Website Development | Basic Web Design |" name="And I populate COM08_NameTheProject textfield with &quot;TestAutomation - BasicWebDesign&quot;" time="4.177">
    <skipped/>
  </testcase>
  <testcase classname="| Website Development | Basic Web Design |" name="And I select Basic Web Design over COM08_SelectAProduct dropdown" time="4.177">
    <skipped/>
  </testcase>
  <testcase classname="| Website Development | Basic Web Design |" name="And I click COM08_SaveProject button" time="4.177">
    <skipped/>
  </testcase>
  <testcase classname="| Website Development | Basic Web Design |" name="Then I see the product associated with the project" time="4.177">
    <skipped/>
  </testcase>
  <testcase classname="| Website Development | Basic Web Design |" name="When I navigate to &quot;COMDEV_Client&quot;" time="4.177">
    <skipped/>
  </testcase>
  <testcase classname="| Website Development | Basic Web Design |" name="And I click COM02_Campaigns tab" time="4.177">
    <skipped/>
  </testcase>
  <testcase classname="| Website Development | Basic Web Design |" name="And I click &quot;www.seleniumhq.org/projects/&quot; link" time="4.177">
    <skipped/>
  </testcase>
  <testcase classname="| Website Development | Basic Web Design |" name="And I click COM06_Products tab" time="4.177">
    <skipped/>
  </testcase>
  <testcase classname="| Website Development | Basic Web Design |" name="And I click the COM07_Basic Web Design link" time="4.177">
    <skipped/>
  </testcase>
  <testcase classname="| Website Development | Basic Web Design |" name="And I click the COM07_Edit button" time="4.177">
    <skipped/>
  </testcase>
  <testcase classname="| Website Development | Basic Web Design |" name="And I select &quot;Active&quot; over COM07_ProductStatus dropdown" time="4.177">
    <skipped/>
  </testcase>
  <testcase classname="| Website Development | Basic Web Design |" name="And I click COM07_Save button" time="4.177">
    <skipped/>
  </testcase>
  <testcase classname="| Website Development | Basic Web Design |" name="Then Ill see Basic Web Design activated" time="4.177">
    <skipped/>
  </testcase>
  <testcase classname="| Website Development | Basic Web Design |" name="When I navigate to &quot;COMDEV_Deployment&quot;" time="4.177">
    <skipped/>
  </testcase>
  <testcase classname="| Website Development | Basic Web Design |" name="And I populate COM09_Campaign textfield with &quot;www.seleniumhq.org/projects/&quot;" time="4.177">
    <skipped/>
  </testcase>
  <testcase classname="| Website Development | Basic Web Design |" name="And I click COM09_Deployment button" time="4.177">
    <skipped/>
  </testcase>
  <testcase classname="| Website Development | Basic Web Design |" name="And I populate COM10_MonthNo with &quot;1&quot;" time="4.177">
    <skipped/>
  </testcase>
  <testcase classname="| Website Development | Basic Web Design |" name="And I click COM10_Deploy button" time="4.177">
    <skipped/>
  </testcase>
  <testcase classname="| Website Development | Basic Web Design |" name="And I click COM10_Yes button" time="4.177">
    <skipped/>
  </testcase>
  <testcase classname="| Website Development | Basic Web Design |" name="Then Ill see Basic Web Design is deployed over COMDEV_Deployment" time="4.177">
    <skipped/>
  </testcase>
  <testcase classname="| Website Development | Basic Web Design |" name="And Ill see Basic Web Design task correctly deployed" time="4.193">
    <skipped/>
  </testcase>
  <testcase classname="| Website Development | Basic Web Design |" name="When I navigate to &quot;COMDEV_Logout&quot;" time="4.193">
    <skipped/>
  </testcase>
  <testcase classname="| Website Development | Basic Web Design |" name="Then Ill see that Ive logout successfully" time="4.193">
    <skipped/>
  </testcase>
  <testcase classname="| Website Development | Basic Web Design |" name="| Website Development | Basic Web Design |" time="8.254">
    <error message="chrome not reachable
  (Session info: chrome=53.0.2785.116)
  (Driver info: chromedriver=2.25.426923 (0390b88869384d6eb0d5d09729679f934aab9eed),platform=Windows NT 10.0.17134 x86_64) (WARNING: The server did not provide any stacktrace information)
Command duration or timeout: 4.06 seconds
Build info: version: &apos;2.53.0&apos;, revision: &apos;35ae25b1534ae328c771e0856c93e187490ca824&apos;, time: &apos;2016-03-15 10:43:46&apos;
System info: host: &apos;ReuelSicatII-LAPTOP&apos;, ip: &apos;192.168.40.144&apos;, os.name: &apos;Windows 10&apos;, os.arch: &apos;amd64&apos;, os.version: &apos;10.0&apos;, java.version: &apos;1.8.0_181&apos;
Driver info: org.openqa.selenium.chrome.ChromeDriver
Capabilities [{applicationCacheEnabled=false, rotatable=false, mobileEmulationEnabled=false, networkConnectionEnabled=false, chrome={chromedriverVersion=2.25.426923 (0390b88869384d6eb0d5d09729679f934aab9eed), userDataDir=C:\Users\REUELS~1\AppData\Local\Temp\scoped_dir93948_25971}, takesHeapSnapshot=true, pageLoadStrategy=normal, databaseEnabled=false, handlesAlerts=true, hasTouchScreen=false, version=53.0.2785.116, platform=XP, browserConnectionEnabled=false, nativeEvents=true, acceptSslCerts=true, locationContextEnabled=true, webStorageEnabled=true, browserName=chrome, takesScreenshot=true, javascriptEnabled=true, cssSelectorsEnabled=true}]
Session ID: 92d136295998e0382b0f0cc7099b83b6" type="org.openqa.selenium.WebDriverException">org.openqa.selenium.WebDriverException: chrome not reachable
  (Session info: chrome=53.0.2785.116)
  (Driver info: chromedriver=2.25.426923 (0390b88869384d6eb0d5d09729679f934aab9eed),platform=Windows NT 10.0.17134 x86_64) (WARNING: The server did not provide any stacktrace information)
Command duration or timeout: 4.06 seconds
Build info: version: &apos;2.53.0&apos;, revision: &apos;35ae25b1534ae328c771e0856c93e187490ca824&apos;, time: &apos;2016-03-15 10:43:46&apos;
System info: host: &apos;ReuelSicatII-LAPTOP&apos;, ip: &apos;192.168.40.144&apos;, os.name: &apos;Windows 10&apos;, os.arch: &apos;amd64&apos;, os.version: &apos;10.0&apos;, java.version: &apos;1.8.0_181&apos;
Driver info: org.openqa.selenium.chrome.ChromeDriver
Capabilities [{applicationCacheEnabled=false, rotatable=false, mobileEmulationEnabled=false, networkConnectionEnabled=false, chrome={chromedriverVersion=2.25.426923 (0390b88869384d6eb0d5d09729679f934aab9eed), userDataDir=C:\Users\REUELS~1\AppData\Local\Temp\scoped_dir93948_25971}, takesHeapSnapshot=true, pageLoadStrategy=normal, databaseEnabled=false, handlesAlerts=true, hasTouchScreen=false, version=53.0.2785.116, platform=XP, browserConnectionEnabled=false, nativeEvents=true, acceptSslCerts=true, locationContextEnabled=true, webStorageEnabled=true, browserName=chrome, takesScreenshot=true, javascriptEnabled=true, cssSelectorsEnabled=true}]
Session ID: 92d136295998e0382b0f0cc7099b83b6
	at sun.reflect.GeneratedConstructorAccessor19.newInstance(Unknown Source)
	at sun.reflect.DelegatingConstructorAccessorImpl.newInstance(DelegatingConstructorAccessorImpl.java:45)
	at java.lang.reflect.Constructor.newInstance(Constructor.java:423)
	at org.openqa.selenium.remote.ErrorHandler.createThrowable(ErrorHandler.java:206)
	at org.openqa.selenium.remote.ErrorHandler.throwIfResponseFailed(ErrorHandler.java:158)
	at org.openqa.selenium.remote.RemoteWebDriver.execute(RemoteWebDriver.java:678)
	at org.openqa.selenium.remote.RemoteWebDriver.execute(RemoteWebDriver.java:701)
	at org.openqa.selenium.remote.RemoteWebDriver.getScreenshotAs(RemoteWebDriver.java:335)
	at cucumber.Framework.TearDown.teardown(TearDown.java:33)
	at sun.reflect.GeneratedMethodAccessor36.invoke(Unknown Source)
	at sun.reflect.DelegatingMethodAccessorImpl.invoke(DelegatingMethodAccessorImpl.java:43)
	at java.lang.reflect.Method.invoke(Method.java:498)
	at cucumber.runtime.Utils$1.call(Utils.java:37)
	at cucumber.runtime.Timeout.timeout(Timeout.java:13)
	at cucumber.runtime.Utils.invoke(Utils.java:31)
	at cucumber.runtime.java.JavaHookDefinition.execute(JavaHookDefinition.java:60)
	at cucumber.runtime.Runtime.runHookIfTagsMatch(Runtime.java:223)
	at cucumber.runtime.Runtime.runHooks(Runtime.java:211)
	at cucumber.runtime.Runtime.runAfterHooks(Runtime.java:205)
	at cucumber.runtime.model.CucumberScenario.run(CucumberScenario.java:46)
	at cucumber.runtime.junit.ExecutionUnitRunner.run(ExecutionUnitRunner.java:91)
	at org.junit.runners.Suite.runChild(Suite.java:127)
	at org.junit.runners.Suite.runChild(Suite.java:26)
	at org.junit.runners.ParentRunner$3.run(ParentRunner.java:238)
	at org.junit.runners.ParentRunner$1.schedule(ParentRunner.java:63)
	at org.junit.runners.ParentRunner.runChildren(ParentRunner.java:236)
	at org.junit.runners.ParentRunner.access$000(ParentRunner.java:53)
	at org.junit.runners.ParentRunner$2.evaluate(ParentRunner.java:229)
	at org.junit.runners.ParentRunner.run(ParentRunner.java:309)
	at cucumber.runtime.junit.ExamplesRunner.run(ExamplesRunner.java:59)
	at org.junit.runners.Suite.runChild(Suite.java:127)
	at org.junit.runners.Suite.runChild(Suite.java:26)
	at org.junit.runners.ParentRunner$3.run(ParentRunner.java:238)
	at org.junit.runners.ParentRunner$1.schedule(ParentRunner.java:63)
	at org.junit.runners.ParentRunner.runChildren(ParentRunner.java:236)
	at org.junit.runners.ParentRunner.access$000(ParentRunner.java:53)
	at org.junit.runners.ParentRunner$2.evaluate(ParentRunner.java:229)
	at org.junit.runners.ParentRunner.run(ParentRunner.java:309)
	at cucumber.runtime.junit.ScenarioOutlineRunner.run(ScenarioOutlineRunner.java:53)
	at cucumber.runtime.junit.FeatureRunner.runChild(FeatureRunner.java:63)
	at cucumber.runtime.junit.FeatureRunner.runChild(FeatureRunner.java:18)
	at org.junit.runners.ParentRunner$3.run(ParentRunner.java:238)
	at org.junit.runners.ParentRunner$1.schedule(ParentRunner.java:63)
	at org.junit.runners.ParentRunner.runChildren(ParentRunner.java:236)
	at org.junit.runners.ParentRunner.access$000(ParentRunner.java:53)
	at org.junit.runners.ParentRunner$2.evaluate(ParentRunner.java:229)
	at org.junit.runners.ParentRunner.run(ParentRunner.java:309)
	at cucumber.runtime.junit.FeatureRunner.run(FeatureRunner.java:70)
	at cucumber.api.junit.Cucumber.runChild(Cucumber.java:93)
	at cucumber.api.junit.Cucumber.runChild(Cucumber.java:37)
	at org.junit.runners.ParentRunner$3.run(ParentRunner.java:238)
	at org.junit.runners.ParentRunner$1.schedule(ParentRunner.java:63)
	at org.junit.runners.ParentRunner.runChildren(ParentRunner.java:236)
	at org.junit.runners.ParentRunner.access$000(ParentRunner.java:53)
	at org.junit.runners.ParentRunner$2.evaluate(ParentRunner.java:229)
	at org.junit.internal.runners.statements.RunBefores.evaluate(RunBefores.java:26)
	at org.junit.internal.runners.statements.RunAfters.evaluate(RunAfters.java:27)
	at org.junit.runners.ParentRunner.run(ParentRunner.java:309)
	at cucumber.api.junit.Cucumber.run(Cucumber.java:98)
	at org.apache.maven.surefire.junit4.JUnit4TestSet.execute(JUnit4TestSet.java:62)
	at org.apache.maven.surefire.suite.AbstractDirectoryTestSuite.executeTestSet(AbstractDirectoryTestSuite.java:140)
	at org.apache.maven.surefire.suite.AbstractDirectoryTestSuite.execute(AbstractDirectoryTestSuite.java:127)
	at org.apache.maven.surefire.Surefire.run(Surefire.java:177)
	at sun.reflect.NativeMethodAccessorImpl.invoke0(Native Method)
	at sun.reflect.NativeMethodAccessorImpl.invoke(NativeMethodAccessorImpl.java:62)
	at sun.reflect.DelegatingMethodAccessorImpl.invoke(DelegatingMethodAccessorImpl.java:43)
	at java.lang.reflect.Method.invoke(Method.java:498)
	at org.apache.maven.surefire.booter.SurefireBooter.runSuitesInProcess(SurefireBooter.java:338)
	at org.apache.maven.surefire.booter.SurefireBooter.main(SurefireBooter.java:997)
</error>
    <system-out>URL link Resopnse Code not 200
Helper - Scenario Name: COMSMOKETEST_TS01
</system-out>
  </testcase>
  <testcase classname="| Website Development | Basic Web Design |" name="| Website Development | Basic Web Design |" time="8.254">
    <skipped/>
  </testcase>
  <testcase classname="| SEO Services | Advanced SEO Site Consultation |" name="| SEO Services | Advanced SEO Site Consultation |" time="4.114">
    <error message="chrome not reachable
  (Session info: chrome=53.0.2785.116)
  (Driver info: chromedriver=2.25.426923 (0390b88869384d6eb0d5d09729679f934aab9eed),platform=Windows NT 10.0.17134 x86_64) (WARNING: The server did not provide any stacktrace information)
Command duration or timeout: 4.04 seconds
Build info: version: &apos;2.53.0&apos;, revision: &apos;35ae25b1534ae328c771e0856c93e187490ca824&apos;, time: &apos;2016-03-15 10:43:46&apos;
System info: host: &apos;ReuelSicatII-LAPTOP&apos;, ip: &apos;192.168.40.144&apos;, os.name: &apos;Windows 10&apos;, os.arch: &apos;amd64&apos;, os.version: &apos;10.0&apos;, java.version: &apos;1.8.0_181&apos;
Driver info: org.openqa.selenium.chrome.ChromeDriver
Capabilities [{applicationCacheEnabled=false, rotatable=false, mobileEmulationEnabled=false, networkConnectionEnabled=false, chrome={chromedriverVersion=2.25.426923 (0390b88869384d6eb0d5d09729679f934aab9eed), userDataDir=C:\Users\REUELS~1\AppData\Local\Temp\scoped_dir93948_25971}, takesHeapSnapshot=true, pageLoadStrategy=normal, databaseEnabled=false, handlesAlerts=true, hasTouchScreen=false, version=53.0.2785.116, platform=XP, browserConnectionEnabled=false, nativeEvents=true, acceptSslCerts=true, locationContextEnabled=true, webStorageEnabled=true, browserName=chrome, takesScreenshot=true, javascriptEnabled=true, cssSelectorsEnabled=true}]
Session ID: 92d136295998e0382b0f0cc7099b83b6" type="org.openqa.selenium.WebDriverException">org.openqa.selenium.WebDriverException: chrome not reachable
  (Session info: chrome=53.0.2785.116)
  (Driver info: chromedriver=2.25.426923 (0390b88869384d6eb0d5d09729679f934aab9eed),platform=Windows NT 10.0.17134 x86_64) (WARNING: The server did not provide any stacktrace information)
Command duration or timeout: 4.04 seconds
Build info: version: &apos;2.53.0&apos;, revision: &apos;35ae25b1534ae328c771e0856c93e187490ca824&apos;, time: &apos;2016-03-15 10:43:46&apos;
System info: host: &apos;ReuelSicatII-LAPTOP&apos;, ip: &apos;192.168.40.144&apos;, os.name: &apos;Windows 10&apos;, os.arch: &apos;amd64&apos;, os.version: &apos;10.0&apos;, java.version: &apos;1.8.0_181&apos;
Driver info: org.openqa.selenium.chrome.ChromeDriver
Capabilities [{applicationCacheEnabled=false, rotatable=false, mobileEmulationEnabled=false, networkConnectionEnabled=false, chrome={chromedriverVersion=2.25.426923 (0390b88869384d6eb0d5d09729679f934aab9eed), userDataDir=C:\Users\REUELS~1\AppData\Local\Temp\scoped_dir93948_25971}, takesHeapSnapshot=true, pageLoadStrategy=normal, databaseEnabled=false, handlesAlerts=true, hasTouchScreen=false, version=53.0.2785.116, platform=XP, browserConnectionEnabled=false, nativeEvents=true, acceptSslCerts=true, locationContextEnabled=true, webStorageEnabled=true, browserName=chrome, takesScreenshot=true, javascriptEnabled=true, cssSelectorsEnabled=true}]
Session ID: 92d136295998e0382b0f0cc7099b83b6
	at sun.reflect.GeneratedConstructorAccessor19.newInstance(Unknown Source)
	at sun.reflect.DelegatingConstructorAccessorImpl.newInstance(DelegatingConstructorAccessorImpl.java:45)
	at java.lang.reflect.Constructor.newInstance(Constructor.java:423)
	at org.openqa.selenium.remote.ErrorHandler.createThrowable(ErrorHandler.java:206)
	at org.openqa.selenium.remote.ErrorHandler.throwIfResponseFailed(ErrorHandler.java:158)
	at org.openqa.selenium.remote.RemoteWebDriver.execute(RemoteWebDriver.java:678)
	at org.openqa.selenium.remote.RemoteWebDriver.execute(RemoteWebDriver.java:701)
	at org.openqa.selenium.remote.RemoteWebDriver$RemoteWebDriverOptions.deleteAllCookies(RemoteWebDriver.java:773)
	at cucumber.Framework.WEBHelper.GetDriverObject(WEBHelper.java:217)
	at cucumber.Framework.SetUp.setup(SetUp.java:50)
	at sun.reflect.GeneratedMethodAccessor33.invoke(Unknown Source)
	at sun.reflect.DelegatingMethodAccessorImpl.invoke(DelegatingMethodAccessorImpl.java:43)
	at java.lang.reflect.Method.invoke(Method.java:498)
	at cucumber.runtime.Utils$1.call(Utils.java:37)
	at cucumber.runtime.Timeout.timeout(Timeout.java:13)
	at cucumber.runtime.Utils.invoke(Utils.java:31)
	at cucumber.runtime.java.JavaHookDefinition.execute(JavaHookDefinition.java:60)
	at cucumber.runtime.Runtime.runHookIfTagsMatch(Runtime.java:223)
	at cucumber.runtime.Runtime.runHooks(Runtime.java:211)
	at cucumber.runtime.Runtime.runBeforeHooks(Runtime.java:201)
	at cucumber.runtime.model.CucumberScenario.run(CucumberScenario.java:40)
	at cucumber.runtime.junit.ExecutionUnitRunner.run(ExecutionUnitRunner.java:91)
	at org.junit.runners.Suite.runChild(Suite.java:127)
	at org.junit.runners.Suite.runChild(Suite.java:26)
	at org.junit.runners.ParentRunner$3.run(ParentRunner.java:238)
	at org.junit.runners.ParentRunner$1.schedule(ParentRunner.java:63)
	at org.junit.runners.ParentRunner.runChildren(ParentRunner.java:236)
	at org.junit.runners.ParentRunner.access$000(ParentRunner.java:53)
	at org.junit.runners.ParentRunner$2.evaluate(ParentRunner.java:229)
	at org.junit.runners.ParentRunner.run(ParentRunner.java:309)
	at cucumber.runtime.junit.ExamplesRunner.run(ExamplesRunner.java:59)
	at org.junit.runners.Suite.runChild(Suite.java:127)
	at org.junit.runners.Suite.runChild(Suite.java:26)
	at org.junit.runners.ParentRunner$3.run(ParentRunner.java:238)
	at org.junit.runners.ParentRunner$1.schedule(ParentRunner.java:63)
	at org.junit.runners.ParentRunner.runChildren(ParentRunner.java:236)
	at org.junit.runners.ParentRunner.access$000(ParentRunner.java:53)
	at org.junit.runners.ParentRunner$2.evaluate(ParentRunner.java:229)
	at org.junit.runners.ParentRunner.run(ParentRunner.java:309)
	at cucumber.runtime.junit.ScenarioOutlineRunner.run(ScenarioOutlineRunner.java:53)
	at cucumber.runtime.junit.FeatureRunner.runChild(FeatureRunner.java:63)
	at cucumber.runtime.junit.FeatureRunner.runChild(FeatureRunner.java:18)
	at org.junit.runners.ParentRunner$3.run(ParentRunner.java:238)
	at org.junit.runners.ParentRunner$1.schedule(ParentRunner.java:63)
	at org.junit.runners.ParentRunner.runChildren(ParentRunner.java:236)
	at org.junit.runners.ParentRunner.access$000(ParentRunner.java:53)
	at org.junit.runners.ParentRunner$2.evaluate(ParentRunner.java:229)
	at org.junit.runners.ParentRunner.run(ParentRunner.java:309)
	at cucumber.runtime.junit.FeatureRunner.run(FeatureRunner.java:70)
	at cucumber.api.junit.Cucumber.runChild(Cucumber.java:93)
	at cucumber.api.junit.Cucumber.runChild(Cucumber.java:37)
	at org.junit.runners.ParentRunner$3.run(ParentRunner.java:238)
	at org.junit.runners.ParentRunner$1.schedule(ParentRunner.java:63)
	at org.junit.runners.ParentRunner.runChildren(ParentRunner.java:236)
	at org.junit.runners.ParentRunner.access$000(ParentRunner.java:53)
	at org.junit.runners.ParentRunner$2.evaluate(ParentRunner.java:229)
	at org.junit.internal.runners.statements.RunBefores.evaluate(RunBefores.java:26)
	at org.junit.internal.runners.statements.RunAfters.evaluate(RunAfters.java:27)
	at org.junit.runners.ParentRunner.run(ParentRunner.java:309)
	at cucumber.api.junit.Cucumber.run(Cucumber.java:98)
	at org.apache.maven.surefire.junit4.JUnit4TestSet.execute(JUnit4TestSet.java:62)
	at org.apache.maven.surefire.suite.AbstractDirectoryTestSuite.executeTestSet(AbstractDirectoryTestSuite.java:140)
	at org.apache.maven.surefire.suite.AbstractDirectoryTestSuite.execute(AbstractDirectoryTestSuite.java:127)
	at org.apache.maven.surefire.Surefire.run(Surefire.java:177)
	at sun.reflect.NativeMethodAccessorImpl.invoke0(Native Method)
	at sun.reflect.NativeMethodAccessorImpl.invoke(NativeMethodAccessorImpl.java:62)
	at sun.reflect.DelegatingMethodAccessorImpl.invoke(DelegatingMethodAccessorImpl.java:43)
	at java.lang.reflect.Method.invoke(Method.java:498)
	at org.apache.maven.surefire.booter.SurefireBooter.runSuitesInProcess(SurefireBooter.java:338)
	at org.apache.maven.surefire.booter.SurefireBooter.main(SurefireBooter.java:997)
</error>
    <system-out>URL link Resopnse Code not 200
Helper - Scenario Name: COMSMOKETEST_TS01
</system-out>
  </testcase>
  <testcase classname="| SEO Services | Advanced SEO Site Consultation |" name="Given Im an Account Manager" time="4.129">
    <skipped/>
  </testcase>
  <testcase classname="| SEO Services | Advanced SEO Site Consultation |" name="When I navigate to &quot;COMDEV_Login&quot;" time="4.129">
    <skipped/>
  </testcase>
  <testcase classname="| SEO Services | Advanced SEO Site Consultation |" name="And I populate COM01_Username with &quot;rv.villanueva@truelogic.com.ph&quot;" time="4.13">
    <skipped/>
  </testcase>
  <testcase classname="| SEO Services | Advanced SEO Site Consultation |" name="And I populate COM01_Password with &quot;qwerty&quot;" time="4.13">
    <skipped/>
  </testcase>
  <testcase classname="| SEO Services | Advanced SEO Site Consultation |" name="And I click COM01_LogIn button" time="4.13">
    <skipped/>
  </testcase>
  <testcase classname="| SEO Services | Advanced SEO Site Consultation |" name="Then Ill see that Ive login successfully" time="4.131">
    <skipped/>
  </testcase>
  <testcase classname="| SEO Services | Advanced SEO Site Consultation |" name="When I navigate to &quot;COMDEV_Client&quot;" time="4.131">
    <skipped/>
  </testcase>
  <testcase classname="| SEO Services | Advanced SEO Site Consultation |" name="And I click COM02_Campaigns tab" time="4.131">
    <skipped/>
  </testcase>
  <testcase classname="| SEO Services | Advanced SEO Site Consultation |" name="And I click COM03_CreateCampaign button" time="4.132">
    <skipped/>
  </testcase>
  <testcase classname="| SEO Services | Advanced SEO Site Consultation |" name="And I populate COM04_CampaignName with &quot;www.seleniumhq.org/projects/&quot;" time="4.132">
    <skipped/>
  </testcase>
  <testcase classname="| SEO Services | Advanced SEO Site Consultation |" name="And I populate COM04_BrandName with &quot;www.seleniumhq.org/projects/&quot;" time="4.132">
    <skipped/>
  </testcase>
  <testcase classname="| SEO Services | Advanced SEO Site Consultation |" name="And I populate COM04_CampaignURL with &quot;http://www.seleniumhq.org/projects/&quot;" time="4.133">
    <skipped/>
  </testcase>
  <testcase classname="| SEO Services | Advanced SEO Site Consultation |" name="And I populate COM04_Description textfield with &quot;Test Automation Description&quot;" time="4.142">
    <skipped/>
  </testcase>
  <testcase classname="And I select &quot;IT &amp; Tech (deleted)&quot; over COM04_Category dropdown(| SEO Services | Advanced SEO Site Consultation |)" name="And I select &quot;IT &amp; Tech " time="4.143">
    <skipped/>
  </testcase>
  <testcase classname="| SEO Services | Advanced SEO Site Consultation |" name="And I populate COM04_ProductandServiceOverview textfield with &quot;Test Automation ProductandServiceOverview&quot;" time="4.144">
    <skipped/>
  </testcase>
  <testcase classname="| SEO Services | Advanced SEO Site Consultation |" name="And I click COM04_Submit button" time="4.144">
    <skipped/>
  </testcase>
  <testcase classname="| SEO Services | Advanced SEO Site Consultation |" name="Then Ill see campaign successfully created" time="4.144">
    <skipped/>
  </testcase>
  <testcase classname="| SEO Services | Advanced SEO Site Consultation |" name="When I navigate to &quot;COMDEV_Client&quot;" time="4.145">
    <skipped/>
  </testcase>
  <testcase classname="| SEO Services | Advanced SEO Site Consultation |" name="And I click COM02_Campaigns tab" time="4.146">
    <skipped/>
  </testcase>
  <testcase classname="| SEO Services | Advanced SEO Site Consultation |" name="And I click &quot;www.seleniumhq.org/projects/&quot; link" time="4.147">
    <skipped/>
  </testcase>
  <testcase classname="| SEO Services | Advanced SEO Site Consultation |" name="And I click COM06_Products tab" time="4.147">
    <skipped/>
  </testcase>
  <testcase classname="| SEO Services | Advanced SEO Site Consultation |" name="And I click COM07_OrderAProduct button" time="4.147">
    <skipped/>
  </testcase>
  <testcase classname="| SEO Services | Advanced SEO Site Consultation |" name="And I select SEO Services over COM07_SelectACategory list" time="4.147">
    <skipped/>
  </testcase>
  <testcase classname="| SEO Services | Advanced SEO Site Consultation |" name="And I click Advanced SEO Site Consultation name" time="4.147">
    <skipped/>
  </testcase>
  <testcase classname="| SEO Services | Advanced SEO Site Consultation |" name="And I click COM07_AddthisProduct button" time="4.147">
    <skipped/>
  </testcase>
  <testcase classname="| SEO Services | Advanced SEO Site Consultation |" name="Then Ill see Advanced SEO Site Consultation successfully added" time="4.148">
    <skipped/>
  </testcase>
  <testcase classname="| SEO Services | Advanced SEO Site Consultation |" name="When I navigate to &quot;COMDEV_Client&quot;" time="4.148">
    <skipped/>
  </testcase>
  <testcase classname="| SEO Services | Advanced SEO Site Consultation |" name="And I click COM02_Campaigns tab" time="4.148">
    <skipped/>
  </testcase>
  <testcase classname="| SEO Services | Advanced SEO Site Consultation |" name="And I click &quot;www.seleniumhq.org/projects/&quot; link" time="4.148">
    <skipped/>
  </testcase>
  <testcase classname="| SEO Services | Advanced SEO Site Consultation |" name="And I click COM06_Products tab" time="4.148">
    <skipped/>
  </testcase>
  <testcase classname="| SEO Services | Advanced SEO Site Consultation |" name="And I click the COM07_Advanced SEO Site Consultation link" time="4.148">
    <skipped/>
  </testcase>
  <testcase classname="| SEO Services | Advanced SEO Site Consultation |" name="And I click COM07_Invoice link" time="4.148">
    <skipped/>
  </testcase>
  <testcase classname="| SEO Services | Advanced SEO Site Consultation |" name="And I click COM05_Payments tab" time="4.149">
    <skipped/>
  </testcase>
  <testcase classname="| SEO Services | Advanced SEO Site Consultation |" name="And I click COM05_AddNewPayment button" time="4.149">
    <skipped/>
  </testcase>
  <testcase classname="| SEO Services | Advanced SEO Site Consultation |" name="And I populate COM05_AmountPaid with &quot;399.00&quot;" time="4.149">
    <skipped/>
  </testcase>
  <testcase classname="| SEO Services | Advanced SEO Site Consultation |" name="And I select &quot;Cash&quot; over COM05_Type dropdown" time="4.149">
    <skipped/>
  </testcase>
  <testcase classname="| SEO Services | Advanced SEO Site Consultation |" name="And I populate COM05_ReferenceNumber with &quot;12345&quot;" time="4.149">
    <skipped/>
  </testcase>
  <testcase classname="| SEO Services | Advanced SEO Site Consultation |" name="And I click COM05_No_DoYouWantToSendOpsANotification button" time="4.149">
    <skipped/>
  </testcase>
  <testcase classname="| SEO Services | Advanced SEO Site Consultation |" name="And I click COM05_No_UseCredit button" time="4.149">
    <skipped/>
  </testcase>
  <testcase classname="| SEO Services | Advanced SEO Site Consultation |" name="And I click COM05_No_DoyouWantToSendTheClientANotification button" time="4.15">
    <skipped/>
  </testcase>
  <testcase classname="| SEO Services | Advanced SEO Site Consultation |" name="And I click COM05_Submit button" time="4.15">
    <skipped/>
  </testcase>
  <testcase classname="| SEO Services | Advanced SEO Site Consultation |" name="Then Ill see Advanced SEO Site Consultation successfully paid" time="4.15">
    <skipped/>
  </testcase>
  <testcase classname="| SEO Services | Advanced SEO Site Consultation |" name="When I navigate to &quot;COMDEV_Client&quot;" time="4.15">
    <skipped/>
  </testcase>
  <testcase classname="| SEO Services | Advanced SEO Site Consultation |" name="And I click COM02_Campaigns tab" time="4.15">
    <skipped/>
  </testcase>
  <testcase classname="| SEO Services | Advanced SEO Site Consultation |" name="And I click &quot;www.seleniumhq.org/projects/&quot; link" time="4.15">
    <skipped/>
  </testcase>
  <testcase classname="| SEO Services | Advanced SEO Site Consultation |" name="And I hover COM06_ProjectManagement tab" time="4.15">
    <skipped/>
  </testcase>
  <testcase classname="| SEO Services | Advanced SEO Site Consultation |" name="And I click COM06_Project dropdown" time="4.151">
    <skipped/>
  </testcase>
  <testcase classname="| SEO Services | Advanced SEO Site Consultation |" name="And I click COM08_AddAProject button" time="4.151">
    <skipped/>
  </testcase>
  <testcase classname="| SEO Services | Advanced SEO Site Consultation |" name="And I populate COM08_NameTheProject textfield with &quot;TestAutomation - BasicWebDesign&quot;" time="4.151">
    <skipped/>
  </testcase>
  <testcase classname="| SEO Services | Advanced SEO Site Consultation |" name="And I select Advanced SEO Site Consultation over COM08_SelectAProduct dropdown" time="4.151">
    <skipped/>
  </testcase>
  <testcase classname="| SEO Services | Advanced SEO Site Consultation |" name="And I click COM08_SaveProject button" time="4.151">
    <skipped/>
  </testcase>
  <testcase classname="| SEO Services | Advanced SEO Site Consultation |" name="Then I see the product associated with the project" time="4.151">
    <skipped/>
  </testcase>
  <testcase classname="| SEO Services | Advanced SEO Site Consultation |" name="When I navigate to &quot;COMDEV_Client&quot;" time="4.151">
    <skipped/>
  </testcase>
  <testcase classname="| SEO Services | Advanced SEO Site Consultation |" name="And I click COM02_Campaigns tab" time="4.151">
    <skipped/>
  </testcase>
  <testcase classname="| SEO Services | Advanced SEO Site Consultation |" name="And I click &quot;www.seleniumhq.org/projects/&quot; link" time="4.152">
    <skipped/>
  </testcase>
  <testcase classname="| SEO Services | Advanced SEO Site Consultation |" name="And I click COM06_Products tab" time="4.152">
    <skipped/>
  </testcase>
  <testcase classname="| SEO Services | Advanced SEO Site Consultation |" name="And I click the COM07_Advanced SEO Site Consultation link" time="4.152">
    <skipped/>
  </testcase>
  <testcase classname="| SEO Services | Advanced SEO Site Consultation |" name="And I click the COM07_Edit button" time="4.152">
    <skipped/>
  </testcase>
  <testcase classname="| SEO Services | Advanced SEO Site Consultation |" name="And I select &quot;Active&quot; over COM07_ProductStatus dropdown" time="4.152">
    <skipped/>
  </testcase>
  <testcase classname="| SEO Services | Advanced SEO Site Consultation |" name="And I click COM07_Save button" time="4.152">
    <skipped/>
  </testcase>
  <testcase classname="| SEO Services | Advanced SEO Site Consultation |" name="Then Ill see Advanced SEO Site Consultation activated" time="4.152">
    <skipped/>
  </testcase>
  <testcase classname="| SEO Services | Advanced SEO Site Consultation |" name="When I navigate to &quot;COMDEV_Deployment&quot;" time="4.153">
    <skipped/>
  </testcase>
  <testcase classname="| SEO Services | Advanced SEO Site Consultation |" name="And I populate COM09_Campaign textfield with &quot;www.seleniumhq.org/projects/&quot;" time="4.153">
    <skipped/>
  </testcase>
  <testcase classname="| SEO Services | Advanced SEO Site Consultation |" name="And I click COM09_Deployment button" time="4.153">
    <skipped/>
  </testcase>
  <testcase classname="| SEO Services | Advanced SEO Site Consultation |" name="And I populate COM10_MonthNo with &quot;1&quot;" time="4.153">
    <skipped/>
  </testcase>
  <testcase classname="| SEO Services | Advanced SEO Site Consultation |" name="And I click COM10_Deploy button" time="4.153">
    <skipped/>
  </testcase>
  <testcase classname="| SEO Services | Advanced SEO Site Consultation |" name="And I click COM10_Yes button" time="4.153">
    <skipped/>
  </testcase>
  <testcase classname="| SEO Services | Advanced SEO Site Consultation |" name="Then Ill see Advanced SEO Site Consultation is deployed over COMDEV_Deployment" time="4.153">
    <skipped/>
  </testcase>
  <testcase classname="| SEO Services | Advanced SEO Site Consultation |" name="And Ill see Advanced SEO Site Consultation task correctly deployed" time="4.153">
    <skipped/>
  </testcase>
  <testcase classname="| SEO Services | Advanced SEO Site Consultation |" name="When I navigate to &quot;COMDEV_Logout&quot;" time="4.154">
    <skipped/>
  </testcase>
  <testcase classname="| SEO Services | Advanced SEO Site Consultation |" name="Then Ill see that Ive logout successfully" time="4.154">
    <skipped/>
  </testcase>
  <testcase classname="| SEO Services | Advanced SEO Site Consultation |" name="| SEO Services | Advanced SEO Site Consultation |" time="8.18">
    <error message="chrome not reachable
  (Session info: chrome=53.0.2785.116)
  (Driver info: chromedriver=2.25.426923 (0390b88869384d6eb0d5d09729679f934aab9eed),platform=Windows NT 10.0.17134 x86_64) (WARNING: The server did not provide any stacktrace information)
Command duration or timeout: 4.02 seconds
Build info: version: &apos;2.53.0&apos;, revision: &apos;35ae25b1534ae328c771e0856c93e187490ca824&apos;, time: &apos;2016-03-15 10:43:46&apos;
System info: host: &apos;ReuelSicatII-LAPTOP&apos;, ip: &apos;192.168.40.144&apos;, os.name: &apos;Windows 10&apos;, os.arch: &apos;amd64&apos;, os.version: &apos;10.0&apos;, java.version: &apos;1.8.0_181&apos;
Driver info: org.openqa.selenium.chrome.ChromeDriver
Capabilities [{applicationCacheEnabled=false, rotatable=false, mobileEmulationEnabled=false, networkConnectionEnabled=false, chrome={chromedriverVersion=2.25.426923 (0390b88869384d6eb0d5d09729679f934aab9eed), userDataDir=C:\Users\REUELS~1\AppData\Local\Temp\scoped_dir93948_25971}, takesHeapSnapshot=true, pageLoadStrategy=normal, databaseEnabled=false, handlesAlerts=true, hasTouchScreen=false, version=53.0.2785.116, platform=XP, browserConnectionEnabled=false, nativeEvents=true, acceptSslCerts=true, locationContextEnabled=true, webStorageEnabled=true, browserName=chrome, takesScreenshot=true, javascriptEnabled=true, cssSelectorsEnabled=true}]
Session ID: 92d136295998e0382b0f0cc7099b83b6" type="org.openqa.selenium.WebDriverException">org.openqa.selenium.WebDriverException: chrome not reachable
  (Session info: chrome=53.0.2785.116)
  (Driver info: chromedriver=2.25.426923 (0390b88869384d6eb0d5d09729679f934aab9eed),platform=Windows NT 10.0.17134 x86_64) (WARNING: The server did not provide any stacktrace information)
Command duration or timeout: 4.02 seconds
Build info: version: &apos;2.53.0&apos;, revision: &apos;35ae25b1534ae328c771e0856c93e187490ca824&apos;, time: &apos;2016-03-15 10:43:46&apos;
System info: host: &apos;ReuelSicatII-LAPTOP&apos;, ip: &apos;192.168.40.144&apos;, os.name: &apos;Windows 10&apos;, os.arch: &apos;amd64&apos;, os.version: &apos;10.0&apos;, java.version: &apos;1.8.0_181&apos;
Driver info: org.openqa.selenium.chrome.ChromeDriver
Capabilities [{applicationCacheEnabled=false, rotatable=false, mobileEmulationEnabled=false, networkConnectionEnabled=false, chrome={chromedriverVersion=2.25.426923 (0390b88869384d6eb0d5d09729679f934aab9eed), userDataDir=C:\Users\REUELS~1\AppData\Local\Temp\scoped_dir93948_25971}, takesHeapSnapshot=true, pageLoadStrategy=normal, databaseEnabled=false, handlesAlerts=true, hasTouchScreen=false, version=53.0.2785.116, platform=XP, browserConnectionEnabled=false, nativeEvents=true, acceptSslCerts=true, locationContextEnabled=true, webStorageEnabled=true, browserName=chrome, takesScreenshot=true, javascriptEnabled=true, cssSelectorsEnabled=true}]
Session ID: 92d136295998e0382b0f0cc7099b83b6
	at sun.reflect.GeneratedConstructorAccessor19.newInstance(Unknown Source)
	at sun.reflect.DelegatingConstructorAccessorImpl.newInstance(DelegatingConstructorAccessorImpl.java:45)
	at java.lang.reflect.Constructor.newInstance(Constructor.java:423)
	at org.openqa.selenium.remote.ErrorHandler.createThrowable(ErrorHandler.java:206)
	at org.openqa.selenium.remote.ErrorHandler.throwIfResponseFailed(ErrorHandler.java:158)
	at org.openqa.selenium.remote.RemoteWebDriver.execute(RemoteWebDriver.java:678)
	at org.openqa.selenium.remote.RemoteWebDriver.execute(RemoteWebDriver.java:701)
	at org.openqa.selenium.remote.RemoteWebDriver.getScreenshotAs(RemoteWebDriver.java:335)
	at cucumber.Framework.TearDown.teardown(TearDown.java:33)
	at sun.reflect.GeneratedMethodAccessor36.invoke(Unknown Source)
	at sun.reflect.DelegatingMethodAccessorImpl.invoke(DelegatingMethodAccessorImpl.java:43)
	at java.lang.reflect.Method.invoke(Method.java:498)
	at cucumber.runtime.Utils$1.call(Utils.java:37)
	at cucumber.runtime.Timeout.timeout(Timeout.java:13)
	at cucumber.runtime.Utils.invoke(Utils.java:31)
	at cucumber.runtime.java.JavaHookDefinition.execute(JavaHookDefinition.java:60)
	at cucumber.runtime.Runtime.runHookIfTagsMatch(Runtime.java:223)
	at cucumber.runtime.Runtime.runHooks(Runtime.java:211)
	at cucumber.runtime.Runtime.runAfterHooks(Runtime.java:205)
	at cucumber.runtime.model.CucumberScenario.run(CucumberScenario.java:46)
	at cucumber.runtime.junit.ExecutionUnitRunner.run(ExecutionUnitRunner.java:91)
	at org.junit.runners.Suite.runChild(Suite.java:127)
	at org.junit.runners.Suite.runChild(Suite.java:26)
	at org.junit.runners.ParentRunner$3.run(ParentRunner.java:238)
	at org.junit.runners.ParentRunner$1.schedule(ParentRunner.java:63)
	at org.junit.runners.ParentRunner.runChildren(ParentRunner.java:236)
	at org.junit.runners.ParentRunner.access$000(ParentRunner.java:53)
	at org.junit.runners.ParentRunner$2.evaluate(ParentRunner.java:229)
	at org.junit.runners.ParentRunner.run(ParentRunner.java:309)
	at cucumber.runtime.junit.ExamplesRunner.run(ExamplesRunner.java:59)
	at org.junit.runners.Suite.runChild(Suite.java:127)
	at org.junit.runners.Suite.runChild(Suite.java:26)
	at org.junit.runners.ParentRunner$3.run(ParentRunner.java:238)
	at org.junit.runners.ParentRunner$1.schedule(ParentRunner.java:63)
	at org.junit.runners.ParentRunner.runChildren(ParentRunner.java:236)
	at org.junit.runners.ParentRunner.access$000(ParentRunner.java:53)
	at org.junit.runners.ParentRunner$2.evaluate(ParentRunner.java:229)
	at org.junit.runners.ParentRunner.run(ParentRunner.java:309)
	at cucumber.runtime.junit.ScenarioOutlineRunner.run(ScenarioOutlineRunner.java:53)
	at cucumber.runtime.junit.FeatureRunner.runChild(FeatureRunner.java:63)
	at cucumber.runtime.junit.FeatureRunner.runChild(FeatureRunner.java:18)
	at org.junit.runners.ParentRunner$3.run(ParentRunner.java:238)
	at org.junit.runners.ParentRunner$1.schedule(ParentRunner.java:63)
	at org.junit.runners.ParentRunner.runChildren(ParentRunner.java:236)
	at org.junit.runners.ParentRunner.access$000(ParentRunner.java:53)
	at org.junit.runners.ParentRunner$2.evaluate(ParentRunner.java:229)
	at org.junit.runners.ParentRunner.run(ParentRunner.java:309)
	at cucumber.runtime.junit.FeatureRunner.run(FeatureRunner.java:70)
	at cucumber.api.junit.Cucumber.runChild(Cucumber.java:93)
	at cucumber.api.junit.Cucumber.runChild(Cucumber.java:37)
	at org.junit.runners.ParentRunner$3.run(ParentRunner.java:238)
	at org.junit.runners.ParentRunner$1.schedule(ParentRunner.java:63)
	at org.junit.runners.ParentRunner.runChildren(ParentRunner.java:236)
	at org.junit.runners.ParentRunner.access$000(ParentRunner.java:53)
	at org.junit.runners.ParentRunner$2.evaluate(ParentRunner.java:229)
	at org.junit.internal.runners.statements.RunBefores.evaluate(RunBefores.java:26)
	at org.junit.internal.runners.statements.RunAfters.evaluate(RunAfters.java:27)
	at org.junit.runners.ParentRunner.run(ParentRunner.java:309)
	at cucumber.api.junit.Cucumber.run(Cucumber.java:98)
	at org.apache.maven.surefire.junit4.JUnit4TestSet.execute(JUnit4TestSet.java:62)
	at org.apache.maven.surefire.suite.AbstractDirectoryTestSuite.executeTestSet(AbstractDirectoryTestSuite.java:140)
	at org.apache.maven.surefire.suite.AbstractDirectoryTestSuite.execute(AbstractDirectoryTestSuite.java:127)
	at org.apache.maven.surefire.Surefire.run(Surefire.java:177)
	at sun.reflect.NativeMethodAccessorImpl.invoke0(Native Method)
	at sun.reflect.NativeMethodAccessorImpl.invoke(NativeMethodAccessorImpl.java:62)
	at sun.reflect.DelegatingMethodAccessorImpl.invoke(DelegatingMethodAccessorImpl.java:43)
	at java.lang.reflect.Method.invoke(Method.java:498)
	at org.apache.maven.surefire.booter.SurefireBooter.runSuitesInProcess(SurefireBooter.java:338)
	at org.apache.maven.surefire.booter.SurefireBooter.main(SurefireBooter.java:997)
</error>
    <system-out>URL link Resopnse Code not 200
Helper - Scenario Name: COMSMOKETEST_TS01
</system-out>
  </testcase>
  <testcase classname="| SEO Services | Advanced SEO Site Consultation |" name="| SEO Services | Advanced SEO Site Consultation |" time="8.185">
    <skipped/>
  </testcase>
  <testcase classname="| Website Development | Basic Web Design |" name="| Website Development | Basic Web Design |" time="4.133">
    <error message="chrome not reachable
  (Session info: chrome=53.0.2785.116)
  (Driver info: chromedriver=2.25.426923 (0390b88869384d6eb0d5d09729679f934aab9eed),platform=Windows NT 10.0.17134 x86_64) (WARNING: The server did not provide any stacktrace information)
Command duration or timeout: 4.07 seconds
Build info: version: &apos;2.53.0&apos;, revision: &apos;35ae25b1534ae328c771e0856c93e187490ca824&apos;, time: &apos;2016-03-15 10:43:46&apos;
System info: host: &apos;ReuelSicatII-LAPTOP&apos;, ip: &apos;192.168.40.144&apos;, os.name: &apos;Windows 10&apos;, os.arch: &apos;amd64&apos;, os.version: &apos;10.0&apos;, java.version: &apos;1.8.0_181&apos;
Driver info: org.openqa.selenium.chrome.ChromeDriver
Capabilities [{applicationCacheEnabled=false, rotatable=false, mobileEmulationEnabled=false, networkConnectionEnabled=false, chrome={chromedriverVersion=2.25.426923 (0390b88869384d6eb0d5d09729679f934aab9eed), userDataDir=C:\Users\REUELS~1\AppData\Local\Temp\scoped_dir93948_25971}, takesHeapSnapshot=true, pageLoadStrategy=normal, databaseEnabled=false, handlesAlerts=true, hasTouchScreen=false, version=53.0.2785.116, platform=XP, browserConnectionEnabled=false, nativeEvents=true, acceptSslCerts=true, locationContextEnabled=true, webStorageEnabled=true, browserName=chrome, takesScreenshot=true, javascriptEnabled=true, cssSelectorsEnabled=true}]
Session ID: 92d136295998e0382b0f0cc7099b83b6" type="org.openqa.selenium.WebDriverException">org.openqa.selenium.WebDriverException: chrome not reachable
  (Session info: chrome=53.0.2785.116)
  (Driver info: chromedriver=2.25.426923 (0390b88869384d6eb0d5d09729679f934aab9eed),platform=Windows NT 10.0.17134 x86_64) (WARNING: The server did not provide any stacktrace information)
Command duration or timeout: 4.07 seconds
Build info: version: &apos;2.53.0&apos;, revision: &apos;35ae25b1534ae328c771e0856c93e187490ca824&apos;, time: &apos;2016-03-15 10:43:46&apos;
System info: host: &apos;ReuelSicatII-LAPTOP&apos;, ip: &apos;192.168.40.144&apos;, os.name: &apos;Windows 10&apos;, os.arch: &apos;amd64&apos;, os.version: &apos;10.0&apos;, java.version: &apos;1.8.0_181&apos;
Driver info: org.openqa.selenium.chrome.ChromeDriver
Capabilities [{applicationCacheEnabled=false, rotatable=false, mobileEmulationEnabled=false, networkConnectionEnabled=false, chrome={chromedriverVersion=2.25.426923 (0390b88869384d6eb0d5d09729679f934aab9eed), userDataDir=C:\Users\REUELS~1\AppData\Local\Temp\scoped_dir93948_25971}, takesHeapSnapshot=true, pageLoadStrategy=normal, databaseEnabled=false, handlesAlerts=true, hasTouchScreen=false, version=53.0.2785.116, platform=XP, browserConnectionEnabled=false, nativeEvents=true, acceptSslCerts=true, locationContextEnabled=true, webStorageEnabled=true, browserName=chrome, takesScreenshot=true, javascriptEnabled=true, cssSelectorsEnabled=true}]
Session ID: 92d136295998e0382b0f0cc7099b83b6
	at sun.reflect.GeneratedConstructorAccessor19.newInstance(Unknown Source)
	at sun.reflect.DelegatingConstructorAccessorImpl.newInstance(DelegatingConstructorAccessorImpl.java:45)
	at java.lang.reflect.Constructor.newInstance(Constructor.java:423)
	at org.openqa.selenium.remote.ErrorHandler.createThrowable(ErrorHandler.java:206)
	at org.openqa.selenium.remote.ErrorHandler.throwIfResponseFailed(ErrorHandler.java:158)
	at org.openqa.selenium.remote.RemoteWebDriver.execute(RemoteWebDriver.java:678)
	at org.openqa.selenium.remote.RemoteWebDriver.execute(RemoteWebDriver.java:701)
	at org.openqa.selenium.remote.RemoteWebDriver$RemoteWebDriverOptions.deleteAllCookies(RemoteWebDriver.java:773)
	at cucumber.Framework.WEBHelper.GetDriverObject(WEBHelper.java:217)
	at cucumber.Framework.SetUp.setup(SetUp.java:50)
	at sun.reflect.GeneratedMethodAccessor33.invoke(Unknown Source)
	at sun.reflect.DelegatingMethodAccessorImpl.invoke(DelegatingMethodAccessorImpl.java:43)
	at java.lang.reflect.Method.invoke(Method.java:498)
	at cucumber.runtime.Utils$1.call(Utils.java:37)
	at cucumber.runtime.Timeout.timeout(Timeout.java:13)
	at cucumber.runtime.Utils.invoke(Utils.java:31)
	at cucumber.runtime.java.JavaHookDefinition.execute(JavaHookDefinition.java:60)
	at cucumber.runtime.Runtime.runHookIfTagsMatch(Runtime.java:223)
	at cucumber.runtime.Runtime.runHooks(Runtime.java:211)
	at cucumber.runtime.Runtime.runBeforeHooks(Runtime.java:201)
	at cucumber.runtime.model.CucumberScenario.run(CucumberScenario.java:40)
	at cucumber.runtime.junit.ExecutionUnitRunner.run(ExecutionUnitRunner.java:91)
	at org.junit.runners.Suite.runChild(Suite.java:127)
	at org.junit.runners.Suite.runChild(Suite.java:26)
	at org.junit.runners.ParentRunner$3.run(ParentRunner.java:238)
	at org.junit.runners.ParentRunner$1.schedule(ParentRunner.java:63)
	at org.junit.runners.ParentRunner.runChildren(ParentRunner.java:236)
	at org.junit.runners.ParentRunner.access$000(ParentRunner.java:53)
	at org.junit.runners.ParentRunner$2.evaluate(ParentRunner.java:229)
	at org.junit.runners.ParentRunner.run(ParentRunner.java:309)
	at cucumber.runtime.junit.ExamplesRunner.run(ExamplesRunner.java:59)
	at org.junit.runners.Suite.runChild(Suite.java:127)
	at org.junit.runners.Suite.runChild(Suite.java:26)
	at org.junit.runners.ParentRunner$3.run(ParentRunner.java:238)
	at org.junit.runners.ParentRunner$1.schedule(ParentRunner.java:63)
	at org.junit.runners.ParentRunner.runChildren(ParentRunner.java:236)
	at org.junit.runners.ParentRunner.access$000(ParentRunner.java:53)
	at org.junit.runners.ParentRunner$2.evaluate(ParentRunner.java:229)
	at org.junit.runners.ParentRunner.run(ParentRunner.java:309)
	at cucumber.runtime.junit.ScenarioOutlineRunner.run(ScenarioOutlineRunner.java:53)
	at cucumber.runtime.junit.FeatureRunner.runChild(FeatureRunner.java:63)
	at cucumber.runtime.junit.FeatureRunner.runChild(FeatureRunner.java:18)
	at org.junit.runners.ParentRunner$3.run(ParentRunner.java:238)
	at org.junit.runners.ParentRunner$1.schedule(ParentRunner.java:63)
	at org.junit.runners.ParentRunner.runChildren(ParentRunner.java:236)
	at org.junit.runners.ParentRunner.access$000(ParentRunner.java:53)
	at org.junit.runners.ParentRunner$2.evaluate(ParentRunner.java:229)
	at org.junit.runners.ParentRunner.run(ParentRunner.java:309)
	at cucumber.runtime.junit.FeatureRunner.run(FeatureRunner.java:70)
	at cucumber.api.junit.Cucumber.runChild(Cucumber.java:93)
	at cucumber.api.junit.Cucumber.runChild(Cucumber.java:37)
	at org.junit.runners.ParentRunner$3.run(ParentRunner.java:238)
	at org.junit.runners.ParentRunner$1.schedule(ParentRunner.java:63)
	at org.junit.runners.ParentRunner.runChildren(ParentRunner.java:236)
	at org.junit.runners.ParentRunner.access$000(ParentRunner.java:53)
	at org.junit.runners.ParentRunner$2.evaluate(ParentRunner.java:229)
	at org.junit.internal.runners.statements.RunBefores.evaluate(RunBefores.java:26)
	at org.junit.internal.runners.statements.RunAfters.evaluate(RunAfters.java:27)
	at org.junit.runners.ParentRunner.run(ParentRunner.java:309)
	at cucumber.api.junit.Cucumber.run(Cucumber.java:98)
	at org.apache.maven.surefire.junit4.JUnit4TestSet.execute(JUnit4TestSet.java:62)
	at org.apache.maven.surefire.suite.AbstractDirectoryTestSuite.executeTestSet(AbstractDirectoryTestSuite.java:140)
	at org.apache.maven.surefire.suite.AbstractDirectoryTestSuite.execute(AbstractDirectoryTestSuite.java:127)
	at org.apache.maven.surefire.Surefire.run(Surefire.java:177)
	at sun.reflect.NativeMethodAccessorImpl.invoke0(Native Method)
	at sun.reflect.NativeMethodAccessorImpl.invoke(NativeMethodAccessorImpl.java:62)
	at sun.reflect.DelegatingMethodAccessorImpl.invoke(DelegatingMethodAccessorImpl.java:43)
	at java.lang.reflect.Method.invoke(Method.java:498)
	at org.apache.maven.surefire.booter.SurefireBooter.runSuitesInProcess(SurefireBooter.java:338)
	at org.apache.maven.surefire.booter.SurefireBooter.main(SurefireBooter.java:997)
</error>
    <system-out>URL link Resopnse Code not 200
Helper - Scenario Name: COMSMOKETEST_TS02
</system-out>
  </testcase>
  <testcase classname="| Website Development | Basic Web Design |" name="Given Im an Account Manager" time="4.137">
    <skipped/>
  </testcase>
  <testcase classname="| Website Development | Basic Web Design |" name="When I navigate to &quot;COMDEV_Login&quot;" time="4.137">
    <skipped/>
  </testcase>
  <testcase classname="| Website Development | Basic Web Design |" name="And I populate COM01_Username with &quot;rv.villanueva@truelogic.com.ph&quot;" time="4.137">
    <skipped/>
  </testcase>
  <testcase classname="| Website Development | Basic Web Design |" name="And I populate COM01_Password with &quot;qwerty&quot;" time="4.137">
    <skipped/>
  </testcase>
  <testcase classname="| Website Development | Basic Web Design |" name="And I click COM01_LogIn button" time="4.137">
    <skipped/>
  </testcase>
  <testcase classname="| Website Development | Basic Web Design |" name="Then Ill see that Ive login successfully" time="4.137">
    <skipped/>
  </testcase>
  <testcase classname="| Website Development | Basic Web Design |" name="When I navigate to &quot;COMDEV_Client&quot;" time="4.153">
    <skipped/>
  </testcase>
  <testcase classname="| Website Development | Basic Web Design |" name="And I click COM02_Campaigns tab" time="4.153">
    <skipped/>
  </testcase>
  <testcase classname="| Website Development | Basic Web Design |" name="And I click COM03_CreateCampaign button" time="4.153">
    <skipped/>
  </testcase>
  <testcase classname="| Website Development | Basic Web Design |" name="And I populate COM04_CampaignName with &quot;www.seleniumhq.org/projects/&quot;" time="4.153">
    <skipped/>
  </testcase>
  <testcase classname="| Website Development | Basic Web Design |" name="And I populate COM04_BrandName with &quot;www.seleniumhq.org/projects/&quot;" time="4.153">
    <skipped/>
  </testcase>
  <testcase classname="| Website Development | Basic Web Design |" name="And I populate COM04_CampaignURL with &quot;http://www.seleniumhq.org/projects/&quot;" time="4.153">
    <skipped/>
  </testcase>
  <testcase classname="| Website Development | Basic Web Design |" name="And I populate COM04_Description textfield with &quot;Test Automation Description&quot;" time="4.153">
    <skipped/>
  </testcase>
  <testcase classname="And I select &quot;IT &amp; Tech (deleted)&quot; over COM04_Category dropdown(| Website Development | Basic Web Design |)" name="And I select &quot;IT &amp; Tech " time="4.153">
    <skipped/>
  </testcase>
  <testcase classname="| Website Development | Basic Web Design |" name="And I populate COM04_ProductandServiceOverview textfield with &quot;Test Automation ProductandServiceOverview&quot;" time="4.153">
    <skipped/>
  </testcase>
  <testcase classname="| Website Development | Basic Web Design |" name="And I click COM04_Submit button" time="4.153">
    <skipped/>
  </testcase>
  <testcase classname="| Website Development | Basic Web Design |" name="Then Ill see campaign successfully created" time="4.153">
    <skipped/>
  </testcase>
  <testcase classname="| Website Development | Basic Web Design |" name="When I navigate to &quot;COMDEV_Client&quot;" time="4.153">
    <skipped/>
  </testcase>
  <testcase classname="| Website Development | Basic Web Design |" name="And I click COM02_Campaigns tab" time="4.153">
    <skipped/>
  </testcase>
  <testcase classname="| Website Development | Basic Web Design |" name="And I click &quot;www.seleniumhq.org/projects/&quot; link" time="4.153">
    <skipped/>
  </testcase>
  <testcase classname="| Website Development | Basic Web Design |" name="And I click COM06_Products tab" time="4.153">
    <skipped/>
  </testcase>
  <testcase classname="| Website Development | Basic Web Design |" name="And I click COM07_OrderAProduct button" time="4.153">
    <skipped/>
  </testcase>
  <testcase classname="| Website Development | Basic Web Design |" name="And I select Website Development over COM07_SelectACategory list" time="4.153">
    <skipped/>
  </testcase>
  <testcase classname="| Website Development | Basic Web Design |" name="And I click Basic Web Design name" time="4.153">
    <skipped/>
  </testcase>
  <testcase classname="| Website Development | Basic Web Design |" name="And I click COM07_AddthisProduct button" time="4.153">
    <skipped/>
  </testcase>
  <testcase classname="| Website Development | Basic Web Design |" name="Then Ill see Basic Web Design successfully added" time="4.153">
    <skipped/>
  </testcase>
  <testcase classname="| Website Development | Basic Web Design |" name="When I navigate to &quot;COMDEV_Client&quot;" time="4.153">
    <skipped/>
  </testcase>
  <testcase classname="| Website Development | Basic Web Design |" name="And I click COM02_Campaigns tab" time="4.153">
    <skipped/>
  </testcase>
  <testcase classname="| Website Development | Basic Web Design |" name="And I click &quot;www.seleniumhq.org/projects/&quot; link" time="4.153">
    <skipped/>
  </testcase>
  <testcase classname="| Website Development | Basic Web Design |" name="And I click COM06_Products tab" time="4.153">
    <skipped/>
  </testcase>
  <testcase classname="| Website Development | Basic Web Design |" name="And I click the Basic Web Design link" time="4.162">
    <skipped/>
  </testcase>
  <testcase classname="| Website Development | Basic Web Design |" name="And I click COM07_Invoice link" time="4.162">
    <skipped/>
  </testcase>
  <testcase classname="| Website Development | Basic Web Design |" name="And I click COM05_Payments tab" time="4.162">
    <skipped/>
  </testcase>
  <testcase classname="| Website Development | Basic Web Design |" name="And I click COM05_AddNewPayment button" time="4.163">
    <skipped/>
  </testcase>
  <testcase classname="| Website Development | Basic Web Design |" name="And I populate COM05_AmountPaid with &quot;399.00&quot;" time="4.163">
    <skipped/>
  </testcase>
  <testcase classname="| Website Development | Basic Web Design |" name="And I select &quot;Cash&quot; over COM05_Type dropdown" time="4.164">
    <skipped/>
  </testcase>
  <testcase classname="| Website Development | Basic Web Design |" name="And I populate COM05_ReferenceNumber with &quot;12345&quot;" time="4.164">
    <skipped/>
  </testcase>
  <testcase classname="| Website Development | Basic Web Design |" name="And I click COM05_No_DoYouWantToSendOpsANotification button" time="4.164">
    <skipped/>
  </testcase>
  <testcase classname="| Website Development | Basic Web Design |" name="And I click COM05_No_UseCredit button" time="4.165">
    <skipped/>
  </testcase>
  <testcase classname="| Website Development | Basic Web Design |" name="And I click COM05_No_DoyouWantToSendTheClientANotification button" time="4.165">
    <skipped/>
  </testcase>
  <testcase classname="| Website Development | Basic Web Design |" name="And I click COM05_Submit button" time="4.166">
    <skipped/>
  </testcase>
  <testcase classname="| Website Development | Basic Web Design |" name="Then Ill see Basic Web Design successfully paid" time="4.166">
    <skipped/>
  </testcase>
  <testcase classname="| Website Development | Basic Web Design |" name="When I navigate to &quot;COMDEV_Client&quot;" time="4.166">
    <skipped/>
  </testcase>
  <testcase classname="| Website Development | Basic Web Design |" name="And I click COM02_Campaigns tab" time="4.167">
    <skipped/>
  </testcase>
  <testcase classname="| Website Development | Basic Web Design |" name="And I click &quot;www.seleniumhq.org/projects/&quot; link" time="4.167">
    <skipped/>
  </testcase>
  <testcase classname="| Website Development | Basic Web Design |" name="And I hover COM06_ProjectManagement tab" time="4.167">
    <skipped/>
  </testcase>
  <testcase classname="| Website Development | Basic Web Design |" name="And I click COM06_Project dropdown" time="4.168">
    <skipped/>
  </testcase>
  <testcase classname="| Website Development | Basic Web Design |" name="And I click COM08_AddAProject button" time="4.168">
    <skipped/>
  </testcase>
  <testcase classname="| Website Development | Basic Web Design |" name="And I populate COM08_NameTheProject textfield with &quot;TestAutomation&quot;" time="4.168">
    <skipped/>
  </testcase>
  <testcase classname="| Website Development | Basic Web Design |" name="And I select Basic Web Design over COM08_SelectAProduct dropdown" time="4.169">
    <skipped/>
  </testcase>
  <testcase classname="| Website Development | Basic Web Design |" name="And I click COM08_SaveProject button" time="4.169">
    <skipped/>
  </testcase>
  <testcase classname="| Website Development | Basic Web Design |" name="Then I see the product associated with the project" time="4.17">
    <skipped/>
  </testcase>
  <testcase classname="| Website Development | Basic Web Design |" name="When I navigate to &quot;COMDEV_Client&quot;" time="4.17">
    <skipped/>
  </testcase>
  <testcase classname="| Website Development | Basic Web Design |" name="And I click COM02_Campaigns tab" time="4.17">
    <skipped/>
  </testcase>
  <testcase classname="| Website Development | Basic Web Design |" name="And I click &quot;www.seleniumhq.org/projects/&quot; link" time="4.171">
    <skipped/>
  </testcase>
  <testcase classname="| Website Development | Basic Web Design |" name="And I click COM06_Products tab" time="4.171">
    <skipped/>
  </testcase>
  <testcase classname="| Website Development | Basic Web Design |" name="And I click the Basic Web Design link" time="4.171">
    <skipped/>
  </testcase>
  <testcase classname="| Website Development | Basic Web Design |" name="And I click the COM07_Edit button" time="4.172">
    <skipped/>
  </testcase>
  <testcase classname="| Website Development | Basic Web Design |" name="And I select &quot;Active&quot; over COM07_ProductStatus dropdown" time="4.172">
    <skipped/>
  </testcase>
  <testcase classname="| Website Development | Basic Web Design |" name="And I click COM07_Save button" time="4.172">
    <skipped/>
  </testcase>
  <testcase classname="| Website Development | Basic Web Design |" name="Then Ill see Basic Web Design activated" time="4.173">
    <skipped/>
  </testcase>
  <testcase classname="| Website Development | Basic Web Design |" name="When I navigate to &quot;COMDEV_Queue&quot;" time="4.173">
    <skipped/>
  </testcase>
  <testcase classname="| Website Development | Basic Web Design |" name="And I populate COM11_Campaign textfield with &quot;www.seleniumhq.org/projects/&quot;" time="4.174">
    <skipped/>
  </testcase>
  <testcase classname="| Website Development | Basic Web Design |" name="And I click COM11_Deploy button" time="4.174">
    <skipped/>
  </testcase>
  <testcase classname="| Website Development | Basic Web Design |" name="And I select &quot;1&quot; over COM12_Template dropdown" time="4.174">
    <skipped/>
  </testcase>
  <testcase classname="| Website Development | Basic Web Design |" name="And I populate COM12_From with &quot;Today&quot;" time="4.175">
    <skipped/>
  </testcase>
  <testcase classname="| Website Development | Basic Web Design |" name="And I populate COM12_To with &quot;Next Day&quot;" time="4.175">
    <skipped/>
  </testcase>
  <testcase classname="| Website Development | Basic Web Design |" name="And I click COM12_DeployNow button" time="4.175">
    <skipped/>
  </testcase>
  <testcase classname="| Website Development | Basic Web Design |" name="Then Ill see Basic Web Design is deployed over COMDEV_Queue" time="4.175">
    <skipped/>
  </testcase>
  <testcase classname="| Website Development | Basic Web Design |" name="And Ill see Basic Web Design task correctly deployed" time="4.175">
    <skipped/>
  </testcase>
  <testcase classname="| Website Development | Basic Web Design |" name="When I navigate to &quot;COMDEV_Logout&quot;" time="4.176">
    <skipped/>
  </testcase>
  <testcase classname="| Website Development | Basic Web Design |" name="Then Ill see that Ive logout successfully" time="4.176">
    <skipped/>
  </testcase>
  <testcase classname="| Website Development | Basic Web Design |" name="| Website Development | Basic Web Design |" time="8.223">
    <error message="chrome not reachable
  (Session info: chrome=53.0.2785.116)
  (Driver info: chromedriver=2.25.426923 (0390b88869384d6eb0d5d09729679f934aab9eed),platform=Windows NT 10.0.17134 x86_64) (WARNING: The server did not provide any stacktrace information)
Command duration or timeout: 4.05 seconds
Build info: version: &apos;2.53.0&apos;, revision: &apos;35ae25b1534ae328c771e0856c93e187490ca824&apos;, time: &apos;2016-03-15 10:43:46&apos;
System info: host: &apos;ReuelSicatII-LAPTOP&apos;, ip: &apos;192.168.40.144&apos;, os.name: &apos;Windows 10&apos;, os.arch: &apos;amd64&apos;, os.version: &apos;10.0&apos;, java.version: &apos;1.8.0_181&apos;
Driver info: org.openqa.selenium.chrome.ChromeDriver
Capabilities [{applicationCacheEnabled=false, rotatable=false, mobileEmulationEnabled=false, networkConnectionEnabled=false, chrome={chromedriverVersion=2.25.426923 (0390b88869384d6eb0d5d09729679f934aab9eed), userDataDir=C:\Users\REUELS~1\AppData\Local\Temp\scoped_dir93948_25971}, takesHeapSnapshot=true, pageLoadStrategy=normal, databaseEnabled=false, handlesAlerts=true, hasTouchScreen=false, version=53.0.2785.116, platform=XP, browserConnectionEnabled=false, nativeEvents=true, acceptSslCerts=true, locationContextEnabled=true, webStorageEnabled=true, browserName=chrome, takesScreenshot=true, javascriptEnabled=true, cssSelectorsEnabled=true}]
Session ID: 92d136295998e0382b0f0cc7099b83b6" type="org.openqa.selenium.WebDriverException">org.openqa.selenium.WebDriverException: chrome not reachable
  (Session info: chrome=53.0.2785.116)
  (Driver info: chromedriver=2.25.426923 (0390b88869384d6eb0d5d09729679f934aab9eed),platform=Windows NT 10.0.17134 x86_64) (WARNING: The server did not provide any stacktrace information)
Command duration or timeout: 4.05 seconds
Build info: version: &apos;2.53.0&apos;, revision: &apos;35ae25b1534ae328c771e0856c93e187490ca824&apos;, time: &apos;2016-03-15 10:43:46&apos;
System info: host: &apos;ReuelSicatII-LAPTOP&apos;, ip: &apos;192.168.40.144&apos;, os.name: &apos;Windows 10&apos;, os.arch: &apos;amd64&apos;, os.version: &apos;10.0&apos;, java.version: &apos;1.8.0_181&apos;
Driver info: org.openqa.selenium.chrome.ChromeDriver
[...]
Session ID: 92d136295998e0382b0f0cc7099b83b6" type="org.openqa.selenium.WebDriverException">org.openqa.selenium.WebDriverException: chrome not reachable
  (Session info: chrome=53.0.2785.116)
  (Driver info: chromedriver=2.25.426923 (0390b88869384d6eb0d5d09729679f934aab9eed),platform=Windows NT 10.0.17134 x86_64) (WARNING: The server did not provide any stacktrace information)
Command duration or timeout: 4.02 seconds
Build info: version: &apos;2.53.0&apos;, revision: &apos;35ae25b1534ae328c771e0856c93e187490ca824&apos;, time: &apos;2016-03-15 10:43:46&apos;
System info: host: &apos;ReuelSicatII-LAPTOP&apos;, ip: &apos;192.168.40.144&apos;, os.name: &apos;Windows 10&apos;, os.arch: &apos;amd64&apos;, os.version: &apos;10.0&apos;, java.version: &apos;1.8.0_181&apos;
Driver info: org.openqa.selenium.chrome.ChromeDriver
Capabilities [{applicationCacheEnabled=false, rotatable=false, mobileEmulationEnabled=false, networkConnectionEnabled=false, chrome={chromedriverVersion=2.25.426923 (0390b88869384d6eb0d5d09729679f934aab9eed), userDataDir=C:\Users\REUELS~1\AppData\Local\Temp\scoped_dir93948_25971}, takesHeapSnapshot=true, pageLoadStrategy=normal, databaseEnabled=false, handlesAlerts=true, hasTouchScreen=false, version=53.0.2785.116, platform=XP, browserConnectionEnabled=false, nativeEvents=true, acceptSslCerts=true, locationContextEnabled=true, webStorageEnabled=true, browserName=chrome, takesScreenshot=true, javascriptEnabled=true, cssSelectorsEnabled=true}]
Session ID: 92d136295998e0382b0f0cc7099b83b6
	at sun.reflect.GeneratedConstructorAccessor19.newInstance(Unknown Source)
	at sun.reflect.DelegatingConstructorAccessorImpl.newInstance(DelegatingConstructorAccessorImpl.java:45)
	at java.lang.reflect.Constructor.newInstance(Constructor.java:423)
	at org.openqa.selenium.remote.ErrorHandler.createThrowable(ErrorHandler.java:206)
	at org.openqa.selenium.remote.ErrorHandler.throwIfResponseFailed(ErrorHandler.java:158)
	at org.openqa.selenium.remote.RemoteWebDriver.execute(RemoteWebDriver.java:678)
	at org.openqa.selenium.remote.RemoteWebDriver.execute(RemoteWebDriver.java:701)
	at org.openqa.selenium.remote.RemoteWebDriver$RemoteWebDriverOptions.deleteAllCookies(RemoteWebDriver.java:773)
	at cucumber.Framework.WEBHelper.GetDriverObject(WEBHelper.java:217)
	at cucumber.Framework.SetUp.setup(SetUp.java:50)
	at sun.reflect.GeneratedMethodAccessor33.invoke(Unknown Source)
	at sun.reflect.DelegatingMethodAccessorImpl.invoke(DelegatingMethodAccessorImpl.java:43)
	at java.lang.reflect.Method.invoke(Method.java:498)
	at cucumber.runtime.Utils$1.call(Utils.java:37)
	at cucumber.runtime.Timeout.timeout(Timeout.java:13)
	at cucumber.runtime.Utils.invoke(Utils.java:31)
	at cucumber.runtime.java.JavaHookDefinition.execute(JavaHookDefinition.java:60)
	at cucumber.runtime.Runtime.runHookIfTagsMatch(Runtime.java:223)
	at cucumber.runtime.Runtime.runHooks(Runtime.java:211)
	at cucumber.runtime.Runtime.runBeforeHooks(Runtime.java:201)
	at cucumber.runtime.model.CucumberScenario.run(CucumberScenario.java:40)
	at cucumber.runtime.junit.ExecutionUnitRunner.run(ExecutionUnitRunner.java:91)
	at org.junit.runners.Suite.runChild(Suite.java:127)
	at org.junit.runners.Suite.runChild(Suite.java:26)
	at org.junit.runners.ParentRunner$3.run(ParentRunner.java:238)
	at org.junit.runners.ParentRunner$1.schedule(ParentRunner.java:63)
	at org.junit.runners.ParentRunner.runChildren(ParentRunner.java:236)
	at org.junit.runners.ParentRunner.access$000(ParentRunner.java:53)
	at org.junit.runners.ParentRunner$2.evaluate(ParentRunner.java:229)
	at org.junit.runners.ParentRunner.run(ParentRunner.java:309)
	at cucumber.runtime.junit.ExamplesRunner.run(ExamplesRunner.java:59)
	at org.junit.runners.Suite.runChild(Suite.java:127)
	at org.junit.runners.Suite.runChild(Suite.java:26)
	at org.junit.runners.ParentRunner$3.run(ParentRunner.java:238)
	at org.junit.runners.ParentRunner$1.schedule(ParentRunner.java:63)
	at org.junit.runners.ParentRunner.runChildren(ParentRunner.java:236)
	at org.junit.runners.ParentRunner.access$000(ParentRunner.java:53)
	at org.junit.runners.ParentRunner$2.evaluate(ParentRunner.java:229)
	at org.junit.runners.ParentRunner.run(ParentRunner.java:309)
	at cucumber.runtime.junit.ScenarioOutlineRunner.run(ScenarioOutlineRunner.java:53)
	at cucumber.runtime.junit.FeatureRunner.runChild(FeatureRunner.java:63)
	at cucumber.runtime.junit.FeatureRunner.runChild(FeatureRunner.java:18)
	at org.junit.runners.ParentRunner$3.run(ParentRunner.java:238)
	at org.junit.runners.ParentRunner$1.schedule(ParentRunner.java:63)
	at org.junit.runners.ParentRunner.runChildren(ParentRunner.java:236)
	at org.junit.runners.ParentRunner.access$000(ParentRunner.java:53)
	at org.junit.runners.ParentRunner$2.evaluate(ParentRunner.java:229)
	at org.junit.runners.ParentRunner.run(ParentRunner.java:309)
	at cucumber.runtime.junit.FeatureRunner.run(FeatureRunner.java:70)
	at cucumber.api.junit.Cucumber.runChild(Cucumber.java:93)
	at cucumber.api.junit.Cucumber.runChild(Cucumber.java:37)
	at org.junit.runners.ParentRunner$3.run(ParentRunner.java:238)
	at org.junit.runners.ParentRunner$1.schedule(ParentRunner.java:63)
	at org.junit.runners.ParentRunner.runChildren(ParentRunner.java:236)
	at org.junit.runners.ParentRunner.access$000(ParentRunner.java:53)
	at org.junit.runners.ParentRunner$2.evaluate(ParentRunner.java:229)
	at org.junit.internal.runners.statements.RunBefores.evaluate(RunBefores.java:26)
	at org.junit.internal.runners.statements.RunAfters.evaluate(RunAfters.java:27)
	at org.junit.runners.ParentRunner.run(ParentRunner.java:309)
	at cucumber.api.junit.Cucumber.run(Cucumber.java:98)
	at org.apache.maven.surefire.junit4.JUnit4TestSet.execute(JUnit4TestSet.java:62)
	at org.apache.maven.surefire.suite.AbstractDirectoryTestSuite.executeTestSet(AbstractDirectoryTestSuite.java:140)
	at org.apache.maven.surefire.suite.AbstractDirectoryTestSuite.execute(AbstractDirectoryTestSuite.java:127)
	at org.apache.maven.surefire.Surefire.run(Surefire.java:177)
	at sun.reflect.NativeMethodAccessorImpl.invoke0(Native Method)
	at sun.reflect.NativeMethodAccessorImpl.invoke(NativeMethodAccessorImpl.java:62)
	at sun.reflect.DelegatingMethodAccessorImpl.invoke(DelegatingMethodAccessorImpl.java:43)
	at java.lang.reflect.Method.invoke(Method.java:498)
	at org.apache.maven.surefire.booter.SurefireBooter.runSuitesInProcess(SurefireBooter.java:338)
	at org.apache.maven.surefire.booter.SurefireBooter.main(SurefireBooter.java:997)
</error>
    <system-out>Helper - Scenario Name: LocalSEO_TS03
</system-out>
  </testcase>
  <testcase classname="| lorraine@truelogic.com.ph | Local SEO | Local Basic | Local SEO - Local Basic | Active | Update Campaign Roadmap |" name="Given Im a Workforce Specialist" time="4.058">
    <skipped/>
  </testcase>
  <testcase classname="| lorraine@truelogic.com.ph | Local SEO | Local Basic | Local SEO - Local Basic | Active | Update Campaign Roadmap |" name="When I navigate to &quot;Login&quot;" time="4.059">
    <skipped/>
  </testcase>
  <testcase classname="| lorraine@truelogic.com.ph | Local SEO | Local Basic | Local SEO - Local Basic | Active | Update Campaign Roadmap |" name="And I populate COM01_Username with &quot;lorraine@truelogic.com.ph&quot;" time="4.059">
    <skipped/>
  </testcase>
  <testcase classname="| lorraine@truelogic.com.ph | Local SEO | Local Basic | Local SEO - Local Basic | Active | Update Campaign Roadmap |" name="And I populate COM01_Password with &quot;123456789&quot;" time="4.06">
    <skipped/>
  </testcase>
  <testcase classname="| lorraine@truelogic.com.ph | Local SEO | Local Basic | Local SEO - Local Basic | Active | Update Campaign Roadmap |" name="And I click COM01_LogIn button" time="4.061">
    <skipped/>
  </testcase>
  <testcase classname="| lorraine@truelogic.com.ph | Local SEO | Local Basic | Local SEO - Local Basic | Active | Update Campaign Roadmap |" name="Then Ill see that Ive login successfully" time="4.061">
    <skipped/>
  </testcase>
  <testcase classname="| lorraine@truelogic.com.ph | Local SEO | Local Basic | Local SEO - Local Basic | Active | Update Campaign Roadmap |" name="When I hover to COM14_TasksMenu link" time="4.062">
    <skipped/>
  </testcase>
  <testcase classname="| lorraine@truelogic.com.ph | Local SEO | Local Basic | Local SEO - Local Basic | Active | Update Campaign Roadmap |" name="And I click COM14_DeployMenu link" time="4.062">
    <skipped/>
  </testcase>
  <testcase classname="| lorraine@truelogic.com.ph | Local SEO | Local Basic | Local SEO - Local Basic | Active | Update Campaign Roadmap |" name="Then I will see the COM09_TaskDeployments Header" time="4.063">
    <skipped/>
  </testcase>
  <testcase classname="| lorraine@truelogic.com.ph | Local SEO | Local Basic | Local SEO - Local Basic | Active | Update Campaign Roadmap |" name="When I search the &quot;Little Miss BBQ&quot; in the COM09_CampaignSearch textfield" time="4.063">
    <skipped/>
  </testcase>
  <testcase classname="| lorraine@truelogic.com.ph | Local SEO | Local Basic | Local SEO - Local Basic | Active | Update Campaign Roadmap |" name="And I search the &quot;-&quot; in the COM09_LastDeployment textfield" time="4.064">
    <skipped/>
  </testcase>
  <testcase classname="| lorraine@truelogic.com.ph | Local SEO | Local Basic | Local SEO - Local Basic | Active | Update Campaign Roadmap |" name="And I click the COM09_Deploy button of latest campaign without Deploy Info" time="4.064">
    <skipped/>
  </testcase>
  <testcase classname="| lorraine@truelogic.com.ph | Local SEO | Local Basic | Local SEO - Local Basic | Active | Update Campaign Roadmap |" name="Then Ill see the COM10_DeploymentInformation Section" time="4.065">
    <skipped/>
  </testcase>
  <testcase classname="| lorraine@truelogic.com.ph | Local SEO | Local Basic | Local SEO - Local Basic | Active | Update Campaign Roadmap |" name="When I populate COM10_MonthNo with &quot;1&quot;" time="4.066">
    <skipped/>
  </testcase>
  <testcase classname="| lorraine@truelogic.com.ph | Local SEO | Local Basic | Local SEO - Local Basic | Active | Update Campaign Roadmap |" name="And Ill see that a date is visible in the Cycle Month Calendar" time="4.067">
    <skipped/>
  </testcase>
  <testcase classname="| lorraine@truelogic.com.ph | Local SEO | Local Basic | Local SEO - Local Basic | Active | Update Campaign Roadmap |" name="And I see that a launch date is already seleted by default" time="4.067">
    <skipped/>
  </testcase>
  <testcase classname="| lorraine@truelogic.com.ph | Local SEO | Local Basic | Local SEO - Local Basic | Active | Update Campaign Roadmap |" name="And I click COM10_Deploy button" time="4.068">
    <skipped/>
  </testcase>
  <testcase classname="| lorraine@truelogic.com.ph | Local SEO | Local Basic | Local SEO - Local Basic | Active | Update Campaign Roadmap |" name="And I click COM10_Yes button" time="4.069">
    <skipped/>
  </testcase>
  <testcase classname="| lorraine@truelogic.com.ph | Local SEO | Local Basic | Local SEO - Local Basic | Active | Update Campaign Roadmap |" name="Then Ill see the &apos;tasks were deployed successfully&apos; modal" time="4.069">
    <skipped/>
  </testcase>
  <testcase classname="| lorraine@truelogic.com.ph | Local SEO | Local Basic | Local SEO - Local Basic | Active | Update Campaign Roadmap |" name="When I click COM10_ModalOk button" time="4.069">
    <skipped/>
  </testcase>
  <testcase classname="| lorraine@truelogic.com.ph | Local SEO | Local Basic | Local SEO - Local Basic | Active | Update Campaign Roadmap |" name="Then Ill see the COM08_Update Campaign Roadmap in the subprojects page" time="4.07">
    <skipped/>
  </testcase>
  <testcase classname="| lorraine@truelogic.com.ph | Local SEO | Local Basic | Local SEO - Local Basic | Active | Update Campaign Roadmap |" name="| lorraine@truelogic.com.ph | Local SEO | Local Basic | Local SEO - Local Basic | Active | Update Campaign Roadmap |" time="8.083">
    <error message="chrome not reachable
  (Session info: chrome=53.0.2785.116)
  (Driver info: chromedriver=2.25.426923 (0390b88869384d6eb0d5d09729679f934aab9eed),platform=Windows NT 10.0.17134 x86_64) (WARNING: The server did not provide any stacktrace information)
Command duration or timeout: 4.01 seconds
Build info: version: &apos;2.53.0&apos;, revision: &apos;35ae25b1534ae328c771e0856c93e187490ca824&apos;, time: &apos;2016-03-15 10:43:46&apos;
System info: host: &apos;ReuelSicatII-LAPTOP&apos;, ip: &apos;192.168.40.144&apos;, os.name: &apos;Windows 10&apos;, os.arch: &apos;amd64&apos;, os.version: &apos;10.0&apos;, java.version: &apos;1.8.0_181&apos;
Driver info: org.openqa.selenium.chrome.ChromeDriver
Capabilities [{applicationCacheEnabled=false, rotatable=false, mobileEmulationEnabled=false, networkConnectionEnabled=false, chrome={chromedriverVersion=2.25.426923 (0390b88869384d6eb0d5d09729679f934aab9eed), userDataDir=C:\Users\REUELS~1\AppData\Local\Temp\scoped_dir93948_25971}, takesHeapSnapshot=true, pageLoadStrategy=normal, databaseEnabled=false, handlesAlerts=true, hasTouchScreen=false, version=53.0.2785.116, platform=XP, browserConnectionEnabled=false, nativeEvents=true, acceptSslCerts=true, locationContextEnabled=true, webStorageEnabled=true, browserName=chrome, takesScreenshot=true, javascriptEnabled=true, cssSelectorsEnabled=true}]
Session ID: 92d136295998e0382b0f0cc7099b83b6" type="org.openqa.selenium.WebDriverException">org.openqa.selenium.WebDriverException: chrome not reachable
  (Session info: chrome=53.0.2785.116)
  (Driver info: chromedriver=2.25.426923 (0390b88869384d6eb0d5d09729679f934aab9eed),platform=Windows NT 10.0.17134 x86_64) (WARNING: The server did not provide any stacktrace information)
Command duration or timeout: 4.01 seconds
Build info: version: &apos;2.53.0&apos;, revision: &apos;35ae25b1534ae328c771e0856c93e187490ca824&apos;, time: &apos;2016-03-15 10:43:46&apos;
System info: host: &apos;ReuelSicatII-LAPTOP&apos;, ip: &apos;192.168.40.144&apos;, os.name: &apos;Windows 10&apos;, os.arch: &apos;amd64&apos;, os.version: &apos;10.0&apos;, java.version: &apos;1.8.0_181&apos;
Driver info: org.openqa.selenium.chrome.ChromeDriver
Capabilities [{applicationCacheEnabled=false, rotatable=false, mobileEmulationEnabled=false, networkConnectionEnabled=false, chrome={chromedriverVersion=2.25.426923 (0390b88869384d6eb0d5d09729679f934aab9eed), userDataDir=C:\Users\REUELS~1\AppData\Local\Temp\scoped_dir93948_25971}, takesHeapSnapshot=true, pageLoadStrategy=normal, databaseEnabled=false, handlesAlerts=true, hasTouchScreen=false, version=53.0.2785.116, platform=XP, browserConnectionEnabled=false, nativeEvents=true, acceptSslCerts=true, locationContextEnabled=true, webStorageEnabled=true, browserName=chrome, takesScreenshot=true, javascriptEnabled=true, cssSelectorsEnabled=true}]
Session ID: 92d136295998e0382b0f0cc7099b83b6
	at sun.reflect.GeneratedConstructorAccessor19.newInstance(Unknown Source)
	at sun.reflect.DelegatingConstructorAccessorImpl.newInstance(DelegatingConstructorAccessorImpl.java:45)
	at java.lang.reflect.Constructor.newInstance(Constructor.java:423)
	at org.openqa.selenium.remote.ErrorHandler.createThrowable(ErrorHandler.java:206)
	at org.openqa.selenium.remote.ErrorHandler.throwIfResponseFailed(ErrorHandler.java:158)
	at org.openqa.selenium.remote.RemoteWebDriver.execute(RemoteWebDriver.java:678)
	at org.openqa.selenium.remote.RemoteWebDriver.execute(RemoteWebDriver.java:701)
	at org.openqa.selenium.remote.RemoteWebDriver.getScreenshotAs(RemoteWebDriver.java:335)
	at cucumber.Framework.TearDown.teardown(TearDown.java:33)
	at sun.reflect.GeneratedMethodAccessor36.invoke(Unknown Source)
	at sun.reflect.DelegatingMethodAccessorImpl.invoke(DelegatingMethodAccessorImpl.java:43)
	at java.lang.reflect.Method.invoke(Method.java:498)
	at cucumber.runtime.Utils$1.call(Utils.java:37)
	at cucumber.runtime.Timeout.timeout(Timeout.java:13)
	at cucumber.runtime.Utils.invoke(Utils.java:31)
	at cucumber.runtime.java.JavaHookDefinition.execute(JavaHookDefinition.java:60)
	at cucumber.runtime.Runtime.runHookIfTagsMatch(Runtime.java:223)
	at cucumber.runtime.Runtime.runHooks(Runtime.java:211)
	at cucumber.runtime.Runtime.runAfterHooks(Runtime.java:205)
	at cucumber.runtime.model.CucumberScenario.run(CucumberScenario.java:46)
	at cucumber.runtime.junit.ExecutionUnitRunner.run(ExecutionUnitRunner.java:91)
	at org.junit.runners.Suite.runChild(Suite.java:127)
	at org.junit.runners.Suite.runChild(Suite.java:26)
	at org.junit.runners.ParentRunner$3.run(ParentRunner.java:238)
	at org.junit.runners.ParentRunner$1.schedule(ParentRunner.java:63)
	at org.junit.runners.ParentRunner.runChildren(ParentRunner.java:236)
	at org.junit.runners.ParentRunner.access$000(ParentRunner.java:53)
	at org.junit.runners.ParentRunner$2.evaluate(ParentRunner.java:229)
	at org.junit.runners.ParentRunner.run(ParentRunner.java:309)
	at cucumber.runtime.junit.ExamplesRunner.run(ExamplesRunner.java:59)
	at org.junit.runners.Suite.runChild(Suite.java:127)
	at org.junit.runners.Suite.runChild(Suite.java:26)
	at org.junit.runners.ParentRunner$3.run(ParentRunner.java:238)
	at org.junit.runners.ParentRunner$1.schedule(ParentRunner.java:63)
	at org.junit.runners.ParentRunner.runChildren(ParentRunner.java:236)
	at org.junit.runners.ParentRunner.access$000(ParentRunner.java:53)
	at org.junit.runners.ParentRunner$2.evaluate(ParentRunner.java:229)
	at org.junit.runners.ParentRunner.run(ParentRunner.java:309)
	at cucumber.runtime.junit.ScenarioOutlineRunner.run(ScenarioOutlineRunner.java:53)
	at cucumber.runtime.junit.FeatureRunner.runChild(FeatureRunner.java:63)
	at cucumber.runtime.junit.FeatureRunner.runChild(FeatureRunner.java:18)
	at org.junit.runners.ParentRunner$3.run(ParentRunner.java:238)
	at org.junit.runners.ParentRunner$1.schedule(ParentRunner.java:63)
	at org.junit.runners.ParentRunner.runChildren(ParentRunner.java:236)
	at org.junit.runners.ParentRunner.access$000(ParentRunner.java:53)
	at org.junit.runners.ParentRunner$2.evaluate(ParentRunner.java:229)
	at org.junit.runners.ParentRunner.run(ParentRunner.java:309)
	at cucumber.runtime.junit.FeatureRunner.run(FeatureRunner.java:70)
	at cucumber.api.junit.Cucumber.runChild(Cucumber.java:93)
	at cucumber.api.junit.Cucumber.runChild(Cucumber.java:37)
	at org.junit.runners.ParentRunner$3.run(ParentRunner.java:238)
	at org.junit.runners.ParentRunner$1.schedule(ParentRunner.java:63)
	at org.junit.runners.ParentRunner.runChildren(ParentRunner.java:236)
	at org.junit.runners.ParentRunner.access$000(ParentRunner.java:53)
	at org.junit.runners.ParentRunner$2.evaluate(ParentRunner.java:229)
	at org.junit.internal.runners.statements.RunBefores.evaluate(RunBefores.java:26)
	at org.junit.internal.runners.statements.RunAfters.evaluate(RunAfters.java:27)
	at org.junit.runners.ParentRunner.run(ParentRunner.java:309)
	at cucumber.api.junit.Cucumber.run(Cucumber.java:98)
	at org.apache.maven.surefire.junit4.JUnit4TestSet.execute(JUnit4TestSet.java:62)
	at org.apache.maven.surefire.suite.AbstractDirectoryTestSuite.executeTestSet(AbstractDirectoryTestSuite.java:140)
	at org.apache.maven.surefire.suite.AbstractDirectoryTestSuite.execute(AbstractDirectoryTestSuite.java:127)
	at org.apache.maven.surefire.Surefire.run(Surefire.java:177)
	at sun.reflect.NativeMethodAccessorImpl.invoke0(Native Method)
	at sun.reflect.NativeMethodAccessorImpl.invoke(NativeMethodAccessorImpl.java:62)
	at sun.reflect.DelegatingMethodAccessorImpl.invoke(DelegatingMethodAccessorImpl.java:43)
	at java.lang.reflect.Method.invoke(Method.java:498)
	at org.apache.maven.surefire.booter.SurefireBooter.runSuitesInProcess(SurefireBooter.java:338)
	at org.apache.maven.surefire.booter.SurefireBooter.main(SurefireBooter.java:997)
</error>
    <system-out>Helper - Scenario Name: LocalSEO_TS03
</system-out>
  </testcase>
</testsuite>