-------------------------------------------------------------------------------
Test set: test.Runner.R1_KratosSmokeTest
-------------------------------------------------------------------------------
Tests run: 100, Failures: 0, Errors: 20, Skipped: 60, Time elapsed: 6.261 sec <<< FAILURE!
And I set baseURI for KratosDEVURL(| /seo/site_page | https://www.truelogic.com.ph | 200 | SeoSitepage_TS01_TC01 |)  Time elapsed: 0 sec  <<< ERROR!
java.lang.IllegalArgumentException: Base URI cannot be null
	at sun.reflect.GeneratedConstructorAccessor33.newInstance(Unknown Source)
	at sun.reflect.DelegatingConstructorAccessorImpl.newInstance(DelegatingConstructorAccessorImpl.java:45)
	at java.lang.reflect.Constructor.newInstance(Constructor.java:423)
	at org.codehaus.groovy.reflection.CachedConstructor.invoke(CachedConstructor.java:83)
	at org.codehaus.groovy.reflection.CachedConstructor.doConstructorInvoke(CachedConstructor.java:77)
	at org.codehaus.groovy.runtime.callsite.ConstructorSite$ConstructorSiteNoUnwrap.callConstructor(ConstructorSite.java:84)
	at org.codehaus.groovy.runtime.callsite.AbstractCallSite.callConstructor(AbstractCallSite.java:247)
	at io.restassured.internal.assertion.AssertParameter.notNull(AssertParameter.groovy:26)
	at io.restassured.internal.assertion.AssertParameter$notNull.callStatic(Unknown Source)
	at io.restassured.internal.RequestSpecificationImpl.baseUri(RequestSpecificationImpl.groovy:748)
	at io.restassured.builder.RequestSpecBuilder.setBaseUri(RequestSpecBuilder.java:1347)
	at restassured.Framework.CommonSteps.I_set_baseURI_for_KratosDEVURL(CommonSteps.java:48)
	at ?.And I set baseURI for KratosDEVURL(FeatureFilesKratos/TAA-20.feature:25)

| /seo/site_page | https://www.truelogic.com.ph | 200 | SeoSitepage_TS01_TC01 |  Time elapsed: 0.001 sec  <<< ERROR!
java.lang.IllegalArgumentException: Base URI cannot be null
	at sun.reflect.GeneratedConstructorAccessor33.newInstance(Unknown Source)
	at sun.reflect.DelegatingConstructorAccessorImpl.newInstance(DelegatingConstructorAccessorImpl.java:45)
	at java.lang.reflect.Constructor.newInstance(Constructor.java:423)
	at org.codehaus.groovy.reflection.CachedConstructor.invoke(CachedConstructor.java:83)
	at org.codehaus.groovy.reflection.CachedConstructor.doConstructorInvoke(CachedConstructor.java:77)
	at org.codehaus.groovy.runtime.callsite.ConstructorSite$ConstructorSiteNoUnwrap.callConstructor(ConstructorSite.java:84)
	at org.codehaus.groovy.runtime.callsite.AbstractCallSite.callConstructor(AbstractCallSite.java:247)
	at io.restassured.internal.assertion.AssertParameter.notNull(AssertParameter.groovy:26)
	at io.restassured.internal.assertion.AssertParameter$notNull.callStatic(Unknown Source)
	at io.restassured.internal.RequestSpecificationImpl.baseUri(RequestSpecificationImpl.groovy:748)
	at io.restassured.builder.RequestSpecBuilder.setBaseUri(RequestSpecBuilder.java:1347)
	at restassured.Framework.CommonSteps.I_set_baseURI_for_KratosDEVURL(CommonSteps.java:48)
	at ?.And I set baseURI for KratosDEVURL(FeatureFilesKratos/TAA-20.feature:25)

And I set baseURI for KratosDEVURL(| /seo/site_page | BadURLInput | 400 | SeoSitepage_TS01_TC02 |)  Time elapsed: 0 sec  <<< ERROR!
java.lang.IllegalArgumentException: Base URI cannot be null
	at sun.reflect.GeneratedConstructorAccessor33.newInstance(Unknown Source)
	at sun.reflect.DelegatingConstructorAccessorImpl.newInstance(DelegatingConstructorAccessorImpl.java:45)
	at java.lang.reflect.Constructor.newInstance(Constructor.java:423)
	at org.codehaus.groovy.reflection.CachedConstructor.invoke(CachedConstructor.java:83)
	at org.codehaus.groovy.reflection.CachedConstructor.doConstructorInvoke(CachedConstructor.java:77)
	at org.codehaus.groovy.runtime.callsite.ConstructorSite$ConstructorSiteNoUnwrap.callConstructor(ConstructorSite.java:84)
	at org.codehaus.groovy.runtime.callsite.AbstractCallSite.callConstructor(AbstractCallSite.java:247)
	at io.restassured.internal.assertion.AssertParameter.notNull(AssertParameter.groovy:26)
	at io.restassured.internal.assertion.AssertParameter$notNull.callStatic(Unknown Source)
	at io.restassured.internal.RequestSpecificationImpl.baseUri(RequestSpecificationImpl.groovy:748)
	at io.restassured.builder.RequestSpecBuilder.setBaseUri(RequestSpecBuilder.java:1347)
	at restassured.Framework.CommonSteps.I_set_baseURI_for_KratosDEVURL(CommonSteps.java:48)
	at ?.And I set baseURI for KratosDEVURL(FeatureFilesKratos/TAA-20.feature:25)

| /seo/site_page | BadURLInput | 400 | SeoSitepage_TS01_TC02 |  Time elapsed: 0 sec  <<< ERROR!
java.lang.IllegalArgumentException: Base URI cannot be null
	at sun.reflect.GeneratedConstructorAccessor33.newInstance(Unknown Source)
	at sun.reflect.DelegatingConstructorAccessorImpl.newInstance(DelegatingConstructorAccessorImpl.java:45)
	at java.lang.reflect.Constructor.newInstance(Constructor.java:423)
	at org.codehaus.groovy.reflection.CachedConstructor.invoke(CachedConstructor.java:83)
	at org.codehaus.groovy.reflection.CachedConstructor.doConstructorInvoke(CachedConstructor.java:77)
	at org.codehaus.groovy.runtime.callsite.ConstructorSite$ConstructorSiteNoUnwrap.callConstructor(ConstructorSite.java:84)
	at org.codehaus.groovy.runtime.callsite.AbstractCallSite.callConstructor(AbstractCallSite.java:247)
	at io.restassured.internal.assertion.AssertParameter.notNull(AssertParameter.groovy:26)
	at io.restassured.internal.assertion.AssertParameter$notNull.callStatic(Unknown Source)
	at io.restassured.internal.RequestSpecificationImpl.baseUri(RequestSpecificationImpl.groovy:748)
	at io.restassured.builder.RequestSpecBuilder.setBaseUri(RequestSpecBuilder.java:1347)
	at restassured.Framework.CommonSteps.I_set_baseURI_for_KratosDEVURL(CommonSteps.java:48)
	at ?.And I set baseURI for KratosDEVURL(FeatureFilesKratos/TAA-20.feature:25)

And I set baseURI for KratosDEVURL(| /seo/domain_redirect | https://www.truelogic.com.ph | 200 | SeoDomainredirect_TS01_TC01 |)  Time elapsed: 0 sec  <<< ERROR!
java.lang.IllegalArgumentException: Base URI cannot be null
	at sun.reflect.GeneratedConstructorAccessor33.newInstance(Unknown Source)
	at sun.reflect.DelegatingConstructorAccessorImpl.newInstance(DelegatingConstructorAccessorImpl.java:45)
	at java.lang.reflect.Constructor.newInstance(Constructor.java:423)
	at org.codehaus.groovy.reflection.CachedConstructor.invoke(CachedConstructor.java:83)
	at org.codehaus.groovy.reflection.CachedConstructor.doConstructorInvoke(CachedConstructor.java:77)
	at org.codehaus.groovy.runtime.callsite.ConstructorSite$ConstructorSiteNoUnwrap.callConstructor(ConstructorSite.java:84)
	at org.codehaus.groovy.runtime.callsite.AbstractCallSite.callConstructor(AbstractCallSite.java:247)
	at io.restassured.internal.assertion.AssertParameter.notNull(AssertParameter.groovy:26)
	at io.restassured.internal.assertion.AssertParameter$notNull.callStatic(Unknown Source)
	at io.restassured.internal.RequestSpecificationImpl.baseUri(RequestSpecificationImpl.groovy:748)
	at io.restassured.builder.RequestSpecBuilder.setBaseUri(RequestSpecBuilder.java:1347)
	at restassured.Framework.CommonSteps.I_set_baseURI_for_KratosDEVURL(CommonSteps.java:48)
	at ?.And I set baseURI for KratosDEVURL(FeatureFilesKratos/TAA-21.feature:25)

| /seo/domain_redirect | https://www.truelogic.com.ph | 200 | SeoDomainredirect_TS01_TC01 |  Time elapsed: 0 sec  <<< ERROR!
java.lang.IllegalArgumentException: Base URI cannot be null
	at sun.reflect.GeneratedConstructorAccessor33.newInstance(Unknown Source)
	at sun.reflect.DelegatingConstructorAccessorImpl.newInstance(DelegatingConstructorAccessorImpl.java:45)
	at java.lang.reflect.Constructor.newInstance(Constructor.java:423)
	at org.codehaus.groovy.reflection.CachedConstructor.invoke(CachedConstructor.java:83)
	at org.codehaus.groovy.reflection.CachedConstructor.doConstructorInvoke(CachedConstructor.java:77)
	at org.codehaus.groovy.runtime.callsite.ConstructorSite$ConstructorSiteNoUnwrap.callConstructor(ConstructorSite.java:84)
	at org.codehaus.groovy.runtime.callsite.AbstractCallSite.callConstructor(AbstractCallSite.java:247)
	at io.restassured.internal.assertion.AssertParameter.notNull(AssertParameter.groovy:26)
	at io.restassured.internal.assertion.AssertParameter$notNull.callStatic(Unknown Source)
	at io.restassured.internal.RequestSpecificationImpl.baseUri(RequestSpecificationImpl.groovy:748)
	at io.restassured.builder.RequestSpecBuilder.setBaseUri(RequestSpecBuilder.java:1347)
	at restassured.Framework.CommonSteps.I_set_baseURI_for_KratosDEVURL(CommonSteps.java:48)
	at ?.And I set baseURI for KratosDEVURL(FeatureFilesKratos/TAA-21.feature:25)

And I set baseURI for KratosDEVURL(| /seo/domain_redirect | BadURLInput | 400 | SeoDomainredirect_TS01_TC02 |)  Time elapsed: 0 sec  <<< ERROR!
java.lang.IllegalArgumentException: Base URI cannot be null
	at sun.reflect.GeneratedConstructorAccessor33.newInstance(Unknown Source)
	at sun.reflect.DelegatingConstructorAccessorImpl.newInstance(DelegatingConstructorAccessorImpl.java:45)
	at java.lang.reflect.Constructor.newInstance(Constructor.java:423)
	at org.codehaus.groovy.reflection.CachedConstructor.invoke(CachedConstructor.java:83)
	at org.codehaus.groovy.reflection.CachedConstructor.doConstructorInvoke(CachedConstructor.java:77)
	at org.codehaus.groovy.runtime.callsite.ConstructorSite$ConstructorSiteNoUnwrap.callConstructor(ConstructorSite.java:84)
	at org.codehaus.groovy.runtime.callsite.AbstractCallSite.callConstructor(AbstractCallSite.java:247)
	at io.restassured.internal.assertion.AssertParameter.notNull(AssertParameter.groovy:26)
	at io.restassured.internal.assertion.AssertParameter$notNull.callStatic(Unknown Source)
	at io.restassured.internal.RequestSpecificationImpl.baseUri(RequestSpecificationImpl.groovy:748)
	at io.restassured.builder.RequestSpecBuilder.setBaseUri(RequestSpecBuilder.java:1347)
	at restassured.Framework.CommonSteps.I_set_baseURI_for_KratosDEVURL(CommonSteps.java:48)
	at ?.And I set baseURI for KratosDEVURL(FeatureFilesKratos/TAA-21.feature:25)

| /seo/domain_redirect | BadURLInput | 400 | SeoDomainredirect_TS01_TC02 |  Time elapsed: 0 sec  <<< ERROR!
java.lang.IllegalArgumentException: Base URI cannot be null
	at sun.reflect.GeneratedConstructorAccessor33.newInstance(Unknown Source)
	at sun.reflect.DelegatingConstructorAccessorImpl.newInstance(DelegatingConstructorAccessorImpl.java:45)
	at java.lang.reflect.Constructor.newInstance(Constructor.java:423)
	at org.codehaus.groovy.reflection.CachedConstructor.invoke(CachedConstructor.java:83)
	at org.codehaus.groovy.reflection.CachedConstructor.doConstructorInvoke(CachedConstructor.java:77)
	at org.codehaus.groovy.runtime.callsite.ConstructorSite$ConstructorSiteNoUnwrap.callConstructor(ConstructorSite.java:84)
	at org.codehaus.groovy.runtime.callsite.AbstractCallSite.callConstructor(AbstractCallSite.java:247)
	at io.restassured.internal.assertion.AssertParameter.notNull(AssertParameter.groovy:26)
	at io.restassured.internal.assertion.AssertParameter$notNull.callStatic(Unknown Source)
	at io.restassured.internal.RequestSpecificationImpl.baseUri(RequestSpecificationImpl.groovy:748)
	at io.restassured.builder.RequestSpecBuilder.setBaseUri(RequestSpecBuilder.java:1347)
	at restassured.Framework.CommonSteps.I_set_baseURI_for_KratosDEVURL(CommonSteps.java:48)
	at ?.And I set baseURI for KratosDEVURL(FeatureFilesKratos/TAA-21.feature:25)

And I set baseURI for KratosDEVURL(| /seo/robot | https://www.truelogic.com.ph | 200 | SeoRobot_TS01_TC01 |)  Time elapsed: 0 sec  <<< ERROR!
java.lang.IllegalArgumentException: Base URI cannot be null
	at sun.reflect.GeneratedConstructorAccessor33.newInstance(Unknown Source)
	at sun.reflect.DelegatingConstructorAccessorImpl.newInstance(DelegatingConstructorAccessorImpl.java:45)
	at java.lang.reflect.Constructor.newInstance(Constructor.java:423)
	at org.codehaus.groovy.reflection.CachedConstructor.invoke(CachedConstructor.java:83)
	at org.codehaus.groovy.reflection.CachedConstructor.doConstructorInvoke(CachedConstructor.java:77)
	at org.codehaus.groovy.runtime.callsite.ConstructorSite$ConstructorSiteNoUnwrap.callConstructor(ConstructorSite.java:84)
	at org.codehaus.groovy.runtime.callsite.AbstractCallSite.callConstructor(AbstractCallSite.java:247)
	at io.restassured.internal.assertion.AssertParameter.notNull(AssertParameter.groovy:26)
	at io.restassured.internal.assertion.AssertParameter$notNull.callStatic(Unknown Source)
	at io.restassured.internal.RequestSpecificationImpl.baseUri(RequestSpecificationImpl.groovy:748)
	at io.restassured.builder.RequestSpecBuilder.setBaseUri(RequestSpecBuilder.java:1347)
	at restassured.Framework.CommonSteps.I_set_baseURI_for_KratosDEVURL(CommonSteps.java:48)
	at ?.And I set baseURI for KratosDEVURL(FeatureFilesKratos/TAA-22.feature:25)

| /seo/robot | https://www.truelogic.com.ph | 200 | SeoRobot_TS01_TC01 |  Time elapsed: 0 sec  <<< ERROR!
java.lang.IllegalArgumentException: Base URI cannot be null
	at sun.reflect.GeneratedConstructorAccessor33.newInstance(Unknown Source)
	at sun.reflect.DelegatingConstructorAccessorImpl.newInstance(DelegatingConstructorAccessorImpl.java:45)
	at java.lang.reflect.Constructor.newInstance(Constructor.java:423)
	at org.codehaus.groovy.reflection.CachedConstructor.invoke(CachedConstructor.java:83)
	at org.codehaus.groovy.reflection.CachedConstructor.doConstructorInvoke(CachedConstructor.java:77)
	at org.codehaus.groovy.runtime.callsite.ConstructorSite$ConstructorSiteNoUnwrap.callConstructor(ConstructorSite.java:84)
	at org.codehaus.groovy.runtime.callsite.AbstractCallSite.callConstructor(AbstractCallSite.java:247)
	at io.restassured.internal.assertion.AssertParameter.notNull(AssertParameter.groovy:26)
	at io.restassured.internal.assertion.AssertParameter$notNull.callStatic(Unknown Source)
	at io.restassured.internal.RequestSpecificationImpl.baseUri(RequestSpecificationImpl.groovy:748)
	at io.restassured.builder.RequestSpecBuilder.setBaseUri(RequestSpecBuilder.java:1347)
	at restassured.Framework.CommonSteps.I_set_baseURI_for_KratosDEVURL(CommonSteps.java:48)
	at ?.And I set baseURI for KratosDEVURL(FeatureFilesKratos/TAA-22.feature:25)

And I set baseURI for KratosDEVURL(| /seo/robot | BadURLInput | 400 | SeoRobot_TS01_TC02 |)  Time elapsed: 0 sec  <<< ERROR!
java.lang.IllegalArgumentException: Base URI cannot be null
	at sun.reflect.GeneratedConstructorAccessor33.newInstance(Unknown Source)
	at sun.reflect.DelegatingConstructorAccessorImpl.newInstance(DelegatingConstructorAccessorImpl.java:45)
	at java.lang.reflect.Constructor.newInstance(Constructor.java:423)
	at org.codehaus.groovy.reflection.CachedConstructor.invoke(CachedConstructor.java:83)
	at org.codehaus.groovy.reflection.CachedConstructor.doConstructorInvoke(CachedConstructor.java:77)
	at org.codehaus.groovy.runtime.callsite.ConstructorSite$ConstructorSiteNoUnwrap.callConstructor(ConstructorSite.java:84)
	at org.codehaus.groovy.runtime.callsite.AbstractCallSite.callConstructor(AbstractCallSite.java:247)
	at io.restassured.internal.assertion.AssertParameter.notNull(AssertParameter.groovy:26)
	at io.restassured.internal.assertion.AssertParameter$notNull.callStatic(Unknown Source)
	at io.restassured.internal.RequestSpecificationImpl.baseUri(RequestSpecificationImpl.groovy:748)
	at io.restassured.builder.RequestSpecBuilder.setBaseUri(RequestSpecBuilder.java:1347)
	at restassured.Framework.CommonSteps.I_set_baseURI_for_KratosDEVURL(CommonSteps.java:48)
	at ?.And I set baseURI for KratosDEVURL(FeatureFilesKratos/TAA-22.feature:25)

| /seo/robot | BadURLInput | 400 | SeoRobot_TS01_TC02 |  Time elapsed: 0 sec  <<< ERROR!
java.lang.IllegalArgumentException: Base URI cannot be null
	at sun.reflect.GeneratedConstructorAccessor33.newInstance(Unknown Source)
	at sun.reflect.DelegatingConstructorAccessorImpl.newInstance(DelegatingConstructorAccessorImpl.java:45)
	at java.lang.reflect.Constructor.newInstance(Constructor.java:423)
	at org.codehaus.groovy.reflection.CachedConstructor.invoke(CachedConstructor.java:83)
	at org.codehaus.groovy.reflection.CachedConstructor.doConstructorInvoke(CachedConstructor.java:77)
	at org.codehaus.groovy.runtime.callsite.ConstructorSite$ConstructorSiteNoUnwrap.callConstructor(ConstructorSite.java:84)
	at org.codehaus.groovy.runtime.callsite.AbstractCallSite.callConstructor(AbstractCallSite.java:247)
	at io.restassured.internal.assertion.AssertParameter.notNull(AssertParameter.groovy:26)
	at io.restassured.internal.assertion.AssertParameter$notNull.callStatic(Unknown Source)
	at io.restassured.internal.RequestSpecificationImpl.baseUri(RequestSpecificationImpl.groovy:748)
	at io.restassured.builder.RequestSpecBuilder.setBaseUri(RequestSpecBuilder.java:1347)
	at restassured.Framework.CommonSteps.I_set_baseURI_for_KratosDEVURL(CommonSteps.java:48)
	at ?.And I set baseURI for KratosDEVURL(FeatureFilesKratos/TAA-22.feature:25)

And I set baseURI for KratosDEVURL(| /seo/sitemap | https://www.truelogic.com.ph | 200 | SeoSitemap_TS01_TC01 |)  Time elapsed: 0 sec  <<< ERROR!
java.lang.IllegalArgumentException: Base URI cannot be null
	at sun.reflect.GeneratedConstructorAccessor33.newInstance(Unknown Source)
	at sun.reflect.DelegatingConstructorAccessorImpl.newInstance(DelegatingConstructorAccessorImpl.java:45)
	at java.lang.reflect.Constructor.newInstance(Constructor.java:423)
	at org.codehaus.groovy.reflection.CachedConstructor.invoke(CachedConstructor.java:83)
	at org.codehaus.groovy.reflection.CachedConstructor.doConstructorInvoke(CachedConstructor.java:77)
	at org.codehaus.groovy.runtime.callsite.ConstructorSite$ConstructorSiteNoUnwrap.callConstructor(ConstructorSite.java:84)
	at org.codehaus.groovy.runtime.callsite.AbstractCallSite.callConstructor(AbstractCallSite.java:247)
	at io.restassured.internal.assertion.AssertParameter.notNull(AssertParameter.groovy:26)
	at io.restassured.internal.assertion.AssertParameter$notNull.callStatic(Unknown Source)
	at io.restassured.internal.RequestSpecificationImpl.baseUri(RequestSpecificationImpl.groovy:748)
	at io.restassured.builder.RequestSpecBuilder.setBaseUri(RequestSpecBuilder.java:1347)
	at restassured.Framework.CommonSteps.I_set_baseURI_for_KratosDEVURL(CommonSteps.java:48)
	at ?.And I set baseURI for KratosDEVURL(FeatureFilesKratos/TAA-24.feature:25)

| /seo/sitemap | https://www.truelogic.com.ph | 200 | SeoSitemap_TS01_TC01 |  Time elapsed: 0 sec  <<< ERROR!
java.lang.IllegalArgumentException: Base URI cannot be null
	at sun.reflect.GeneratedConstructorAccessor33.newInstance(Unknown Source)
	at sun.reflect.DelegatingConstructorAccessorImpl.newInstance(DelegatingConstructorAccessorImpl.java:45)
	at java.lang.reflect.Constructor.newInstance(Constructor.java:423)
	at org.codehaus.groovy.reflection.CachedConstructor.invoke(CachedConstructor.java:83)
	at org.codehaus.groovy.reflection.CachedConstructor.doConstructorInvoke(CachedConstructor.java:77)
	at org.codehaus.groovy.runtime.callsite.ConstructorSite$ConstructorSiteNoUnwrap.callConstructor(ConstructorSite.java:84)
	at org.codehaus.groovy.runtime.callsite.AbstractCallSite.callConstructor(AbstractCallSite.java:247)
	at io.restassured.internal.assertion.AssertParameter.notNull(AssertParameter.groovy:26)
	at io.restassured.internal.assertion.AssertParameter$notNull.callStatic(Unknown Source)
	at io.restassured.internal.RequestSpecificationImpl.baseUri(RequestSpecificationImpl.groovy:748)
	at io.restassured.builder.RequestSpecBuilder.setBaseUri(RequestSpecBuilder.java:1347)
	at restassured.Framework.CommonSteps.I_set_baseURI_for_KratosDEVURL(CommonSteps.java:48)
	at ?.And I set baseURI for KratosDEVURL(FeatureFilesKratos/TAA-24.feature:25)

And I set baseURI for KratosDEVURL(| /seo/sitemap | BadURLInput | 400 | SeoSitemap_TS01_TC02 |)  Time elapsed: 0 sec  <<< ERROR!
java.lang.IllegalArgumentException: Base URI cannot be null
	at sun.reflect.GeneratedConstructorAccessor33.newInstance(Unknown Source)
	at sun.reflect.DelegatingConstructorAccessorImpl.newInstance(DelegatingConstructorAccessorImpl.java:45)
	at java.lang.reflect.Constructor.newInstance(Constructor.java:423)
	at org.codehaus.groovy.reflection.CachedConstructor.invoke(CachedConstructor.java:83)
	at org.codehaus.groovy.reflection.CachedConstructor.doConstructorInvoke(CachedConstructor.java:77)
	at org.codehaus.groovy.runtime.callsite.ConstructorSite$ConstructorSiteNoUnwrap.callConstructor(ConstructorSite.java:84)
	at org.codehaus.groovy.runtime.callsite.AbstractCallSite.callConstructor(AbstractCallSite.java:247)
	at io.restassured.internal.assertion.AssertParameter.notNull(AssertParameter.groovy:26)
	at io.restassured.internal.assertion.AssertParameter$notNull.callStatic(Unknown Source)
	at io.restassured.internal.RequestSpecificationImpl.baseUri(RequestSpecificationImpl.groovy:748)
	at io.restassured.builder.RequestSpecBuilder.setBaseUri(RequestSpecBuilder.java:1347)
	at restassured.Framework.CommonSteps.I_set_baseURI_for_KratosDEVURL(CommonSteps.java:48)
	at ?.And I set baseURI for KratosDEVURL(FeatureFilesKratos/TAA-24.feature:25)

| /seo/sitemap | BadURLInput | 400 | SeoSitemap_TS01_TC02 |  Time elapsed: 0.001 sec  <<< ERROR!
java.lang.IllegalArgumentException: Base URI cannot be null
	at sun.reflect.GeneratedConstructorAccessor33.newInstance(Unknown Source)
	at sun.reflect.DelegatingConstructorAccessorImpl.newInstance(DelegatingConstructorAccessorImpl.java:45)
	at java.lang.reflect.Constructor.newInstance(Constructor.java:423)
	at org.codehaus.groovy.reflection.CachedConstructor.invoke(CachedConstructor.java:83)
	at org.codehaus.groovy.reflection.CachedConstructor.doConstructorInvoke(CachedConstructor.java:77)
	at org.codehaus.groovy.runtime.callsite.ConstructorSite$ConstructorSiteNoUnwrap.callConstructor(ConstructorSite.java:84)
	at org.codehaus.groovy.runtime.callsite.AbstractCallSite.callConstructor(AbstractCallSite.java:247)
	at io.restassured.internal.assertion.AssertParameter.notNull(AssertParameter.groovy:26)
	at io.restassured.internal.assertion.AssertParameter$notNull.callStatic(Unknown Source)
	at io.restassured.internal.RequestSpecificationImpl.baseUri(RequestSpecificationImpl.groovy:748)
	at io.restassured.builder.RequestSpecBuilder.setBaseUri(RequestSpecBuilder.java:1347)
	at restassured.Framework.CommonSteps.I_set_baseURI_for_KratosDEVURL(CommonSteps.java:48)
	at ?.And I set baseURI for KratosDEVURL(FeatureFilesKratos/TAA-24.feature:25)

And I set baseURI for KratosDEVURL(| /seo/broken_links | https://www.truelogic.com.ph | 200 | SeoBrokenlinks_TS01_TC01 |)  Time elapsed: 0 sec  <<< ERROR!
java.lang.IllegalArgumentException: Base URI cannot be null
	at sun.reflect.GeneratedConstructorAccessor33.newInstance(Unknown Source)
	at sun.reflect.DelegatingConstructorAccessorImpl.newInstance(DelegatingConstructorAccessorImpl.java:45)
	at java.lang.reflect.Constructor.newInstance(Constructor.java:423)
	at org.codehaus.groovy.reflection.CachedConstructor.invoke(CachedConstructor.java:83)
	at org.codehaus.groovy.reflection.CachedConstructor.doConstructorInvoke(CachedConstructor.java:77)
	at org.codehaus.groovy.runtime.callsite.ConstructorSite$ConstructorSiteNoUnwrap.callConstructor(ConstructorSite.java:84)
	at org.codehaus.groovy.runtime.callsite.AbstractCallSite.callConstructor(AbstractCallSite.java:247)
	at io.restassured.internal.assertion.AssertParameter.notNull(AssertParameter.groovy:26)
	at io.restassured.internal.assertion.AssertParameter$notNull.callStatic(Unknown Source)
	at io.restassured.internal.RequestSpecificationImpl.baseUri(RequestSpecificationImpl.groovy:748)
	at io.restassured.builder.RequestSpecBuilder.setBaseUri(RequestSpecBuilder.java:1347)
	at restassured.Framework.CommonSteps.I_set_baseURI_for_KratosDEVURL(CommonSteps.java:48)
	at ?.And I set baseURI for KratosDEVURL(FeatureFilesKratos/TAA-25.feature:25)

| /seo/broken_links | https://www.truelogic.com.ph | 200 | SeoBrokenlinks_TS01_TC01 |  Time elapsed: 0 sec  <<< ERROR!
java.lang.IllegalArgumentException: Base URI cannot be null
	at sun.reflect.GeneratedConstructorAccessor33.newInstance(Unknown Source)
	at sun.reflect.DelegatingConstructorAccessorImpl.newInstance(DelegatingConstructorAccessorImpl.java:45)
	at java.lang.reflect.Constructor.newInstance(Constructor.java:423)
	at org.codehaus.groovy.reflection.CachedConstructor.invoke(CachedConstructor.java:83)
	at org.codehaus.groovy.reflection.CachedConstructor.doConstructorInvoke(CachedConstructor.java:77)
	at org.codehaus.groovy.runtime.callsite.ConstructorSite$ConstructorSiteNoUnwrap.callConstructor(ConstructorSite.java:84)
	at org.codehaus.groovy.runtime.callsite.AbstractCallSite.callConstructor(AbstractCallSite.java:247)
	at io.restassured.internal.assertion.AssertParameter.notNull(AssertParameter.groovy:26)
	at io.restassured.internal.assertion.AssertParameter$notNull.callStatic(Unknown Source)
	at io.restassured.internal.RequestSpecificationImpl.baseUri(RequestSpecificationImpl.groovy:748)
	at io.restassured.builder.RequestSpecBuilder.setBaseUri(RequestSpecBuilder.java:1347)
	at restassured.Framework.CommonSteps.I_set_baseURI_for_KratosDEVURL(CommonSteps.java:48)
	at ?.And I set baseURI for KratosDEVURL(FeatureFilesKratos/TAA-25.feature:25)

And I set baseURI for KratosDEVURL(| /seo/broken_links | BadURLInput | 400 | SeoBrokenlinks_TS01_TC02 |)  Time elapsed: 0 sec  <<< ERROR!
java.lang.IllegalArgumentException: Base URI cannot be null
	at sun.reflect.GeneratedConstructorAccessor33.newInstance(Unknown Source)
	at sun.reflect.DelegatingConstructorAccessorImpl.newInstance(DelegatingConstructorAccessorImpl.java:45)
	at java.lang.reflect.Constructor.newInstance(Constructor.java:423)
	at org.codehaus.groovy.reflection.CachedConstructor.invoke(CachedConstructor.java:83)
	at org.codehaus.groovy.reflection.CachedConstructor.doConstructorInvoke(CachedConstructor.java:77)
	at org.codehaus.groovy.runtime.callsite.ConstructorSite$ConstructorSiteNoUnwrap.callConstructor(ConstructorSite.java:84)
	at org.codehaus.groovy.runtime.callsite.AbstractCallSite.callConstructor(AbstractCallSite.java:247)
	at io.restassured.internal.assertion.AssertParameter.notNull(AssertParameter.groovy:26)
	at io.restassured.internal.assertion.AssertParameter$notNull.callStatic(Unknown Source)
	at io.restassured.internal.RequestSpecificationImpl.baseUri(RequestSpecificationImpl.groovy:748)
	at io.restassured.builder.RequestSpecBuilder.setBaseUri(RequestSpecBuilder.java:1347)
	at restassured.Framework.CommonSteps.I_set_baseURI_for_KratosDEVURL(CommonSteps.java:48)
	at ?.And I set baseURI for KratosDEVURL(FeatureFilesKratos/TAA-25.feature:25)

| /seo/broken_links | BadURLInput | 400 | SeoBrokenlinks_TS01_TC02 |  Time elapsed: 0 sec  <<< ERROR!
java.lang.IllegalArgumentException: Base URI cannot be null
	at sun.reflect.GeneratedConstructorAccessor33.newInstance(Unknown Source)
	at sun.reflect.DelegatingConstructorAccessorImpl.newInstance(DelegatingConstructorAccessorImpl.java:45)
	at java.lang.reflect.Constructor.newInstance(Constructor.java:423)
	at org.codehaus.groovy.reflection.CachedConstructor.invoke(CachedConstructor.java:83)
	at org.codehaus.groovy.reflection.CachedConstructor.doConstructorInvoke(CachedConstructor.java:77)
	at org.codehaus.groovy.runtime.callsite.ConstructorSite$ConstructorSiteNoUnwrap.callConstructor(ConstructorSite.java:84)
	at org.codehaus.groovy.runtime.callsite.AbstractCallSite.callConstructor(AbstractCallSite.java:247)
	at io.restassured.internal.assertion.AssertParameter.notNull(AssertParameter.groovy:26)
	at io.restassured.internal.assertion.AssertParameter$notNull.callStatic(Unknown Source)
	at io.restassured.internal.RequestSpecificationImpl.baseUri(RequestSpecificationImpl.groovy:748)
	at io.restassured.builder.RequestSpecBuilder.setBaseUri(RequestSpecBuilder.java:1347)
	at restassured.Framework.CommonSteps.I_set_baseURI_for_KratosDEVURL(CommonSteps.java:48)
	at ?.And I set baseURI for KratosDEVURL(FeatureFilesKratos/TAA-25.feature:25)

