<?xml version="1.0" encoding="UTF-8" ?>
<testsuite tests="377" failures="0" name="test.Runner.R1_LumenSmokeTest" time="7.563" errors="46" skipped="285">
  <properties>
[...]
</properties>
  <testcase classname="| /login/authenticate | bordy@truelogic.com.ph | Abcd1234 | 8 | 200 |" name="Given Im an Account Manager" time="0"/>
  <testcase classname="| /login/authenticate | bordy@truelogic.com.ph | Abcd1234 | 8 | 200 |" name="When I draft RequestSpecBuilder" time="0"/>
  <testcase classname="| /login/authenticate | bordy@truelogic.com.ph | Abcd1234 | 8 | 200 |" name="And I set baseURI for LumenDEVURL" time="0">
    <error message="Base URI cannot be null" type="java.lang.IllegalArgumentException">java.lang.IllegalArgumentException: Base URI cannot be null
	at sun.reflect.NativeConstructorAccessorImpl.newInstance0(Native Method)
	at sun.reflect.NativeConstructorAccessorImpl.newInstance(NativeConstructorAccessorImpl.java:62)
	at sun.reflect.DelegatingConstructorAccessorImpl.newInstance(DelegatingConstructorAccessorImpl.java:45)
	at java.lang.reflect.Constructor.newInstance(Constructor.java:423)
	at org.codehaus.groovy.reflection.CachedConstructor.invoke(CachedConstructor.java:83)
	at org.codehaus.groovy.reflection.CachedConstructor.doConstructorInvoke(CachedConstructor.java:77)
	at org.codehaus.groovy.runtime.callsite.ConstructorSite$ConstructorSiteNoUnwrap.callConstructor(ConstructorSite.java:84)
	at org.codehaus.groovy.runtime.callsite.CallSiteArray.defaultCallConstructor(CallSiteArray.java:60)
	at org.codehaus.groovy.runtime.callsite.AbstractCallSite.callConstructor(AbstractCallSite.java:235)
	at org.codehaus.groovy.runtime.callsite.AbstractCallSite.callConstructor(AbstractCallSite.java:247)
	at io.restassured.internal.assertion.AssertParameter.notNull(AssertParameter.groovy:26)
	at io.restassured.internal.assertion.AssertParameter$notNull.callStatic(Unknown Source)
	at org.codehaus.groovy.runtime.callsite.CallSiteArray.defaultCallStatic(CallSiteArray.java:56)
	at org.codehaus.groovy.runtime.callsite.AbstractCallSite.callStatic(AbstractCallSite.java:194)
	at org.codehaus.groovy.runtime.callsite.AbstractCallSite.callStatic(AbstractCallSite.java:214)
	at io.restassured.internal.RequestSpecificationImpl.baseUri(RequestSpecificationImpl.groovy:748)
	at io.restassured.builder.RequestSpecBuilder.setBaseUri(RequestSpecBuilder.java:1347)
	at restassured.Framework.CommonSteps.I_set_baseURI_for_LumenDEVURL(CommonSteps.java:41)
	at ✽.And I set baseURI for LumenDEVURL(FeatureFilesLumen/TAA-15.feature:25)
</error>
  </testcase>
  <testcase classname="| /login/authenticate | bordy@truelogic.com.ph | Abcd1234 | 8 | 200 |" name="| /login/authenticate | bordy@truelogic.com.ph | Abcd1234 | 8 | 200 |" time="0">
    <error message="Base URI cannot be null" type="java.lang.IllegalArgumentException">java.lang.IllegalArgumentException: Base URI cannot be null
	at sun.reflect.NativeConstructorAccessorImpl.newInstance0(Native Method)
	at sun.reflect.NativeConstructorAccessorImpl.newInstance(NativeConstructorAccessorImpl.java:62)
	at sun.reflect.DelegatingConstructorAccessorImpl.newInstance(DelegatingConstructorAccessorImpl.java:45)
	at java.lang.reflect.Constructor.newInstance(Constructor.java:423)
	at org.codehaus.groovy.reflection.CachedConstructor.invoke(CachedConstructor.java:83)
	at org.codehaus.groovy.reflection.CachedConstructor.doConstructorInvoke(CachedConstructor.java:77)
	at org.codehaus.groovy.runtime.callsite.ConstructorSite$ConstructorSiteNoUnwrap.callConstructor(ConstructorSite.java:84)
	at org.codehaus.groovy.runtime.callsite.CallSiteArray.defaultCallConstructor(CallSiteArray.java:60)
	at org.codehaus.groovy.runtime.callsite.AbstractCallSite.callConstructor(AbstractCallSite.java:235)
	at org.codehaus.groovy.runtime.callsite.AbstractCallSite.callConstructor(AbstractCallSite.java:247)
	at io.restassured.internal.assertion.AssertParameter.notNull(AssertParameter.groovy:26)
	at io.restassured.internal.assertion.AssertParameter$notNull.callStatic(Unknown Source)
	at org.codehaus.groovy.runtime.callsite.CallSiteArray.defaultCallStatic(CallSiteArray.java:56)
	at org.codehaus.groovy.runtime.callsite.AbstractCallSite.callStatic(AbstractCallSite.java:194)
	at org.codehaus.groovy.runtime.callsite.AbstractCallSite.callStatic(AbstractCallSite.java:214)
	at io.restassured.internal.RequestSpecificationImpl.baseUri(RequestSpecificationImpl.groovy:748)
	at io.restassured.builder.RequestSpecBuilder.setBaseUri(RequestSpecBuilder.java:1347)
	at restassured.Framework.CommonSteps.I_set_baseURI_for_LumenDEVURL(CommonSteps.java:41)
	at ✽.And I set baseURI for LumenDEVURL(FeatureFilesLumen/TAA-15.feature:25)
</error>
  </testcase>
  <testcase classname="| /login/authenticate | bordy@truelogic.com.ph | Abcd1234 | 8 | 200 |" name="And I set basePath to /login/authenticate" time="0.001">
    <skipped/>
  </testcase>
  <testcase classname="| /login/authenticate | bordy@truelogic.com.ph | Abcd1234 | 8 | 200 |" name="And I add parameter Key as &quot;email&quot; and Value as bordy@truelogic.com.ph" time="0.001">
    <skipped/>
  </testcase>
  <testcase classname="| /login/authenticate | bordy@truelogic.com.ph | Abcd1234 | 8 | 200 |" name="And I add parameter Key as &quot;password&quot; and Value as Abcd1234" time="0.001">
    <skipped/>
  </testcase>
  <testcase classname="| /login/authenticate | bordy@truelogic.com.ph | Abcd1234 | 8 | 200 |" name="And I add parameter Key as &quot;site_id&quot; and Value as 8" time="0.001">
    <skipped/>
  </testcase>
  <testcase classname="| /login/authenticate | bordy@truelogic.com.ph | Abcd1234 | 8 | 200 |" name="And I build RequestSpecification" time="0.001">
    <skipped/>
  </testcase>
  <testcase classname="| /login/authenticate | bordy@truelogic.com.ph | Abcd1234 | 8 | 200 |" name="And I execute a POST method" time="0.001">
    <skipped/>
  </testcase>
  <testcase classname="| /login/authenticate | bordy@truelogic.com.ph | Abcd1234 | 8 | 200 |" name="And I attached response to JsonPath" time="0.002">
    <skipped/>
  </testcase>
  <testcase classname="| /login/authenticate | bordy@truelogic.com.ph | Abcd1234 | 8 | 200 |" name="And I retrieve token" time="0.002">
    <skipped/>
  </testcase>
  <testcase classname="| /login/authenticate | bordy@truelogic.com.ph | Abcd1234 | 8 | 200 |" name="Then I receive a response with StatusCode 200 over LoginAuthenticate" time="0.002">
    <skipped/>
  </testcase>
  <testcase classname="| /login/authenticate | bordy@truelogic.com.ph | Abcd1234 | 8 | 200 |" name="And I see that response JSON contains all the expected fields and values over LoginAuthenticate" time="0.002">
    <skipped/>
  </testcase>
  <testcase classname="| /login/authenticate | brdy@truelogic.com.ph | Abcd1234 | 8 | 400 | LoginAuthenticate_TS02_TC01 |" name="Given Im an Account Manager" time="0"/>
  <testcase classname="| /login/authenticate | brdy@truelogic.com.ph | Abcd1234 | 8 | 400 | LoginAuthenticate_TS02_TC01 |" name="When I draft RequestSpecBuilder" time="0"/>
  <testcase classname="| /login/authenticate | brdy@truelogic.com.ph | Abcd1234 | 8 | 400 | LoginAuthenticate_TS02_TC01 |" name="And I set baseURI for LumenDEVURL" time="0">
    <error message="Base URI cannot be null" type="java.lang.IllegalArgumentException">java.lang.IllegalArgumentException: Base URI cannot be null
	at sun.reflect.NativeConstructorAccessorImpl.newInstance0(Native Method)
	at sun.reflect.NativeConstructorAccessorImpl.newInstance(NativeConstructorAccessorImpl.java:62)
	at sun.reflect.DelegatingConstructorAccessorImpl.newInstance(DelegatingConstructorAccessorImpl.java:45)
	at java.lang.reflect.Constructor.newInstance(Constructor.java:423)
	at org.codehaus.groovy.reflection.CachedConstructor.invoke(CachedConstructor.java:83)
	at org.codehaus.groovy.reflection.CachedConstructor.doConstructorInvoke(CachedConstructor.java:77)
	at org.codehaus.groovy.runtime.callsite.ConstructorSite$ConstructorSiteNoUnwrap.callConstructor(ConstructorSite.java:84)
	at org.codehaus.groovy.runtime.callsite.AbstractCallSite.callConstructor(AbstractCallSite.java:247)
	at io.restassured.internal.assertion.AssertParameter.notNull(AssertParameter.groovy:26)
	at io.restassured.internal.assertion.AssertParameter$notNull.callStatic(Unknown Source)
	at io.restassured.internal.RequestSpecificationImpl.baseUri(RequestSpecificationImpl.groovy:748)
	at io.restassured.builder.RequestSpecBuilder.setBaseUri(RequestSpecBuilder.java:1347)
	at restassured.Framework.CommonSteps.I_set_baseURI_for_LumenDEVURL(CommonSteps.java:41)
	at ✽.And I set baseURI for LumenDEVURL(FeatureFilesLumen/TAA-15.feature:45)
</error>
  </testcase>
  <testcase classname="| /login/authenticate | brdy@truelogic.com.ph | Abcd1234 | 8 | 400 | LoginAuthenticate_TS02_TC01 |" name="| /login/authenticate | brdy@truelogic.com.ph | Abcd1234 | 8 | 400 | LoginAuthenticate_TS02_TC01 |" time="0">
    <error message="Base URI cannot be null" type="java.lang.IllegalArgumentException">java.lang.IllegalArgumentException: Base URI cannot be null
	at sun.reflect.NativeConstructorAccessorImpl.newInstance0(Native Method)
	at sun.reflect.NativeConstructorAccessorImpl.newInstance(NativeConstructorAccessorImpl.java:62)
	at sun.reflect.DelegatingConstructorAccessorImpl.newInstance(DelegatingConstructorAccessorImpl.java:45)
	at java.lang.reflect.Constructor.newInstance(Constructor.java:423)
	at org.codehaus.groovy.reflection.CachedConstructor.invoke(CachedConstructor.java:83)
	at org.codehaus.groovy.reflection.CachedConstructor.doConstructorInvoke(CachedConstructor.java:77)
	at org.codehaus.groovy.runtime.callsite.ConstructorSite$ConstructorSiteNoUnwrap.callConstructor(ConstructorSite.java:84)
	at org.codehaus.groovy.runtime.callsite.AbstractCallSite.callConstructor(AbstractCallSite.java:247)
	at io.restassured.internal.assertion.AssertParameter.notNull(AssertParameter.groovy:26)
	at io.restassured.internal.assertion.AssertParameter$notNull.callStatic(Unknown Source)
	at io.restassured.internal.RequestSpecificationImpl.baseUri(RequestSpecificationImpl.groovy:748)
	at io.restassured.builder.RequestSpecBuilder.setBaseUri(RequestSpecBuilder.java:1347)
	at restassured.Framework.CommonSteps.I_set_baseURI_for_LumenDEVURL(CommonSteps.java:41)
	at ✽.And I set baseURI for LumenDEVURL(FeatureFilesLumen/TAA-15.feature:45)
</error>
  </testcase>
  <testcase classname="| /login/authenticate | brdy@truelogic.com.ph | Abcd1234 | 8 | 400 | LoginAuthenticate_TS02_TC01 |" name="And I set basePath to /login/authenticate" time="0.001">
    <skipped/>
  </testcase>
  <testcase classname="| /login/authenticate | brdy@truelogic.com.ph | Abcd1234 | 8 | 400 | LoginAuthenticate_TS02_TC01 |" name="And I add parameter Key as &quot;email&quot; and Value as brdy@truelogic.com.ph" time="0.001">
    <skipped/>
  </testcase>
  <testcase classname="| /login/authenticate | brdy@truelogic.com.ph | Abcd1234 | 8 | 400 | LoginAuthenticate_TS02_TC01 |" name="And I add parameter Key as &quot;password&quot; and Value as Abcd1234" time="0.001">
    <skipped/>
  </testcase>
  <testcase classname="| /login/authenticate | brdy@truelogic.com.ph | Abcd1234 | 8 | 400 | LoginAuthenticate_TS02_TC01 |" name="And I add parameter Key as &quot;site_id&quot; and Value as 8" time="0.001">
    <skipped/>
  </testcase>
  <testcase classname="| /login/authenticate | brdy@truelogic.com.ph | Abcd1234 | 8 | 400 | LoginAuthenticate_TS02_TC01 |" name="And I build RequestSpecification" time="0.001">
    <skipped/>
  </testcase>
  <testcase classname="| /login/authenticate | brdy@truelogic.com.ph | Abcd1234 | 8 | 400 | LoginAuthenticate_TS02_TC01 |" name="And I execute a POST method" time="0.001">
    <skipped/>
  </testcase>
  <testcase classname="| /login/authenticate | brdy@truelogic.com.ph | Abcd1234 | 8 | 400 | LoginAuthenticate_TS02_TC01 |" name="Then I receive a response with StatusCode 400 over LoginAuthenticate" time="0.001">
    <skipped/>
  </testcase>
  <testcase classname="| /login/authenticate | brdy@truelogic.com.ph | Abcd1234 | 8 | 400 | LoginAuthenticate_TS02_TC01 |" name="And I see that response JSON is equal to LoginAuthenticate_TS02_TC01 over SignUp" time="0.001">
    <skipped/>
  </testcase>
  <testcase classname="| /login/authenticate | bordy@truelogic.com.ph | Abcd123 | 8 | 400 | LoginAuthenticate_TS02_TC02 |" name="Given Im an Account Manager" time="0"/>
  <testcase classname="| /login/authenticate | bordy@truelogic.com.ph | Abcd123 | 8 | 400 | LoginAuthenticate_TS02_TC02 |" name="When I draft RequestSpecBuilder" time="0"/>
  <testcase classname="| /login/authenticate | bordy@truelogic.com.ph | Abcd123 | 8 | 400 | LoginAuthenticate_TS02_TC02 |" name="And I set baseURI for LumenDEVURL" time="0">
    <error message="Base URI cannot be null" type="java.lang.IllegalArgumentException">java.lang.IllegalArgumentException: Base URI cannot be null
	at sun.reflect.NativeConstructorAccessorImpl.newInstance0(Native Method)
	at sun.reflect.NativeConstructorAccessorImpl.newInstance(NativeConstructorAccessorImpl.java:62)
	at sun.reflect.DelegatingConstructorAccessorImpl.newInstance(DelegatingConstructorAccessorImpl.java:45)
	at java.lang.reflect.Constructor.newInstance(Constructor.java:423)
	at org.codehaus.groovy.reflection.CachedConstructor.invoke(CachedConstructor.java:83)
	at org.codehaus.groovy.reflection.CachedConstructor.doConstructorInvoke(CachedConstructor.java:77)
	at org.codehaus.groovy.runtime.callsite.ConstructorSite$ConstructorSiteNoUnwrap.callConstructor(ConstructorSite.java:84)
	at org.codehaus.groovy.runtime.callsite.AbstractCallSite.callConstructor(AbstractCallSite.java:247)
	at io.restassured.internal.assertion.AssertParameter.notNull(AssertParameter.groovy:26)
	at io.restassured.internal.assertion.AssertParameter$notNull.callStatic(Unknown Source)
	at io.restassured.internal.RequestSpecificationImpl.baseUri(RequestSpecificationImpl.groovy:748)
	at io.restassured.builder.RequestSpecBuilder.setBaseUri(RequestSpecBuilder.java:1347)
	at restassured.Framework.CommonSteps.I_set_baseURI_for_LumenDEVURL(CommonSteps.java:41)
	at ✽.And I set baseURI for LumenDEVURL(FeatureFilesLumen/TAA-15.feature:45)
</error>
  </testcase>
  <testcase classname="| /login/authenticate | bordy@truelogic.com.ph | Abcd123 | 8 | 400 | LoginAuthenticate_TS02_TC02 |" name="| /login/authenticate | bordy@truelogic.com.ph | Abcd123 | 8 | 400 | LoginAuthenticate_TS02_TC02 |" time="0">
    <error message="Base URI cannot be null" type="java.lang.IllegalArgumentException">java.lang.IllegalArgumentException: Base URI cannot be null
	at sun.reflect.NativeConstructorAccessorImpl.newInstance0(Native Method)
	at sun.reflect.NativeConstructorAccessorImpl.newInstance(NativeConstructorAccessorImpl.java:62)
	at sun.reflect.DelegatingConstructorAccessorImpl.newInstance(DelegatingConstructorAccessorImpl.java:45)
	at java.lang.reflect.Constructor.newInstance(Constructor.java:423)
	at org.codehaus.groovy.reflection.CachedConstructor.invoke(CachedConstructor.java:83)
	at org.codehaus.groovy.reflection.CachedConstructor.doConstructorInvoke(CachedConstructor.java:77)
	at org.codehaus.groovy.runtime.callsite.ConstructorSite$ConstructorSiteNoUnwrap.callConstructor(ConstructorSite.java:84)
	at org.codehaus.groovy.runtime.callsite.AbstractCallSite.callConstructor(AbstractCallSite.java:247)
	at io.restassured.internal.assertion.AssertParameter.notNull(AssertParameter.groovy:26)
	at io.restassured.internal.assertion.AssertParameter$notNull.callStatic(Unknown Source)
	at io.restassured.internal.RequestSpecificationImpl.baseUri(RequestSpecificationImpl.groovy:748)
	at io.restassured.builder.RequestSpecBuilder.setBaseUri(RequestSpecBuilder.java:1347)
	at restassured.Framework.CommonSteps.I_set_baseURI_for_LumenDEVURL(CommonSteps.java:41)
	at ✽.And I set baseURI for LumenDEVURL(FeatureFilesLumen/TAA-15.feature:45)
</error>
  </testcase>
  <testcase classname="| /login/authenticate | bordy@truelogic.com.ph | Abcd123 | 8 | 400 | LoginAuthenticate_TS02_TC02 |" name="And I set basePath to /login/authenticate" time="0.001">
    <skipped/>
  </testcase>
  <testcase classname="| /login/authenticate | bordy@truelogic.com.ph | Abcd123 | 8 | 400 | LoginAuthenticate_TS02_TC02 |" name="And I add parameter Key as &quot;email&quot; and Value as bordy@truelogic.com.ph" time="0.001">
    <skipped/>
  </testcase>
  <testcase classname="| /login/authenticate | bordy@truelogic.com.ph | Abcd123 | 8 | 400 | LoginAuthenticate_TS02_TC02 |" name="And I add parameter Key as &quot;password&quot; and Value as Abcd123" time="0.001">
    <skipped/>
  </testcase>
  <testcase classname="| /login/authenticate | bordy@truelogic.com.ph | Abcd123 | 8 | 400 | LoginAuthenticate_TS02_TC02 |" name="And I add parameter Key as &quot;site_id&quot; and Value as 8" time="0.001">
    <skipped/>
  </testcase>
  <testcase classname="| /login/authenticate | bordy@truelogic.com.ph | Abcd123 | 8 | 400 | LoginAuthenticate_TS02_TC02 |" name="And I build RequestSpecification" time="0.001">
    <skipped/>
  </testcase>
  <testcase classname="| /login/authenticate | bordy@truelogic.com.ph | Abcd123 | 8 | 400 | LoginAuthenticate_TS02_TC02 |" name="And I execute a POST method" time="0.001">
    <skipped/>
  </testcase>
  <testcase classname="| /login/authenticate | bordy@truelogic.com.ph | Abcd123 | 8 | 400 | LoginAuthenticate_TS02_TC02 |" name="Then I receive a response with StatusCode 400 over LoginAuthenticate" time="0.001">
    <skipped/>
  </testcase>
  <testcase classname="| /login/authenticate | bordy@truelogic.com.ph | Abcd123 | 8 | 400 | LoginAuthenticate_TS02_TC02 |" name="And I see that response JSON is equal to LoginAuthenticate_TS02_TC02 over SignUp" time="0.001">
    <skipped/>
  </testcase>
  <testcase classname="| /login/authenticate | bordy@truelogic.com.ph | Abcd123 |  | 422 | LoginAuthenticate_TS02_TC03 |" name="Given Im an Account Manager" time="0"/>
  <testcase classname="| /login/authenticate | bordy@truelogic.com.ph | Abcd123 |  | 422 | LoginAuthenticate_TS02_TC03 |" name="When I draft RequestSpecBuilder" time="0"/>
  <testcase classname="| /login/authenticate | bordy@truelogic.com.ph | Abcd123 |  | 422 | LoginAuthenticate_TS02_TC03 |" name="And I set baseURI for LumenDEVURL" time="0.001">
    <error message="Base URI cannot be null" type="java.lang.IllegalArgumentException">java.lang.IllegalArgumentException: Base URI cannot be null
	at sun.reflect.NativeConstructorAccessorImpl.newInstance0(Native Method)
	at sun.reflect.NativeConstructorAccessorImpl.newInstance(NativeConstructorAccessorImpl.java:62)
	at sun.reflect.DelegatingConstructorAccessorImpl.newInstance(DelegatingConstructorAccessorImpl.java:45)
	at java.lang.reflect.Constructor.newInstance(Constructor.java:423)
	at org.codehaus.groovy.reflection.CachedConstructor.invoke(CachedConstructor.java:83)
	at org.codehaus.groovy.reflection.CachedConstructor.doConstructorInvoke(CachedConstructor.java:77)
	at org.codehaus.groovy.runtime.callsite.ConstructorSite$ConstructorSiteNoUnwrap.callConstructor(ConstructorSite.java:84)
	at org.codehaus.groovy.runtime.callsite.AbstractCallSite.callConstructor(AbstractCallSite.java:247)
	at io.restassured.internal.assertion.AssertParameter.notNull(AssertParameter.groovy:26)
	at io.restassured.internal.assertion.AssertParameter$notNull.callStatic(Unknown Source)
	at io.restassured.internal.RequestSpecificationImpl.baseUri(RequestSpecificationImpl.groovy:748)
	at io.restassured.builder.RequestSpecBuilder.setBaseUri(RequestSpecBuilder.java:1347)
	at restassured.Framework.CommonSteps.I_set_baseURI_for_LumenDEVURL(CommonSteps.java:41)
	at ✽.And I set baseURI for LumenDEVURL(FeatureFilesLumen/TAA-15.feature:45)
</error>
  </testcase>
  <testcase classname="| /login/authenticate | bordy@truelogic.com.ph | Abcd123 |  | 422 | LoginAuthenticate_TS02_TC03 |" name="| /login/authenticate | bordy@truelogic.com.ph | Abcd123 |  | 422 | LoginAuthenticate_TS02_TC03 |" time="0.001">
    <error message="Base URI cannot be null" type="java.lang.IllegalArgumentException">java.lang.IllegalArgumentException: Base URI cannot be null
	at sun.reflect.NativeConstructorAccessorImpl.newInstance0(Native Method)
	at sun.reflect.NativeConstructorAccessorImpl.newInstance(NativeConstructorAccessorImpl.java:62)
	at sun.reflect.DelegatingConstructorAccessorImpl.newInstance(DelegatingConstructorAccessorImpl.java:45)
	at java.lang.reflect.Constructor.newInstance(Constructor.java:423)
	at org.codehaus.groovy.reflection.CachedConstructor.invoke(CachedConstructor.java:83)
	at org.codehaus.groovy.reflection.CachedConstructor.doConstructorInvoke(CachedConstructor.java:77)
	at org.codehaus.groovy.runtime.callsite.ConstructorSite$ConstructorSiteNoUnwrap.callConstructor(ConstructorSite.java:84)
	at org.codehaus.groovy.runtime.callsite.AbstractCallSite.callConstructor(AbstractCallSite.java:247)
	at io.restassured.internal.assertion.AssertParameter.notNull(AssertParameter.groovy:26)
	at io.restassured.internal.assertion.AssertParameter$notNull.callStatic(Unknown Source)
	at io.restassured.internal.RequestSpecificationImpl.baseUri(RequestSpecificationImpl.groovy:748)
	at io.restassured.builder.RequestSpecBuilder.setBaseUri(RequestSpecBuilder.java:1347)
	at restassured.Framework.CommonSteps.I_set_baseURI_for_LumenDEVURL(CommonSteps.java:41)
	at ✽.And I set baseURI for LumenDEVURL(FeatureFilesLumen/TAA-15.feature:45)
</error>
  </testcase>
  <testcase classname="| /login/authenticate | bordy@truelogic.com.ph | Abcd123 |  | 422 | LoginAuthenticate_TS02_TC03 |" name="And I set basePath to /login/authenticate" time="0.001">
    <skipped/>
  </testcase>
  <testcase classname="| /login/authenticate | bordy@truelogic.com.ph | Abcd123 |  | 422 | LoginAuthenticate_TS02_TC03 |" name="And I add parameter Key as &quot;email&quot; and Value as bordy@truelogic.com.ph" time="0.001">
    <skipped/>
  </testcase>
  <testcase classname="| /login/authenticate | bordy@truelogic.com.ph | Abcd123 |  | 422 | LoginAuthenticate_TS02_TC03 |" name="And I add parameter Key as &quot;password&quot; and Value as Abcd123" time="0.001">
    <skipped/>
  </testcase>
  <testcase classname="| /login/authenticate | bordy@truelogic.com.ph | Abcd123 |  | 422 | LoginAuthenticate_TS02_TC03 |" name="And I add parameter Key as &quot;site_id&quot; and Value as " time="0.001">
    <skipped/>
  </testcase>
  <testcase classname="| /login/authenticate | bordy@truelogic.com.ph | Abcd123 |  | 422 | LoginAuthenticate_TS02_TC03 |" name="And I build RequestSpecification" time="0.001">
    <skipped/>
  </testcase>
  <testcase classname="| /login/authenticate | bordy@truelogic.com.ph | Abcd123 |  | 422 | LoginAuthenticate_TS02_TC03 |" name="And I execute a POST method" time="0.002">
    <skipped/>
  </testcase>
  <testcase classname="| /login/authenticate | bordy@truelogic.com.ph | Abcd123 |  | 422 | LoginAuthenticate_TS02_TC03 |" name="Then I receive a response with StatusCode 422 over LoginAuthenticate" time="0.002">
    <skipped/>
  </testcase>
  <testcase classname="| /login/authenticate | bordy@truelogic.com.ph | Abcd123 |  | 422 | LoginAuthenticate_TS02_TC03 |" name="And I see that response JSON is equal to LoginAuthenticate_TS02_TC03 over SignUp" time="0.002">
    <skipped/>
  </testcase>
  <testcase classname="| /signup | randomgenerator@truelogic.com.ph | Abcd1234 | Abcd1234 | 1 | 200 | SignUp_TS01_TC01 |" name="Given Im an Account Manager" time="0"/>
  <testcase classname="| /signup | randomgenerator@truelogic.com.ph | Abcd1234 | Abcd1234 | 1 | 200 | SignUp_TS01_TC01 |" name="When I draft RequestSpecBuilder" time="0"/>
  <testcase classname="| /signup | randomgenerator@truelogic.com.ph | Abcd1234 | Abcd1234 | 1 | 200 | SignUp_TS01_TC01 |" name="And I set baseURI for LumenDEVURL" time="0">
    <error message="Base URI cannot be null" type="java.lang.IllegalArgumentException">java.lang.IllegalArgumentException: Base URI cannot be null
	at sun.reflect.NativeConstructorAccessorImpl.newInstance0(Native Method)
	at sun.reflect.NativeConstructorAccessorImpl.newInstance(NativeConstructorAccessorImpl.java:62)
	at sun.reflect.DelegatingConstructorAccessorImpl.newInstance(DelegatingConstructorAccessorImpl.java:45)
	at java.lang.reflect.Constructor.newInstance(Constructor.java:423)
	at org.codehaus.groovy.reflection.CachedConstructor.invoke(CachedConstructor.java:83)
	at org.codehaus.groovy.reflection.CachedConstructor.doConstructorInvoke(CachedConstructor.java:77)
	at org.codehaus.groovy.runtime.callsite.ConstructorSite$ConstructorSiteNoUnwrap.callConstructor(ConstructorSite.java:84)
	at org.codehaus.groovy.runtime.callsite.AbstractCallSite.callConstructor(AbstractCallSite.java:247)
	at io.restassured.internal.assertion.AssertParameter.notNull(AssertParameter.groovy:26)
	at io.restassured.internal.assertion.AssertParameter$notNull.callStatic(Unknown Source)
	at io.restassured.internal.RequestSpecificationImpl.baseUri(RequestSpecificationImpl.groovy:748)
	at io.restassured.builder.RequestSpecBuilder.setBaseUri(RequestSpecBuilder.java:1347)
	at restassured.Framework.CommonSteps.I_set_baseURI_for_LumenDEVURL(CommonSteps.java:41)
	at ✽.And I set baseURI for LumenDEVURL(FeatureFilesLumen/TAA-15.feature:65)
</error>
  </testcase>
  <testcase classname="| /signup | randomgenerator@truelogic.com.ph | Abcd1234 | Abcd1234 | 1 | 200 | SignUp_TS01_TC01 |" name="| /signup | randomgenerator@truelogic.com.ph | Abcd1234 | Abcd1234 | 1 | 200 | SignUp_TS01_TC01 |" time="0">
    <error message="Base URI cannot be null" type="java.lang.IllegalArgumentException">java.lang.IllegalArgumentException: Base URI cannot be null
	at sun.reflect.NativeConstructorAccessorImpl.newInstance0(Native Method)
	at sun.reflect.NativeConstructorAccessorImpl.newInstance(NativeConstructorAccessorImpl.java:62)
	at sun.reflect.DelegatingConstructorAccessorImpl.newInstance(DelegatingConstructorAccessorImpl.java:45)
	at java.lang.reflect.Constructor.newInstance(Constructor.java:423)
	at org.codehaus.groovy.reflection.CachedConstructor.invoke(CachedConstructor.java:83)
	at org.codehaus.groovy.reflection.CachedConstructor.doConstructorInvoke(CachedConstructor.java:77)
	at org.codehaus.groovy.runtime.callsite.ConstructorSite$ConstructorSiteNoUnwrap.callConstructor(ConstructorSite.java:84)
	at org.codehaus.groovy.runtime.callsite.AbstractCallSite.callConstructor(AbstractCallSite.java:247)
	at io.restassured.internal.assertion.AssertParameter.notNull(AssertParameter.groovy:26)
	at io.restassured.internal.assertion.AssertParameter$notNull.callStatic(Unknown Source)
	at io.restassured.internal.RequestSpecificationImpl.baseUri(RequestSpecificationImpl.groovy:748)
	at io.restassured.builder.RequestSpecBuilder.setBaseUri(RequestSpecBuilder.java:1347)
	at restassured.Framework.CommonSteps.I_set_baseURI_for_LumenDEVURL(CommonSteps.java:41)
	at ✽.And I set baseURI for LumenDEVURL(FeatureFilesLumen/TAA-15.feature:65)
</error>
  </testcase>
  <testcase classname="| /signup | randomgenerator@truelogic.com.ph | Abcd1234 | Abcd1234 | 1 | 200 | SignUp_TS01_TC01 |" name="And I set basePath to /signup" time="0.001">
    <skipped/>
  </testcase>
  <testcase classname="| /signup | randomgenerator@truelogic.com.ph | Abcd1234 | Abcd1234 | 1 | 200 | SignUp_TS01_TC01 |" name="And I add parameter Key as &quot;password&quot; and Value as Abcd1234" time="0.001">
    <skipped/>
  </testcase>
  <testcase classname="| /signup | randomgenerator@truelogic.com.ph | Abcd1234 | Abcd1234 | 1 | 200 | SignUp_TS01_TC01 |" name="And I add parameter Key as &quot;confirmPassword&quot; and Value as Abcd1234" time="0.001">
    <skipped/>
  </testcase>
  <testcase classname="| /signup | randomgenerator@truelogic.com.ph | Abcd1234 | Abcd1234 | 1 | 200 | SignUp_TS01_TC01 |" name="And I add parameter Key as &quot;site_id&quot; and Value as 1" time="0.001">
    <skipped/>
  </testcase>
  <testcase classname="| /signup | randomgenerator@truelogic.com.ph | Abcd1234 | Abcd1234 | 1 | 200 | SignUp_TS01_TC01 |" name="And I add parameter Key as &quot;email&quot; and Value from randomgenerator over SignUp" time="0.001">
    <skipped/>
  </testcase>
  <testcase classname="| /signup | randomgenerator@truelogic.com.ph | Abcd1234 | Abcd1234 | 1 | 200 | SignUp_TS01_TC01 |" name="And I build RequestSpecification" time="0.001">
    <skipped/>
  </testcase>
  <testcase classname="| /signup | randomgenerator@truelogic.com.ph | Abcd1234 | Abcd1234 | 1 | 200 | SignUp_TS01_TC01 |" name="And I execute a POST method" time="0.001">
    <skipped/>
  </testcase>
  <testcase classname="| /signup | randomgenerator@truelogic.com.ph | Abcd1234 | Abcd1234 | 1 | 200 | SignUp_TS01_TC01 |" name="Then I receive a response with StatusCode 200 over SignUp" time="0.001">
    <skipped/>
  </testcase>
  <testcase classname="| /signup | randomgenerator@truelogic.com.ph | Abcd1234 | Abcd1234 | 1 | 200 | SignUp_TS01_TC01 |" name="And I see that response JSON is equal to SignUp_TS01_TC01 over SignUp" time="0.001">
    <skipped/>
  </testcase>
  <testcase classname="| /signup | randomgenerator@truelogic.com.ph | Abcd12346 | Abcd12345 | 1 | 422 | SignUp_TS01_TC02 |" name="Given Im an Account Manager" time="0"/>
  <testcase classname="| /signup | randomgenerator@truelogic.com.ph | Abcd12346 | Abcd12345 | 1 | 422 | SignUp_TS01_TC02 |" name="When I draft RequestSpecBuilder" time="0"/>
  <testcase classname="| /signup | randomgenerator@truelogic.com.ph | Abcd12346 | Abcd12345 | 1 | 422 | SignUp_TS01_TC02 |" name="And I set baseURI for LumenDEVURL" time="0">
    <error message="Base URI cannot be null" type="java.lang.IllegalArgumentException">java.lang.IllegalArgumentException: Base URI cannot be null
	at sun.reflect.NativeConstructorAccessorImpl.newInstance0(Native Method)
	at sun.reflect.NativeConstructorAccessorImpl.newInstance(NativeConstructorAccessorImpl.java:62)
	at sun.reflect.DelegatingConstructorAccessorImpl.newInstance(DelegatingConstructorAccessorImpl.java:45)
	at java.lang.reflect.Constructor.newInstance(Constructor.java:423)
	at org.codehaus.groovy.reflection.CachedConstructor.invoke(CachedConstructor.java:83)
	at org.codehaus.groovy.reflection.CachedConstructor.doConstructorInvoke(CachedConstructor.java:77)
	at org.codehaus.groovy.runtime.callsite.ConstructorSite$ConstructorSiteNoUnwrap.callConstructor(ConstructorSite.java:84)
	at org.codehaus.groovy.runtime.callsite.AbstractCallSite.callConstructor(AbstractCallSite.java:247)
	at io.restassured.internal.assertion.AssertParameter.notNull(AssertParameter.groovy:26)
	at io.restassured.internal.assertion.AssertParameter$notNull.callStatic(Unknown Source)
	at io.restassured.internal.RequestSpecificationImpl.baseUri(RequestSpecificationImpl.groovy:748)
	at io.restassured.builder.RequestSpecBuilder.setBaseUri(RequestSpecBuilder.java:1347)
	at restassured.Framework.CommonSteps.I_set_baseURI_for_LumenDEVURL(CommonSteps.java:41)
	at ✽.And I set baseURI for LumenDEVURL(FeatureFilesLumen/TAA-15.feature:65)
</error>
  </testcase>
  <testcase classname="| /signup | randomgenerator@truelogic.com.ph | Abcd12346 | Abcd12345 | 1 | 422 | SignUp_TS01_TC02 |" name="| /signup | randomgenerator@truelogic.com.ph | Abcd12346 | Abcd12345 | 1 | 422 | SignUp_TS01_TC02 |" time="0">
    <error message="Base URI cannot be null" type="java.lang.IllegalArgumentException">java.lang.IllegalArgumentException: Base URI cannot be null
	at sun.reflect.NativeConstructorAccessorImpl.newInstance0(Native Method)
	at sun.reflect.NativeConstructorAccessorImpl.newInstance(NativeConstructorAccessorImpl.java:62)
	at sun.reflect.DelegatingConstructorAccessorImpl.newInstance(DelegatingConstructorAccessorImpl.java:45)
	at java.lang.reflect.Constructor.newInstance(Constructor.java:423)
	at org.codehaus.groovy.reflection.CachedConstructor.invoke(CachedConstructor.java:83)
	at org.codehaus.groovy.reflection.CachedConstructor.doConstructorInvoke(CachedConstructor.java:77)
	at org.codehaus.groovy.runtime.callsite.ConstructorSite$ConstructorSiteNoUnwrap.callConstructor(ConstructorSite.java:84)
	at org.codehaus.groovy.runtime.callsite.AbstractCallSite.callConstructor(AbstractCallSite.java:247)
	at io.restassured.internal.assertion.AssertParameter.notNull(AssertParameter.groovy:26)
	at io.restassured.internal.assertion.AssertParameter$notNull.callStatic(Unknown Source)
	at io.restassured.internal.RequestSpecificationImpl.baseUri(RequestSpecificationImpl.groovy:748)
	at io.restassured.builder.RequestSpecBuilder.setBaseUri(RequestSpecBuilder.java:1347)
	at restassured.Framework.CommonSteps.I_set_baseURI_for_LumenDEVURL(CommonSteps.java:41)
	at ✽.And I set baseURI for LumenDEVURL(FeatureFilesLumen/TAA-15.feature:65)
</error>
  </testcase>
  <testcase classname="| /signup | randomgenerator@truelogic.com.ph | Abcd12346 | Abcd12345 | 1 | 422 | SignUp_TS01_TC02 |" name="And I set basePath to /signup" time="0">
    <skipped/>
  </testcase>
  <testcase classname="| /signup | randomgenerator@truelogic.com.ph | Abcd12346 | Abcd12345 | 1 | 422 | SignUp_TS01_TC02 |" name="And I add parameter Key as &quot;password&quot; and Value as Abcd12346" time="0">
    <skipped/>
  </testcase>
  <testcase classname="| /signup | randomgenerator@truelogic.com.ph | Abcd12346 | Abcd12345 | 1 | 422 | SignUp_TS01_TC02 |" name="And I add parameter Key as &quot;confirmPassword&quot; and Value as Abcd12345" time="0">
    <skipped/>
  </testcase>
  <testcase classname="| /signup | randomgenerator@truelogic.com.ph | Abcd12346 | Abcd12345 | 1 | 422 | SignUp_TS01_TC02 |" name="And I add parameter Key as &quot;site_id&quot; and Value as 1" time="0">
    <skipped/>
  </testcase>
  <testcase classname="| /signup | randomgenerator@truelogic.com.ph | Abcd12346 | Abcd12345 | 1 | 422 | SignUp_TS01_TC02 |" name="And I add parameter Key as &quot;email&quot; and Value from randomgenerator over SignUp" time="0.001">
    <skipped/>
  </testcase>
  <testcase classname="| /signup | randomgenerator@truelogic.com.ph | Abcd12346 | Abcd12345 | 1 | 422 | SignUp_TS01_TC02 |" name="And I build RequestSpecification" time="0.001">
    <skipped/>
  </testcase>
  <testcase classname="| /signup | randomgenerator@truelogic.com.ph | Abcd12346 | Abcd12345 | 1 | 422 | SignUp_TS01_TC02 |" name="And I execute a POST method" time="0.001">
    <skipped/>
  </testcase>
  <testcase classname="| /signup | randomgenerator@truelogic.com.ph | Abcd12346 | Abcd12345 | 1 | 422 | SignUp_TS01_TC02 |" name="Then I receive a response with StatusCode 422 over SignUp" time="0.001">
    <skipped/>
  </testcase>
  <testcase classname="| /signup | randomgenerator@truelogic.com.ph | Abcd12346 | Abcd12345 | 1 | 422 | SignUp_TS01_TC02 |" name="And I see that response JSON is equal to SignUp_TS01_TC02 over SignUp" time="0.001">
    <skipped/>
  </testcase>
  <testcase classname="| /signup | randomgenerator@truelogic.com.ph | Abcd123 | Abcd12345 | 1 | 422 | SignUp_TS01_TC03 |" name="Given Im an Account Manager" time="0"/>
  <testcase classname="| /signup | randomgenerator@truelogic.com.ph | Abcd123 | Abcd12345 | 1 | 422 | SignUp_TS01_TC03 |" name="When I draft RequestSpecBuilder" time="0"/>
  <testcase classname="| /signup | randomgenerator@truelogic.com.ph | Abcd123 | Abcd12345 | 1 | 422 | SignUp_TS01_TC03 |" name="And I set baseURI for LumenDEVURL" time="0">
    <error message="Base URI cannot be null" type="java.lang.IllegalArgumentException">java.lang.IllegalArgumentException: Base URI cannot be null
	at sun.reflect.NativeConstructorAccessorImpl.newInstance0(Native Method)
	at sun.reflect.NativeConstructorAccessorImpl.newInstance(NativeConstructorAccessorImpl.java:62)
	at sun.reflect.DelegatingConstructorAccessorImpl.newInstance(DelegatingConstructorAccessorImpl.java:45)
	at java.lang.reflect.Constructor.newInstance(Constructor.java:423)
	at org.codehaus.groovy.reflection.CachedConstructor.invoke(CachedConstructor.java:83)
	at org.codehaus.groovy.reflection.CachedConstructor.doConstructorInvoke(CachedConstructor.java:77)
	at org.codehaus.groovy.runtime.callsite.ConstructorSite$ConstructorSiteNoUnwrap.callConstructor(ConstructorSite.java:84)
	at org.codehaus.groovy.runtime.callsite.AbstractCallSite.callConstructor(AbstractCallSite.java:247)
	at io.restassured.internal.assertion.AssertParameter.notNull(AssertParameter.groovy:26)
	at io.restassured.internal.assertion.AssertParameter$notNull.callStatic(Unknown Source)
	at io.restassured.internal.RequestSpecificationImpl.baseUri(RequestSpecificationImpl.groovy:748)
	at io.restassured.builder.RequestSpecBuilder.setBaseUri(RequestSpecBuilder.java:1347)
	at restassured.Framework.CommonSteps.I_set_baseURI_for_LumenDEVURL(CommonSteps.java:41)
	at ✽.And I set baseURI for LumenDEVURL(FeatureFilesLumen/TAA-15.feature:65)
</error>
  </testcase>
  <testcase classname="| /signup | randomgenerator@truelogic.com.ph | Abcd123 | Abcd12345 | 1 | 422 | SignUp_TS01_TC03 |" name="| /signup | randomgenerator@truelogic.com.ph | Abcd123 | Abcd12345 | 1 | 422 | SignUp_TS01_TC03 |" time="0">
    <error message="Base URI cannot be null" type="java.lang.IllegalArgumentException">java.lang.IllegalArgumentException: Base URI cannot be null
	at sun.reflect.NativeConstructorAccessorImpl.newInstance0(Native Method)
	at sun.reflect.NativeConstructorAccessorImpl.newInstance(NativeConstructorAccessorImpl.java:62)
	at sun.reflect.DelegatingConstructorAccessorImpl.newInstance(DelegatingConstructorAccessorImpl.java:45)
	at java.lang.reflect.Constructor.newInstance(Constructor.java:423)
	at org.codehaus.groovy.reflection.CachedConstructor.invoke(CachedConstructor.java:83)
	at org.codehaus.groovy.reflection.CachedConstructor.doConstructorInvoke(CachedConstructor.java:77)
	at org.codehaus.groovy.runtime.callsite.ConstructorSite$ConstructorSiteNoUnwrap.callConstructor(ConstructorSite.java:84)
	at org.codehaus.groovy.runtime.callsite.AbstractCallSite.callConstructor(AbstractCallSite.java:247)
	at io.restassured.internal.assertion.AssertParameter.notNull(AssertParameter.groovy:26)
	at io.restassured.internal.assertion.AssertParameter$notNull.callStatic(Unknown Source)
	at io.restassured.internal.RequestSpecificationImpl.baseUri(RequestSpecificationImpl.groovy:748)
	at io.restassured.builder.RequestSpecBuilder.setBaseUri(RequestSpecBuilder.java:1347)
	at restassured.Framework.CommonSteps.I_set_baseURI_for_LumenDEVURL(CommonSteps.java:41)
	at ✽.And I set baseURI for LumenDEVURL(FeatureFilesLumen/TAA-15.feature:65)
</error>
  </testcase>
  <testcase classname="| /signup | randomgenerator@truelogic.com.ph | Abcd123 | Abcd12345 | 1 | 422 | SignUp_TS01_TC03 |" name="And I set basePath to /signup" time="0.001">
    <skipped/>
  </testcase>
  <testcase classname="| /signup | randomgenerator@truelogic.com.ph | Abcd123 | Abcd12345 | 1 | 422 | SignUp_TS01_TC03 |" name="And I add parameter Key as &quot;password&quot; and Value as Abcd123" time="0.001">
    <skipped/>
  </testcase>
  <testcase classname="| /signup | randomgenerator@truelogic.com.ph | Abcd123 | Abcd12345 | 1 | 422 | SignUp_TS01_TC03 |" name="And I add parameter Key as &quot;confirmPassword&quot; and Value as Abcd12345" time="0.001">
    <skipped/>
  </testcase>
  <testcase classname="| /signup | randomgenerator@truelogic.com.ph | Abcd123 | Abcd12345 | 1 | 422 | SignUp_TS01_TC03 |" name="And I add parameter Key as &quot;site_id&quot; and Value as 1" time="0.001">
    <skipped/>
  </testcase>
  <testcase classname="| /signup | randomgenerator@truelogic.com.ph | Abcd123 | Abcd12345 | 1 | 422 | SignUp_TS01_TC03 |" name="And I add parameter Key as &quot;email&quot; and Value from randomgenerator over SignUp" time="0.001">
    <skipped/>
  </testcase>
  <testcase classname="| /signup | randomgenerator@truelogic.com.ph | Abcd123 | Abcd12345 | 1 | 422 | SignUp_TS01_TC03 |" name="And I build RequestSpecification" time="0.001">
    <skipped/>
  </testcase>
  <testcase classname="| /signup | randomgenerator@truelogic.com.ph | Abcd123 | Abcd12345 | 1 | 422 | SignUp_TS01_TC03 |" name="And I execute a POST method" time="0.001">
    <skipped/>
  </testcase>
  <testcase classname="| /signup | randomgenerator@truelogic.com.ph | Abcd123 | Abcd12345 | 1 | 422 | SignUp_TS01_TC03 |" name="Then I receive a response with StatusCode 422 over SignUp" time="0.001">
    <skipped/>
  </testcase>
  <testcase classname="| /signup | randomgenerator@truelogic.com.ph | Abcd123 | Abcd12345 | 1 | 422 | SignUp_TS01_TC03 |" name="And I see that response JSON is equal to SignUp_TS01_TC03 over SignUp" time="0.002">
    <skipped/>
  </testcase>
  <testcase classname="| /signup | randomgenerator@truelogic.com.ph | Abcd1234 | Abcd1234 |  | 422 | SignUp_TS01_TC04 |" name="Given Im an Account Manager" time="0"/>
  <testcase classname="| /signup | randomgenerator@truelogic.com.ph | Abcd1234 | Abcd1234 |  | 422 | SignUp_TS01_TC04 |" name="When I draft RequestSpecBuilder" time="0"/>
  <testcase classname="| /signup | randomgenerator@truelogic.com.ph | Abcd1234 | Abcd1234 |  | 422 | SignUp_TS01_TC04 |" name="And I set baseURI for LumenDEVURL" time="0">
    <error message="Base URI cannot be null" type="java.lang.IllegalArgumentException">java.lang.IllegalArgumentException: Base URI cannot be null
	at sun.reflect.NativeConstructorAccessorImpl.newInstance0(Native Method)
	at sun.reflect.NativeConstructorAccessorImpl.newInstance(NativeConstructorAccessorImpl.java:62)
	at sun.reflect.DelegatingConstructorAccessorImpl.newInstance(DelegatingConstructorAccessorImpl.java:45)
	at java.lang.reflect.Constructor.newInstance(Constructor.java:423)
	at org.codehaus.groovy.reflection.CachedConstructor.invoke(CachedConstructor.java:83)
	at org.codehaus.groovy.reflection.CachedConstructor.doConstructorInvoke(CachedConstructor.java:77)
	at org.codehaus.groovy.runtime.callsite.ConstructorSite$ConstructorSiteNoUnwrap.callConstructor(ConstructorSite.java:84)
	at org.codehaus.groovy.runtime.callsite.AbstractCallSite.callConstructor(AbstractCallSite.java:247)
	at io.restassured.internal.assertion.AssertParameter.notNull(AssertParameter.groovy:26)
	at io.restassured.internal.assertion.AssertParameter$notNull.callStatic(Unknown Source)
	at io.restassured.internal.RequestSpecificationImpl.baseUri(RequestSpecificationImpl.groovy:748)
	at io.restassured.builder.RequestSpecBuilder.setBaseUri(RequestSpecBuilder.java:1347)
	at restassured.Framework.CommonSteps.I_set_baseURI_for_LumenDEVURL(CommonSteps.java:41)
	at ✽.And I set baseURI for LumenDEVURL(FeatureFilesLumen/TAA-15.feature:65)
</error>
  </testcase>
  <testcase classname="| /signup | randomgenerator@truelogic.com.ph | Abcd1234 | Abcd1234 |  | 422 | SignUp_TS01_TC04 |" name="| /signup | randomgenerator@truelogic.com.ph | Abcd1234 | Abcd1234 |  | 422 | SignUp_TS01_TC04 |" time="0">
    <error message="Base URI cannot be null" type="java.lang.IllegalArgumentException">java.lang.IllegalArgumentException: Base URI cannot be null
	at sun.reflect.NativeConstructorAccessorImpl.newInstance0(Native Method)
	at sun.reflect.NativeConstructorAccessorImpl.newInstance(NativeConstructorAccessorImpl.java:62)
	at sun.reflect.DelegatingConstructorAccessorImpl.newInstance(DelegatingConstructorAccessorImpl.java:45)
	at java.lang.reflect.Constructor.newInstance(Constructor.java:423)
	at org.codehaus.groovy.reflection.CachedConstructor.invoke(CachedConstructor.java:83)
	at org.codehaus.groovy.reflection.CachedConstructor.doConstructorInvoke(CachedConstructor.java:77)
	at org.codehaus.groovy.runtime.callsite.ConstructorSite$ConstructorSiteNoUnwrap.callConstructor(ConstructorSite.java:84)
	at org.codehaus.groovy.runtime.callsite.AbstractCallSite.callConstructor(AbstractCallSite.java:247)
	at io.restassured.internal.assertion.AssertParameter.notNull(AssertParameter.groovy:26)
	at io.restassured.internal.assertion.AssertParameter$notNull.callStatic(Unknown Source)
	at io.restassured.internal.RequestSpecificationImpl.baseUri(RequestSpecificationImpl.groovy:748)
	at io.restassured.builder.RequestSpecBuilder.setBaseUri(RequestSpecBuilder.java:1347)
	at restassured.Framework.CommonSteps.I_set_baseURI_for_LumenDEVURL(CommonSteps.java:41)
	at ✽.And I set baseURI for LumenDEVURL(FeatureFilesLumen/TAA-15.feature:65)
</error>
  </testcase>
  <testcase classname="| /signup | randomgenerator@truelogic.com.ph | Abcd1234 | Abcd1234 |  | 422 | SignUp_TS01_TC04 |" name="And I set basePath to /signup" time="0">
    <skipped/>
  </testcase>
  <testcase classname="| /signup | randomgenerator@truelogic.com.ph | Abcd1234 | Abcd1234 |  | 422 | SignUp_TS01_TC04 |" name="And I add parameter Key as &quot;password&quot; and Value as Abcd1234" time="0">
    <skipped/>
  </testcase>
  <testcase classname="| /signup | randomgenerator@truelogic.com.ph | Abcd1234 | Abcd1234 |  | 422 | SignUp_TS01_TC04 |" name="And I add parameter Key as &quot;confirmPassword&quot; and Value as Abcd1234" time="0">
    <skipped/>
  </testcase>
  <testcase classname="| /signup | randomgenerator@truelogic.com.ph | Abcd1234 | Abcd1234 |  | 422 | SignUp_TS01_TC04 |" name="And I add parameter Key as &quot;site_id&quot; and Value as " time="0.001">
    <skipped/>
  </testcase>
  <testcase classname="| /signup | randomgenerator@truelogic.com.ph | Abcd1234 | Abcd1234 |  | 422 | SignUp_TS01_TC04 |" name="And I add parameter Key as &quot;email&quot; and Value from randomgenerator over SignUp" time="0.001">
    <skipped/>
  </testcase>
  <testcase classname="| /signup | randomgenerator@truelogic.com.ph | Abcd1234 | Abcd1234 |  | 422 | SignUp_TS01_TC04 |" name="And I build RequestSpecification" time="0.001">
    <skipped/>
  </testcase>
  <testcase classname="| /signup | randomgenerator@truelogic.com.ph | Abcd1234 | Abcd1234 |  | 422 | SignUp_TS01_TC04 |" name="And I execute a POST method" time="0.001">
    <skipped/>
  </testcase>
  <testcase classname="| /signup | randomgenerator@truelogic.com.ph | Abcd1234 | Abcd1234 |  | 422 | SignUp_TS01_TC04 |" name="Then I receive a response with StatusCode 422 over SignUp" time="0.001">
    <skipped/>
  </testcase>
  <testcase classname="| /signup | randomgenerator@truelogic.com.ph | Abcd1234 | Abcd1234 |  | 422 | SignUp_TS01_TC04 |" name="And I see that response JSON is equal to SignUp_TS01_TC04 over SignUp" time="0.001">
    <skipped/>
  </testcase>
  <testcase classname="| /signup | randomgenerator@truelogic.com.ph | Abcd1234 | Abcd1234 | 1 | 200 | SignUp_TS01_TC01 |" name="Given Im an Account Manager" time="0"/>
  <testcase classname="| /signup | randomgenerator@truelogic.com.ph | Abcd1234 | Abcd1234 | 1 | 200 | SignUp_TS01_TC01 |" name="When I draft RequestSpecBuilder" time="0"/>
  <testcase classname="| /signup | randomgenerator@truelogic.com.ph | Abcd1234 | Abcd1234 | 1 | 200 | SignUp_TS01_TC01 |" name="And I set baseURI for LumenDEVURL" time="0">
    <error message="Base URI cannot be null" type="java.lang.IllegalArgumentException">java.lang.IllegalArgumentException: Base URI cannot be null
	at sun.reflect.NativeConstructorAccessorImpl.newInstance0(Native Method)
	at sun.reflect.NativeConstructorAccessorImpl.newInstance(NativeConstructorAccessorImpl.java:62)
	at sun.reflect.DelegatingConstructorAccessorImpl.newInstance(DelegatingConstructorAccessorImpl.java:45)
	at java.lang.reflect.Constructor.newInstance(Constructor.java:423)
	at org.codehaus.groovy.reflection.CachedConstructor.invoke(CachedConstructor.java:83)
	at org.codehaus.groovy.reflection.CachedConstructor.doConstructorInvoke(CachedConstructor.java:77)
	at org.codehaus.groovy.runtime.callsite.ConstructorSite$ConstructorSiteNoUnwrap.callConstructor(ConstructorSite.java:84)
	at org.codehaus.groovy.runtime.callsite.AbstractCallSite.callConstructor(AbstractCallSite.java:247)
	at io.restassured.internal.assertion.AssertParameter.notNull(AssertParameter.groovy:26)
	at io.restassured.internal.assertion.AssertParameter$notNull.callStatic(Unknown Source)
	at io.restassured.internal.RequestSpecificationImpl.baseUri(RequestSpecificationImpl.groovy:748)
	at io.restassured.builder.RequestSpecBuilder.setBaseUri(RequestSpecBuilder.java:1347)
	at restassured.Framework.CommonSteps.I_set_baseURI_for_LumenDEVURL(CommonSteps.java:41)
	at ✽.And I set baseURI for LumenDEVURL(FeatureFilesLumen/TAA-15.feature:87)
</error>
  </testcase>
  <testcase classname="| /signup | randomgenerator@truelogic.com.ph | Abcd1234 | Abcd1234 | 1 | 200 | SignUp_TS01_TC01 |" name="| /signup | randomgenerator@truelogic.com.ph | Abcd1234 | Abcd1234 | 1 | 200 | SignUp_TS01_TC01 |" time="0">
    <error message="Base URI cannot be null" type="java.lang.IllegalArgumentException">java.lang.IllegalArgumentException: Base URI cannot be null
	at sun.reflect.NativeConstructorAccessorImpl.newInstance0(Native Method)
	at sun.reflect.NativeConstructorAccessorImpl.newInstance(NativeConstructorAccessorImpl.java:62)
	at sun.reflect.DelegatingConstructorAccessorImpl.newInstance(DelegatingConstructorAccessorImpl.java:45)
	at java.lang.reflect.Constructor.newInstance(Constructor.java:423)
	at org.codehaus.groovy.reflection.CachedConstructor.invoke(CachedConstructor.java:83)
	at org.codehaus.groovy.reflection.CachedConstructor.doConstructorInvoke(CachedConstructor.java:77)
	at org.codehaus.groovy.runtime.callsite.ConstructorSite$ConstructorSiteNoUnwrap.callConstructor(ConstructorSite.java:84)
	at org.codehaus.groovy.runtime.callsite.AbstractCallSite.callConstructor(AbstractCallSite.java:247)
	at io.restassured.internal.assertion.AssertParameter.notNull(AssertParameter.groovy:26)
	at io.restassured.internal.assertion.AssertParameter$notNull.callStatic(Unknown Source)
	at io.restassured.internal.RequestSpecificationImpl.baseUri(RequestSpecificationImpl.groovy:748)
	at io.restassured.builder.RequestSpecBuilder.setBaseUri(RequestSpecBuilder.java:1347)
	at restassured.Framework.CommonSteps.I_set_baseURI_for_LumenDEVURL(CommonSteps.java:41)
	at ✽.And I set baseURI for LumenDEVURL(FeatureFilesLumen/TAA-15.feature:87)
</error>
  </testcase>
  <testcase classname="| /signup | randomgenerator@truelogic.com.ph | Abcd1234 | Abcd1234 | 1 | 200 | SignUp_TS01_TC01 |" name="And I set basePath to &quot;/login/authenticate&quot;" time="0.001">
    <skipped/>
  </testcase>
  <testcase classname="| /signup | randomgenerator@truelogic.com.ph | Abcd1234 | Abcd1234 | 1 | 200 | SignUp_TS01_TC01 |" name="And I add parameter Key as &quot;email&quot; and Value as &quot;bordy@truelogic.com.ph&quot;" time="0.001">
    <skipped/>
  </testcase>
  <testcase classname="| /signup | randomgenerator@truelogic.com.ph | Abcd1234 | Abcd1234 | 1 | 200 | SignUp_TS01_TC01 |" name="And I add parameter Key as &quot;password&quot; and Value as &quot;Abcd1234&quot;" time="0.001">
    <skipped/>
  </testcase>
  <testcase classname="| /signup | randomgenerator@truelogic.com.ph | Abcd1234 | Abcd1234 | 1 | 200 | SignUp_TS01_TC01 |" name="And I add parameter Key as &quot;site_id&quot; and Value as &quot;1&quot;" time="0.001">
    <skipped/>
  </testcase>
  <testcase classname="| /signup | randomgenerator@truelogic.com.ph | Abcd1234 | Abcd1234 | 1 | 200 | SignUp_TS01_TC01 |" name="And I build RequestSpecification" time="0.001">
    <skipped/>
  </testcase>
  <testcase classname="| /signup | randomgenerator@truelogic.com.ph | Abcd1234 | Abcd1234 | 1 | 200 | SignUp_TS01_TC01 |" name="And I execute a POST method" time="0.001">
    <skipped/>
  </testcase>
  <testcase classname="| /signup | randomgenerator@truelogic.com.ph | Abcd1234 | Abcd1234 | 1 | 200 | SignUp_TS01_TC01 |" name="And I attached response to JsonPath" time="0.001">
    <skipped/>
  </testcase>
  <testcase classname="| /signup | randomgenerator@truelogic.com.ph | Abcd1234 | Abcd1234 | 1 | 200 | SignUp_TS01_TC01 |" name="And I retrieve token" time="0.002">
    <skipped/>
  </testcase>
  <testcase classname="| /audits/web-audit | done | 10 | desc | 200 | AuditWebaudit_TS01_TC01 |" name="Given Im an Account Manager" time="0"/>
  <testcase classname="| /audits/web-audit | done | 10 | desc | 200 | AuditWebaudit_TS01_TC01 |" name="When I draft RequestSpecBuilder" time="0"/>
  <testcase classname="| /audits/web-audit | done | 10 | desc | 200 | AuditWebaudit_TS01_TC01 |" name="And I set baseURI for LumenDEVURL" time="0">
    <error message="Base URI cannot be null" type="java.lang.IllegalArgumentException">java.lang.IllegalArgumentException: Base URI cannot be null
	at sun.reflect.NativeConstructorAccessorImpl.newInstance0(Native Method)
	at sun.reflect.NativeConstructorAccessorImpl.newInstance(NativeConstructorAccessorImpl.java:62)
	at sun.reflect.DelegatingConstructorAccessorImpl.newInstance(DelegatingConstructorAccessorImpl.java:45)
	at java.lang.reflect.Constructor.newInstance(Constructor.java:423)
	at org.codehaus.groovy.reflection.CachedConstructor.invoke(CachedConstructor.java:83)
	at org.codehaus.groovy.reflection.CachedConstructor.doConstructorInvoke(CachedConstructor.java:77)
	at org.codehaus.groovy.runtime.callsite.ConstructorSite$ConstructorSiteNoUnwrap.callConstructor(ConstructorSite.java:84)
	at org.codehaus.groovy.runtime.callsite.AbstractCallSite.callConstructor(AbstractCallSite.java:247)
	at io.restassured.internal.assertion.AssertParameter.notNull(AssertParameter.groovy:26)
	at io.restassured.internal.assertion.AssertParameter$notNull.callStatic(Unknown Source)
	at io.restassured.internal.RequestSpecificationImpl.baseUri(RequestSpecificationImpl.groovy:748)
	at io.restassured.builder.RequestSpecBuilder.setBaseUri(RequestSpecBuilder.java:1347)
	at restassured.Framework.CommonSteps.I_set_baseURI_for_LumenDEVURL(CommonSteps.java:41)
	at ✽.And I set baseURI for LumenDEVURL(FeatureFilesLumen/TAA-16.feature:25)
</error>
  </testcase>
  <testcase classname="| /audits/web-audit | done | 10 | desc | 200 | AuditWebaudit_TS01_TC01 |" name="| /audits/web-audit | done | 10 | desc | 200 | AuditWebaudit_TS01_TC01 |" time="0">
    <error message="Base URI cannot be null" type="java.lang.IllegalArgumentException">java.lang.IllegalArgumentException: Base URI cannot be null
	at sun.reflect.NativeConstructorAccessorImpl.newInstance0(Native Method)
	at sun.reflect.NativeConstructorAccessorImpl.newInstance(NativeConstructorAccessorImpl.java:62)
	at sun.reflect.DelegatingConstructorAccessorImpl.newInstance(DelegatingConstructorAccessorImpl.java:45)
	at java.lang.reflect.Constructor.newInstance(Constructor.java:423)
	at org.codehaus.groovy.reflection.CachedConstructor.invoke(CachedConstructor.java:83)
	at org.codehaus.groovy.reflection.CachedConstructor.doConstructorInvoke(CachedConstructor.java:77)
	at org.codehaus.groovy.runtime.callsite.ConstructorSite$ConstructorSiteNoUnwrap.callConstructor(ConstructorSite.java:84)
	at org.codehaus.groovy.runtime.callsite.AbstractCallSite.callConstructor(AbstractCallSite.java:247)
	at io.restassured.internal.assertion.AssertParameter.notNull(AssertParameter.groovy:26)
	at io.restassured.internal.assertion.AssertParameter$notNull.callStatic(Unknown Source)
	at io.restassured.internal.RequestSpecificationImpl.baseUri(RequestSpecificationImpl.groovy:748)
	at io.restassured.builder.RequestSpecBuilder.setBaseUri(RequestSpecBuilder.java:1347)
	at restassured.Framework.CommonSteps.I_set_baseURI_for_LumenDEVURL(CommonSteps.java:41)
	at ✽.And I set baseURI for LumenDEVURL(FeatureFilesLumen/TAA-16.feature:25)
</error>
  </testcase>
  <testcase classname="| /audits/web-audit | done | 10 | desc | 200 | AuditWebaudit_TS01_TC01 |" name="And I set basePath to &quot;/login/authenticate&quot;" time="0">
    <skipped/>
  </testcase>
  <testcase classname="| /audits/web-audit | done | 10 | desc | 200 | AuditWebaudit_TS01_TC01 |" name="And I add parameter Key as &quot;email&quot; and Value as &quot;bordy@truelogic.com.ph&quot;" time="0">
    <skipped/>
  </testcase>
  <testcase classname="| /audits/web-audit | done | 10 | desc | 200 | AuditWebaudit_TS01_TC01 |" name="And I add parameter Key as &quot;password&quot; and Value as &quot;Abcd1234&quot;" time="0">
    <skipped/>
  </testcase>
  <testcase classname="| /audits/web-audit | done | 10 | desc | 200 | AuditWebaudit_TS01_TC01 |" name="And I add parameter Key as &quot;site_id&quot; and Value as &quot;8&quot;" time="0.001">
    <skipped/>
  </testcase>
  <testcase classname="| /audits/web-audit | done | 10 | desc | 200 | AuditWebaudit_TS01_TC01 |" name="And I build RequestSpecification" time="0.001">
    <skipped/>
  </testcase>
  <testcase classname="| /audits/web-audit | done | 10 | desc | 200 | AuditWebaudit_TS01_TC01 |" name="And I execute a POST method" time="0.001">
    <skipped/>
  </testcase>
  <testcase classname="| /audits/web-audit | done | 10 | desc | 200 | AuditWebaudit_TS01_TC01 |" name="And I attached response to JsonPath" time="0.001">
    <skipped/>
  </testcase>
  <testcase classname="| /audits/web-audit | done | 10 | desc | 200 | AuditWebaudit_TS01_TC01 |" name="And I retrieve token" time="0.001">
    <skipped/>
  </testcase>
  <testcase classname="| /audits/web-audit | done | 10 | desc | 200 | AuditWebaudit_TS01_TC01 |" name="And I draft RequestSpecBuilder" time="0.001">
    <skipped/>
  </testcase>
  <testcase classname="| /audits/web-audit | done | 10 | desc | 200 | AuditWebaudit_TS01_TC01 |" name="And I set baseURI for LumenDEVURL" time="0.001">
    <skipped/>
  </testcase>
  <testcase classname="| /audits/web-audit | done | 10 | desc | 200 | AuditWebaudit_TS01_TC01 |" name="And I set basePath to /audits/web-audit" time="0.001">
    <skipped/>
  </testcase>
  <testcase classname="| /audits/web-audit | done | 10 | desc | 200 | AuditWebaudit_TS01_TC01 |" name="And I add parameter Key as &quot;owner_id&quot; and Value as &quot;18805&quot;" time="0.001">
    <skipped/>
  </testcase>
  <testcase classname="| /audits/web-audit | done | 10 | desc | 200 | AuditWebaudit_TS01_TC01 |" name="And I add token to parameter" time="0.001">
    <skipped/>
  </testcase>
  <testcase classname="| /audits/web-audit | done | 10 | desc | 200 | AuditWebaudit_TS01_TC01 |" name="And I add parameter Key as &quot;site_id&quot; and Value as &quot;8&quot;" time="0.001">
    <skipped/>
  </testcase>
  <testcase classname="| /audits/web-audit | done | 10 | desc | 200 | AuditWebaudit_TS01_TC01 |" name="And I add parameter Key as &quot;type&quot; and Value as &quot;audit&quot;" time="0.001">
    <skipped/>
  </testcase>
  <testcase classname="| /audits/web-audit | done | 10 | desc | 200 | AuditWebaudit_TS01_TC01 |" name="And I add parameter Key as &quot;status_code&quot; and Value as done" time="0.002">
    <skipped/>
  </testcase>
  <testcase classname="| /audits/web-audit | done | 10 | desc | 200 | AuditWebaudit_TS01_TC01 |" name="And I add parameter Key as &quot;pagination_clause[pagination_limit]&quot; and Value as 10" time="0.002">
    <skipped/>
  </testcase>
  <testcase classname="| /audits/web-audit | done | 10 | desc | 200 | AuditWebaudit_TS01_TC01 |" name="And I add parameter Key as &quot;sql_clause[order_by][date_posted]&quot; and Value as desc" time="0.002">
    <skipped/>
  </testcase>
  <testcase classname="| /audits/web-audit | done | 10 | desc | 200 | AuditWebaudit_TS01_TC01 |" name="And I build RequestSpecification" time="0.002">
    <skipped/>
  </testcase>
  <testcase classname="| /audits/web-audit | done | 10 | desc | 200 | AuditWebaudit_TS01_TC01 |" name="And I execute a GET method" time="0.002">
    <skipped/>
  </testcase>
  <testcase classname="| /audits/web-audit | done | 10 | desc | 200 | AuditWebaudit_TS01_TC01 |" name="Then I receive a response with StatusCode 200 over AuditWebaudit" time="0.002">
    <skipped/>
  </testcase>
  <testcase classname="| /audits/web-audit | done | 10 | desc | 200 | AuditWebaudit_TS01_TC01 |" name="And I see that response JSON matches to AuditWebaudit_TS01_TC01 Schema over AuditWebaudit" time="0.002">
    <skipped/>
  </testcase>
  <testcase classname="| /audits/web-audit | done | 5 | desc | 200 | AuditWebaudit_TS01_TC02 |" name="Given Im an Account Manager" time="0"/>
  <testcase classname="| /audits/web-audit | done | 5 | desc | 200 | AuditWebaudit_TS01_TC02 |" name="When I draft RequestSpecBuilder" time="0"/>
  <testcase classname="| /audits/web-audit | done | 5 | desc | 200 | AuditWebaudit_TS01_TC02 |" name="And I set baseURI for LumenDEVURL" time="0">
    <error message="Base URI cannot be null" type="java.lang.IllegalArgumentException">java.lang.IllegalArgumentException: Base URI cannot be null
	at sun.reflect.NativeConstructorAccessorImpl.newInstance0(Native Method)
	at sun.reflect.NativeConstructorAccessorImpl.newInstance(NativeConstructorAccessorImpl.java:62)
	at sun.reflect.DelegatingConstructorAccessorImpl.newInstance(DelegatingConstructorAccessorImpl.java:45)
	at java.lang.reflect.Constructor.newInstance(Constructor.java:423)
	at org.codehaus.groovy.reflection.CachedConstructor.invoke(CachedConstructor.java:83)
	at org.codehaus.groovy.reflection.CachedConstructor.doConstructorInvoke(CachedConstructor.java:77)
	at org.codehaus.groovy.runtime.callsite.ConstructorSite$ConstructorSiteNoUnwrap.callConstructor(ConstructorSite.java:84)
	at org.codehaus.groovy.runtime.callsite.AbstractCallSite.callConstructor(AbstractCallSite.java:247)
	at io.restassured.internal.assertion.AssertParameter.notNull(AssertParameter.groovy:26)
	at io.restassured.internal.assertion.AssertParameter$notNull.callStatic(Unknown Source)
	at io.restassured.internal.RequestSpecificationImpl.baseUri(RequestSpecificationImpl.groovy:748)
	at io.restassured.builder.RequestSpecBuilder.setBaseUri(RequestSpecBuilder.java:1347)
	at restassured.Framework.CommonSteps.I_set_baseURI_for_LumenDEVURL(CommonSteps.java:41)
	at ✽.And I set baseURI for LumenDEVURL(FeatureFilesLumen/TAA-16.feature:25)
</error>
  </testcase>
  <testcase classname="| /audits/web-audit | done | 5 | desc | 200 | AuditWebaudit_TS01_TC02 |" name="| /audits/web-audit | done | 5 | desc | 200 | AuditWebaudit_TS01_TC02 |" time="0">
    <error message="Base URI cannot be null" type="java.lang.IllegalArgumentException">java.lang.IllegalArgumentException: Base URI cannot be null
	at sun.reflect.NativeConstructorAccessorImpl.newInstance0(Native Method)
	at sun.reflect.NativeConstructorAccessorImpl.newInstance(NativeConstructorAccessorImpl.java:62)
	at sun.reflect.DelegatingConstructorAccessorImpl.newInstance(DelegatingConstructorAccessorImpl.java:45)
	at java.lang.reflect.Constructor.newInstance(Constructor.java:423)
	at org.codehaus.groovy.reflection.CachedConstructor.invoke(CachedConstructor.java:83)
	at org.codehaus.groovy.reflection.CachedConstructor.doConstructorInvoke(CachedConstructor.java:77)
	at org.codehaus.groovy.runtime.callsite.ConstructorSite$ConstructorSiteNoUnwrap.callConstructor(ConstructorSite.java:84)
	at org.codehaus.groovy.runtime.callsite.AbstractCallSite.callConstructor(AbstractCallSite.java:247)
	at io.restassured.internal.assertion.AssertParameter.notNull(AssertParameter.groovy:26)
	at io.restassured.internal.assertion.AssertParameter$notNull.callStatic(Unknown Source)
	at io.restassured.internal.RequestSpecificationImpl.baseUri(RequestSpecificationImpl.groovy:748)
	at io.restassured.builder.RequestSpecBuilder.setBaseUri(RequestSpecBuilder.java:1347)
	at restassured.Framework.CommonSteps.I_set_baseURI_for_LumenDEVURL(CommonSteps.java:41)
	at ✽.And I set baseURI for LumenDEVURL(FeatureFilesLumen/TAA-16.feature:25)
</error>
  </testcase>
  <testcase classname="| /audits/web-audit | done | 5 | desc | 200 | AuditWebaudit_TS01_TC02 |" name="And I set basePath to &quot;/login/authenticate&quot;" time="0.001">
    <skipped/>
  </testcase>
  <testcase classname="| /audits/web-audit | done | 5 | desc | 200 | AuditWebaudit_TS01_TC02 |" name="And I add parameter Key as &quot;email&quot; and Value as &quot;bordy@truelogic.com.ph&quot;" time="0.001">
    <skipped/>
  </testcase>
  <testcase classname="| /audits/web-audit | done | 5 | desc | 200 | AuditWebaudit_TS01_TC02 |" name="And I add parameter Key as &quot;password&quot; and Value as &quot;Abcd1234&quot;" time="0.001">
    <skipped/>
  </testcase>
  <testcase classname="| /audits/web-audit | done | 5 | desc | 200 | AuditWebaudit_TS01_TC02 |" name="And I add parameter Key as &quot;site_id&quot; and Value as &quot;8&quot;" time="0.001">
    <skipped/>
  </testcase>
  <testcase classname="| /audits/web-audit | done | 5 | desc | 200 | AuditWebaudit_TS01_TC02 |" name="And I build RequestSpecification" time="0.001">
    <skipped/>
  </testcase>
  <testcase classname="| /audits/web-audit | done | 5 | desc | 200 | AuditWebaudit_TS01_TC02 |" name="And I execute a POST method" time="0.001">
    <skipped/>
  </testcase>
  <testcase classname="| /audits/web-audit | done | 5 | desc | 200 | AuditWebaudit_TS01_TC02 |" name="And I attached response to JsonPath" time="0.001">
    <skipped/>
  </testcase>
  <testcase classname="| /audits/web-audit | done | 5 | desc | 200 | AuditWebaudit_TS01_TC02 |" name="And I retrieve token" time="0.001">
    <skipped/>
  </testcase>
  <testcase classname="| /audits/web-audit | done | 5 | desc | 200 | AuditWebaudit_TS01_TC02 |" name="And I draft RequestSpecBuilder" time="0.001">
    <skipped/>
  </testcase>
  <testcase classname="| /audits/web-audit | done | 5 | desc | 200 | AuditWebaudit_TS01_TC02 |" name="And I set baseURI for LumenDEVURL" time="0.001">
    <skipped/>
  </testcase>
  <testcase classname="| /audits/web-audit | done | 5 | desc | 200 | AuditWebaudit_TS01_TC02 |" name="And I set basePath to /audits/web-audit" time="0.001">
    <skipped/>
  </testcase>
  <testcase classname="| /audits/web-audit | done | 5 | desc | 200 | AuditWebaudit_TS01_TC02 |" name="And I add parameter Key as &quot;owner_id&quot; and Value as &quot;18805&quot;" time="0.002">
    <skipped/>
  </testcase>
  <testcase classname="| /audits/web-audit | done | 5 | desc | 200 | AuditWebaudit_TS01_TC02 |" name="And I add token to parameter" time="0.002">
    <skipped/>
  </testcase>
  <testcase classname="| /audits/web-audit | done | 5 | desc | 200 | AuditWebaudit_TS01_TC02 |" name="And I add parameter Key as &quot;site_id&quot; and Value as &quot;8&quot;" time="0.002">
    <skipped/>
  </testcase>
  <testcase classname="| /audits/web-audit | done | 5 | desc | 200 | AuditWebaudit_TS01_TC02 |" name="And I add parameter Key as &quot;type&quot; and Value as &quot;audit&quot;" time="0.002">
    <skipped/>
  </testcase>
  <testcase classname="| /audits/web-audit | done | 5 | desc | 200 | AuditWebaudit_TS01_TC02 |" name="And I add parameter Key as &quot;status_code&quot; and Value as done" time="0.002">
    <skipped/>
  </testcase>
  <testcase classname="| /audits/web-audit | done | 5 | desc | 200 | AuditWebaudit_TS01_TC02 |" name="And I add parameter Key as &quot;pagination_clause[pagination_limit]&quot; and Value as 5" time="0.002">
    <skipped/>
  </testcase>
  <testcase classname="| /audits/web-audit | done | 5 | desc | 200 | AuditWebaudit_TS01_TC02 |" name="And I add parameter Key as &quot;sql_clause[order_by][date_posted]&quot; and Value as desc" time="0.002">
    <skipped/>
  </testcase>
  <testcase classname="| /audits/web-audit | done | 5 | desc | 200 | AuditWebaudit_TS01_TC02 |" name="And I build RequestSpecification" time="0.002">
    <skipped/>
  </testcase>
  <testcase classname="| /audits/web-audit | done | 5 | desc | 200 | AuditWebaudit_TS01_TC02 |" name="And I execute a GET method" time="0.002">
    <skipped/>
  </testcase>
  <testcase classname="| /audits/web-audit | done | 5 | desc | 200 | AuditWebaudit_TS01_TC02 |" name="Then I receive a response with StatusCode 200 over AuditWebaudit" time="0.002">
    <skipped/>
  </testcase>
  <testcase classname="| /audits/web-audit | done | 5 | desc | 200 | AuditWebaudit_TS01_TC02 |" name="And I see that response JSON matches to AuditWebaudit_TS01_TC02 Schema over AuditWebaudit" time="0.002">
    <skipped/>
  </testcase>
  <testcase classname="| /audits/web-audit | error | 2 | desc | 200 | AuditWebaudit_TS01_TC03 |" name="Given Im an Account Manager" time="0"/>
  <testcase classname="| /audits/web-audit | error | 2 | desc | 200 | AuditWebaudit_TS01_TC03 |" name="When I draft RequestSpecBuilder" time="0"/>
  <testcase classname="| /audits/web-audit | error | 2 | desc | 200 | AuditWebaudit_TS01_TC03 |" name="And I set baseURI for LumenDEVURL" time="0">
    <error message="Base URI cannot be null" type="java.lang.IllegalArgumentException">java.lang.IllegalArgumentException: Base URI cannot be null
	at sun.reflect.NativeConstructorAccessorImpl.newInstance0(Native Method)
	at sun.reflect.NativeConstructorAccessorImpl.newInstance(NativeConstructorAccessorImpl.java:62)
	at sun.reflect.DelegatingConstructorAccessorImpl.newInstance(DelegatingConstructorAccessorImpl.java:45)
	at java.lang.reflect.Constructor.newInstance(Constructor.java:423)
	at org.codehaus.groovy.reflection.CachedConstructor.invoke(CachedConstructor.java:83)
	at org.codehaus.groovy.reflection.CachedConstructor.doConstructorInvoke(CachedConstructor.java:77)
	at org.codehaus.groovy.runtime.callsite.ConstructorSite$ConstructorSiteNoUnwrap.callConstructor(ConstructorSite.java:84)
	at org.codehaus.groovy.runtime.callsite.AbstractCallSite.callConstructor(AbstractCallSite.java:247)
	at io.restassured.internal.assertion.AssertParameter.notNull(AssertParameter.groovy:26)
	at io.restassured.internal.assertion.AssertParameter$notNull.callStatic(Unknown Source)
	at io.restassured.internal.RequestSpecificationImpl.baseUri(RequestSpecificationImpl.groovy:748)
	at io.restassured.builder.RequestSpecBuilder.setBaseUri(RequestSpecBuilder.java:1347)
	at restassured.Framework.CommonSteps.I_set_baseURI_for_LumenDEVURL(CommonSteps.java:41)
	at ✽.And I set baseURI for LumenDEVURL(FeatureFilesLumen/TAA-16.feature:25)
</error>
  </testcase>
  <testcase classname="| /audits/web-audit | error | 2 | desc | 200 | AuditWebaudit_TS01_TC03 |" name="| /audits/web-audit | error | 2 | desc | 200 | AuditWebaudit_TS01_TC03 |" time="0">
    <error message="Base URI cannot be null" type="java.lang.IllegalArgumentException">java.lang.IllegalArgumentException: Base URI cannot be null
	at sun.reflect.NativeConstructorAccessorImpl.newInstance0(Native Method)
	at sun.reflect.NativeConstructorAccessorImpl.newInstance(NativeConstructorAccessorImpl.java:62)
	at sun.reflect.DelegatingConstructorAccessorImpl.newInstance(DelegatingConstructorAccessorImpl.java:45)
	at java.lang.reflect.Constructor.newInstance(Constructor.java:423)
	at org.codehaus.groovy.reflection.CachedConstructor.invoke(CachedConstructor.java:83)
	at org.codehaus.groovy.reflection.CachedConstructor.doConstructorInvoke(CachedConstructor.java:77)
	at org.codehaus.groovy.runtime.callsite.ConstructorSite$ConstructorSiteNoUnwrap.callConstructor(ConstructorSite.java:84)
	at org.codehaus.groovy.runtime.callsite.AbstractCallSite.callConstructor(AbstractCallSite.java:247)
	at io.restassured.internal.assertion.AssertParameter.notNull(AssertParameter.groovy:26)
	at io.restassured.internal.assertion.AssertParameter$notNull.callStatic(Unknown Source)
	at io.restassured.internal.RequestSpecificationImpl.baseUri(RequestSpecificationImpl.groovy:748)
	at io.restassured.builder.RequestSpecBuilder.setBaseUri(RequestSpecBuilder.java:1347)
	at restassured.Framework.CommonSteps.I_set_baseURI_for_LumenDEVURL(CommonSteps.java:41)
	at ✽.And I set baseURI for LumenDEVURL(FeatureFilesLumen/TAA-16.feature:25)
</error>
  </testcase>
  <testcase classname="| /audits/web-audit | error | 2 | desc | 200 | AuditWebaudit_TS01_TC03 |" name="And I set basePath to &quot;/login/authenticate&quot;" time="0.001">
    <skipped/>
  </testcase>
  <testcase classname="| /audits/web-audit | error | 2 | desc | 200 | AuditWebaudit_TS01_TC03 |" name="And I add parameter Key as &quot;email&quot; and Value as &quot;bordy@truelogic.com.ph&quot;" time="0.001">
    <skipped/>
  </testcase>
  <testcase classname="| /audits/web-audit | error | 2 | desc | 200 | AuditWebaudit_TS01_TC03 |" name="And I add parameter Key as &quot;password&quot; and Value as &quot;Abcd1234&quot;" time="0.001">
    <skipped/>
  </testcase>
  <testcase classname="| /audits/web-audit | error | 2 | desc | 200 | AuditWebaudit_TS01_TC03 |" name="And I add parameter Key as &quot;site_id&quot; and Value as &quot;8&quot;" time="0.001">
    <skipped/>
  </testcase>
  <testcase classname="| /audits/web-audit | error | 2 | desc | 200 | AuditWebaudit_TS01_TC03 |" name="And I build RequestSpecification" time="0.001">
    <skipped/>
  </testcase>
  <testcase classname="| /audits/web-audit | error | 2 | desc | 200 | AuditWebaudit_TS01_TC03 |" name="And I execute a POST method" time="0.001">
    <skipped/>
  </testcase>
  <testcase classname="| /audits/web-audit | error | 2 | desc | 200 | AuditWebaudit_TS01_TC03 |" name="And I attached response to JsonPath" time="0.001">
    <skipped/>
  </testcase>
  <testcase classname="| /audits/web-audit | error | 2 | desc | 200 | AuditWebaudit_TS01_TC03 |" name="And I retrieve token" time="0.001">
    <skipped/>
  </testcase>
  <testcase classname="| /audits/web-audit | error | 2 | desc | 200 | AuditWebaudit_TS01_TC03 |" name="And I draft RequestSpecBuilder" time="0.001">
    <skipped/>
  </testcase>
  <testcase classname="| /audits/web-audit | error | 2 | desc | 200 | AuditWebaudit_TS01_TC03 |" name="And I set baseURI for LumenDEVURL" time="0.001">
    <skipped/>
  </testcase>
  <testcase classname="| /audits/web-audit | error | 2 | desc | 200 | AuditWebaudit_TS01_TC03 |" name="And I set basePath to /audits/web-audit" time="0.001">
    <skipped/>
  </testcase>
  <testcase classname="| /audits/web-audit | error | 2 | desc | 200 | AuditWebaudit_TS01_TC03 |" name="And I add parameter Key as &quot;owner_id&quot; and Value as &quot;18805&quot;" time="0.002">
    <skipped/>
  </testcase>
  <testcase classname="| /audits/web-audit | error | 2 | desc | 200 | AuditWebaudit_TS01_TC03 |" name="And I add token to parameter" time="0.002">
    <skipped/>
  </testcase>
  <testcase classname="| /audits/web-audit | error | 2 | desc | 200 | AuditWebaudit_TS01_TC03 |" name="And I add parameter Key as &quot;site_id&quot; and Value as &quot;8&quot;" time="0.002">
    <skipped/>
  </testcase>
  <testcase classname="| /audits/web-audit | error | 2 | desc | 200 | AuditWebaudit_TS01_TC03 |" name="And I add parameter Key as &quot;type&quot; and Value as &quot;audit&quot;" time="0.002">
    <skipped/>
  </testcase>
  <testcase classname="| /audits/web-audit | error | 2 | desc | 200 | AuditWebaudit_TS01_TC03 |" name="And I add parameter Key as &quot;status_code&quot; and Value as error" time="0.002">
    <skipped/>
  </testcase>
  <testcase classname="| /audits/web-audit | error | 2 | desc | 200 | AuditWebaudit_TS01_TC03 |" name="And I add parameter Key as &quot;pagination_clause[pagination_limit]&quot; and Value as 2" time="0.002">
    <skipped/>
  </testcase>
  <testcase classname="| /audits/web-audit | error | 2 | desc | 200 | AuditWebaudit_TS01_TC03 |" name="And I add parameter Key as &quot;sql_clause[order_by][date_posted]&quot; and Value as desc" time="0.002">
    <skipped/>
  </testcase>
  <testcase classname="| /audits/web-audit | error | 2 | desc | 200 | AuditWebaudit_TS01_TC03 |" name="And I build RequestSpecification" time="0.002">
    <skipped/>
  </testcase>
  <testcase classname="| /audits/web-audit | error | 2 | desc | 200 | AuditWebaudit_TS01_TC03 |" name="And I execute a GET method" time="0.002">
    <skipped/>
  </testcase>
  <testcase classname="| /audits/web-audit | error | 2 | desc | 200 | AuditWebaudit_TS01_TC03 |" name="Then I receive a response with StatusCode 200 over AuditWebaudit" time="0.002">
    <skipped/>
  </testcase>
  <testcase classname="| /audits/web-audit | error | 2 | desc | 200 | AuditWebaudit_TS01_TC03 |" name="And I see that response JSON matches to AuditWebaudit_TS01_TC03 Schema over AuditWebaudit" time="0.002">
    <skipped/>
  </testcase>
  <testcase classname="| /audits/web-audit | done | 10 | desc | 401 | AuditWebaudit_TS02_TC01 |" name="Given Im an Account Manager" time="0"/>
  <testcase classname="| /audits/web-audit | done | 10 | desc | 401 | AuditWebaudit_TS02_TC01 |" name="When I draft RequestSpecBuilder" time="0"/>
  <testcase classname="| /audits/web-audit | done | 10 | desc | 401 | AuditWebaudit_TS02_TC01 |" name="And I set baseURI for LumenDEVURL" time="0">
    <error message="Base URI cannot be null" type="java.lang.IllegalArgumentException">java.lang.IllegalArgumentException: Base URI cannot be null
	at sun.reflect.NativeConstructorAccessorImpl.newInstance0(Native Method)
	at sun.reflect.NativeConstructorAccessorImpl.newInstance(NativeConstructorAccessorImpl.java:62)
	at sun.reflect.DelegatingConstructorAccessorImpl.newInstance(DelegatingConstructorAccessorImpl.java:45)
	at java.lang.reflect.Constructor.newInstance(Constructor.java:423)
	at org.codehaus.groovy.reflection.CachedConstructor.invoke(CachedConstructor.java:83)
	at org.codehaus.groovy.reflection.CachedConstructor.doConstructorInvoke(CachedConstructor.java:77)
	at org.codehaus.groovy.runtime.callsite.ConstructorSite$ConstructorSiteNoUnwrap.callConstructor(ConstructorSite.java:84)
	at org.codehaus.groovy.runtime.callsite.AbstractCallSite.callConstructor(AbstractCallSite.java:247)
	at io.restassured.internal.assertion.AssertParameter.notNull(AssertParameter.groovy:26)
	at io.restassured.internal.assertion.AssertParameter$notNull.callStatic(Unknown Source)
	at io.restassured.internal.RequestSpecificationImpl.baseUri(RequestSpecificationImpl.groovy:748)
	at io.restassured.builder.RequestSpecBuilder.setBaseUri(RequestSpecBuilder.java:1347)
	at restassured.Framework.CommonSteps.I_set_baseURI_for_LumenDEVURL(CommonSteps.java:41)
	at ✽.And I set baseURI for LumenDEVURL(FeatureFilesLumen/TAA-16.feature:61)
</error>
  </testcase>
  <testcase classname="| /audits/web-audit | done | 10 | desc | 401 | AuditWebaudit_TS02_TC01 |" name="| /audits/web-audit | done | 10 | desc | 401 | AuditWebaudit_TS02_TC01 |" time="0.001">
    <error message="Base URI cannot be null" type="java.lang.IllegalArgumentException">java.lang.IllegalArgumentException: Base URI cannot be null
	at sun.reflect.NativeConstructorAccessorImpl.newInstance0(Native Method)
	at sun.reflect.NativeConstructorAccessorImpl.newInstance(NativeConstructorAccessorImpl.java:62)
	at sun.reflect.DelegatingConstructorAccessorImpl.newInstance(DelegatingConstructorAccessorImpl.java:45)
	at java.lang.reflect.Constructor.newInstance(Constructor.java:423)
	at org.codehaus.groovy.reflection.CachedConstructor.invoke(CachedConstructor.java:83)
	at org.codehaus.groovy.reflection.CachedConstructor.doConstructorInvoke(CachedConstructor.java:77)
	at org.codehaus.groovy.runtime.callsite.ConstructorSite$ConstructorSiteNoUnwrap.callConstructor(ConstructorSite.java:84)
	at org.codehaus.groovy.runtime.callsite.AbstractCallSite.callConstructor(AbstractCallSite.java:247)
	at io.restassured.internal.assertion.AssertParameter.notNull(AssertParameter.groovy:26)
	at io.restassured.internal.assertion.AssertParameter$notNull.callStatic(Unknown Source)
	at io.restassured.internal.RequestSpecificationImpl.baseUri(RequestSpecificationImpl.groovy:748)
	at io.restassured.builder.RequestSpecBuilder.setBaseUri(RequestSpecBuilder.java:1347)
	at restassured.Framework.CommonSteps.I_set_baseURI_for_LumenDEVURL(CommonSteps.java:41)
	at ✽.And I set baseURI for LumenDEVURL(FeatureFilesLumen/TAA-16.feature:61)
</error>
  </testcase>
  <testcase classname="| /audits/web-audit | done | 10 | desc | 401 | AuditWebaudit_TS02_TC01 |" name="And I set basePath to /audits/web-audit" time="0.001">
    <skipped/>
  </testcase>
  <testcase classname="| /audits/web-audit | done | 10 | desc | 401 | AuditWebaudit_TS02_TC01 |" name="And I add parameter Key as &quot;owner_id&quot; and Value as &quot;18805&quot;" time="0.001">
    <skipped/>
  </testcase>
[...]
	at ✽.And I set baseURI for LumenDEVURL(FeatureFilesLumen/TAA-18.feature:25)
</error>
  </testcase>
  <testcase classname="| audits/web-audit-data | QJwrsm9zMo7 | 200 | AuditWebauditdata_TS01_TC01 |" name="And I set basePath to audits/web-audit-data" time="0">
    <skipped/>
  </testcase>
  <testcase classname="| audits/web-audit-data | QJwrsm9zMo7 | 200 | AuditWebauditdata_TS01_TC01 |" name="And I add parameter Key as &quot;auditToken&quot; and Value as QJwrsm9zMo7" time="0">
    <skipped/>
  </testcase>
  <testcase classname="| audits/web-audit-data | QJwrsm9zMo7 | 200 | AuditWebauditdata_TS01_TC01 |" name="And I build RequestSpecification" time="0">
    <skipped/>
  </testcase>
  <testcase classname="| audits/web-audit-data | QJwrsm9zMo7 | 200 | AuditWebauditdata_TS01_TC01 |" name="And I execute a GET method" time="0">
    <skipped/>
  </testcase>
  <testcase classname="| audits/web-audit-data | QJwrsm9zMo7 | 200 | AuditWebauditdata_TS01_TC01 |" name="Then I receive a response with StatusCode 200 over AuditWebauditdata" time="0">
    <skipped/>
  </testcase>
  <testcase classname="| audits/web-audit-data | QJwrsm9zMo7 | 200 | AuditWebauditdata_TS01_TC01 |" name="And I see that response JSON is equal to AuditWebauditdata_TS01_TC01 over AuditWebauditdata" time="0">
    <skipped/>
  </testcase>
  <testcase classname="| audits/web-audit-data | jWg4gzmH9Ga | 200 | AuditWebauditdata_TS01_TC02 |" name="Given Im an Account Manager" time="0"/>
  <testcase classname="| audits/web-audit-data | jWg4gzmH9Ga | 200 | AuditWebauditdata_TS01_TC02 |" name="When I draft RequestSpecBuilder" time="0"/>
  <testcase classname="| audits/web-audit-data | jWg4gzmH9Ga | 200 | AuditWebauditdata_TS01_TC02 |" name="And I set baseURI for LumenDEVURL" time="0">
    <error message="Base URI cannot be null" type="java.lang.IllegalArgumentException">java.lang.IllegalArgumentException: Base URI cannot be null
	at sun.reflect.GeneratedConstructorAccessor33.newInstance(Unknown Source)
	at sun.reflect.DelegatingConstructorAccessorImpl.newInstance(DelegatingConstructorAccessorImpl.java:45)
	at java.lang.reflect.Constructor.newInstance(Constructor.java:423)
	at org.codehaus.groovy.reflection.CachedConstructor.invoke(CachedConstructor.java:83)
	at org.codehaus.groovy.reflection.CachedConstructor.doConstructorInvoke(CachedConstructor.java:77)
	at org.codehaus.groovy.runtime.callsite.ConstructorSite$ConstructorSiteNoUnwrap.callConstructor(ConstructorSite.java:84)
	at org.codehaus.groovy.runtime.callsite.AbstractCallSite.callConstructor(AbstractCallSite.java:247)
	at io.restassured.internal.assertion.AssertParameter.notNull(AssertParameter.groovy:26)
	at io.restassured.internal.assertion.AssertParameter$notNull.callStatic(Unknown Source)
	at io.restassured.internal.RequestSpecificationImpl.baseUri(RequestSpecificationImpl.groovy:748)
	at io.restassured.builder.RequestSpecBuilder.setBaseUri(RequestSpecBuilder.java:1347)
	at restassured.Framework.CommonSteps.I_set_baseURI_for_LumenDEVURL(CommonSteps.java:41)
	at ✽.And I set baseURI for LumenDEVURL(FeatureFilesLumen/TAA-18.feature:25)
</error>
  </testcase>
  <testcase classname="| audits/web-audit-data | jWg4gzmH9Ga | 200 | AuditWebauditdata_TS01_TC02 |" name="| audits/web-audit-data | jWg4gzmH9Ga | 200 | AuditWebauditdata_TS01_TC02 |" time="0">
    <error message="Base URI cannot be null" type="java.lang.IllegalArgumentException">java.lang.IllegalArgumentException: Base URI cannot be null
	at sun.reflect.GeneratedConstructorAccessor33.newInstance(Unknown Source)
	at sun.reflect.DelegatingConstructorAccessorImpl.newInstance(DelegatingConstructorAccessorImpl.java:45)
	at java.lang.reflect.Constructor.newInstance(Constructor.java:423)
	at org.codehaus.groovy.reflection.CachedConstructor.invoke(CachedConstructor.java:83)
	at org.codehaus.groovy.reflection.CachedConstructor.doConstructorInvoke(CachedConstructor.java:77)
	at org.codehaus.groovy.runtime.callsite.ConstructorSite$ConstructorSiteNoUnwrap.callConstructor(ConstructorSite.java:84)
	at org.codehaus.groovy.runtime.callsite.AbstractCallSite.callConstructor(AbstractCallSite.java:247)
	at io.restassured.internal.assertion.AssertParameter.notNull(AssertParameter.groovy:26)
	at io.restassured.internal.assertion.AssertParameter$notNull.callStatic(Unknown Source)
	at io.restassured.internal.RequestSpecificationImpl.baseUri(RequestSpecificationImpl.groovy:748)
	at io.restassured.builder.RequestSpecBuilder.setBaseUri(RequestSpecBuilder.java:1347)
	at restassured.Framework.CommonSteps.I_set_baseURI_for_LumenDEVURL(CommonSteps.java:41)
	at ✽.And I set baseURI for LumenDEVURL(FeatureFilesLumen/TAA-18.feature:25)
</error>
  </testcase>
  <testcase classname="| audits/web-audit-data | jWg4gzmH9Ga | 200 | AuditWebauditdata_TS01_TC02 |" name="And I set basePath to audits/web-audit-data" time="0">
    <skipped/>
  </testcase>
  <testcase classname="| audits/web-audit-data | jWg4gzmH9Ga | 200 | AuditWebauditdata_TS01_TC02 |" name="And I add parameter Key as &quot;auditToken&quot; and Value as jWg4gzmH9Ga" time="0">
    <skipped/>
  </testcase>
  <testcase classname="| audits/web-audit-data | jWg4gzmH9Ga | 200 | AuditWebauditdata_TS01_TC02 |" name="And I build RequestSpecification" time="0">
    <skipped/>
  </testcase>
  <testcase classname="| audits/web-audit-data | jWg4gzmH9Ga | 200 | AuditWebauditdata_TS01_TC02 |" name="And I execute a GET method" time="0">
    <skipped/>
  </testcase>
  <testcase classname="| audits/web-audit-data | jWg4gzmH9Ga | 200 | AuditWebauditdata_TS01_TC02 |" name="Then I receive a response with StatusCode 200 over AuditWebauditdata" time="0">
    <skipped/>
  </testcase>
  <testcase classname="| audits/web-audit-data | jWg4gzmH9Ga | 200 | AuditWebauditdata_TS01_TC02 |" name="And I see that response JSON is equal to AuditWebauditdata_TS01_TC02 over AuditWebauditdata" time="0">
    <skipped/>
  </testcase>
  <testcase classname="| audits/web-audit-data | 422 | AuditWebauditdata_TS02_TC01 |" name="Given Im an Account Manager" time="0"/>
  <testcase classname="| audits/web-audit-data | 422 | AuditWebauditdata_TS02_TC01 |" name="When I draft RequestSpecBuilder" time="0"/>
  <testcase classname="| audits/web-audit-data | 422 | AuditWebauditdata_TS02_TC01 |" name="And I set baseURI for LumenDEVURL" time="0">
    <error message="Base URI cannot be null" type="java.lang.IllegalArgumentException">java.lang.IllegalArgumentException: Base URI cannot be null
	at sun.reflect.GeneratedConstructorAccessor33.newInstance(Unknown Source)
	at sun.reflect.DelegatingConstructorAccessorImpl.newInstance(DelegatingConstructorAccessorImpl.java:45)
	at java.lang.reflect.Constructor.newInstance(Constructor.java:423)
	at org.codehaus.groovy.reflection.CachedConstructor.invoke(CachedConstructor.java:83)
	at org.codehaus.groovy.reflection.CachedConstructor.doConstructorInvoke(CachedConstructor.java:77)
	at org.codehaus.groovy.runtime.callsite.ConstructorSite$ConstructorSiteNoUnwrap.callConstructor(ConstructorSite.java:84)
	at org.codehaus.groovy.runtime.callsite.AbstractCallSite.callConstructor(AbstractCallSite.java:247)
	at io.restassured.internal.assertion.AssertParameter.notNull(AssertParameter.groovy:26)
	at io.restassured.internal.assertion.AssertParameter$notNull.callStatic(Unknown Source)
	at io.restassured.internal.RequestSpecificationImpl.baseUri(RequestSpecificationImpl.groovy:748)
	at io.restassured.builder.RequestSpecBuilder.setBaseUri(RequestSpecBuilder.java:1347)
	at restassured.Framework.CommonSteps.I_set_baseURI_for_LumenDEVURL(CommonSteps.java:41)
	at ✽.And I set baseURI for LumenDEVURL(FeatureFilesLumen/TAA-18.feature:42)
</error>
  </testcase>
  <testcase classname="| audits/web-audit-data | 422 | AuditWebauditdata_TS02_TC01 |" name="| audits/web-audit-data | 422 | AuditWebauditdata_TS02_TC01 |" time="0">
    <error message="Base URI cannot be null" type="java.lang.IllegalArgumentException">java.lang.IllegalArgumentException: Base URI cannot be null
	at sun.reflect.GeneratedConstructorAccessor33.newInstance(Unknown Source)
	at sun.reflect.DelegatingConstructorAccessorImpl.newInstance(DelegatingConstructorAccessorImpl.java:45)
	at java.lang.reflect.Constructor.newInstance(Constructor.java:423)
	at org.codehaus.groovy.reflection.CachedConstructor.invoke(CachedConstructor.java:83)
	at org.codehaus.groovy.reflection.CachedConstructor.doConstructorInvoke(CachedConstructor.java:77)
	at org.codehaus.groovy.runtime.callsite.ConstructorSite$ConstructorSiteNoUnwrap.callConstructor(ConstructorSite.java:84)
	at org.codehaus.groovy.runtime.callsite.AbstractCallSite.callConstructor(AbstractCallSite.java:247)
	at io.restassured.internal.assertion.AssertParameter.notNull(AssertParameter.groovy:26)
	at io.restassured.internal.assertion.AssertParameter$notNull.callStatic(Unknown Source)
	at io.restassured.internal.RequestSpecificationImpl.baseUri(RequestSpecificationImpl.groovy:748)
	at io.restassured.builder.RequestSpecBuilder.setBaseUri(RequestSpecBuilder.java:1347)
	at restassured.Framework.CommonSteps.I_set_baseURI_for_LumenDEVURL(CommonSteps.java:41)
	at ✽.And I set baseURI for LumenDEVURL(FeatureFilesLumen/TAA-18.feature:42)
</error>
  </testcase>
  <testcase classname="| audits/web-audit-data | 422 | AuditWebauditdata_TS02_TC01 |" name="And I set basePath to audits/web-audit-data" time="0.001">
    <skipped/>
  </testcase>
  <testcase classname="| audits/web-audit-data | 422 | AuditWebauditdata_TS02_TC01 |" name="And I remove &quot;auditToken&quot; parameter" time="0.001">
    <skipped/>
  </testcase>
  <testcase classname="| audits/web-audit-data | 422 | AuditWebauditdata_TS02_TC01 |" name="And I build RequestSpecification" time="0.001">
    <skipped/>
  </testcase>
  <testcase classname="| audits/web-audit-data | 422 | AuditWebauditdata_TS02_TC01 |" name="And I execute a GET method" time="0.001">
    <skipped/>
  </testcase>
  <testcase classname="| audits/web-audit-data | 422 | AuditWebauditdata_TS02_TC01 |" name="Then I receive a response with StatusCode 422 over AuditWebauditdata" time="0.001">
    <skipped/>
  </testcase>
  <testcase classname="| audits/web-audit-data | 422 | AuditWebauditdata_TS02_TC01 |" name="And I see that response JSON is equal to AuditWebauditdata_TS02_TC01 over AuditWebauditdata" time="0.001">
    <skipped/>
  </testcase>
  <testcase classname="| /site-page-tree-nodes | 200 | Sitepagetreenodes_TS01_TC01 |" name="Given Im an Account Manager" time="0"/>
  <testcase classname="| /site-page-tree-nodes | 200 | Sitepagetreenodes_TS01_TC01 |" name="When I draft RequestSpecBuilder" time="0"/>
  <testcase classname="| /site-page-tree-nodes | 200 | Sitepagetreenodes_TS01_TC01 |" name="And I set baseURI for LumenDEVURL" time="0">
    <error message="Base URI cannot be null" type="java.lang.IllegalArgumentException">java.lang.IllegalArgumentException: Base URI cannot be null
	at sun.reflect.GeneratedConstructorAccessor33.newInstance(Unknown Source)
	at sun.reflect.DelegatingConstructorAccessorImpl.newInstance(DelegatingConstructorAccessorImpl.java:45)
	at java.lang.reflect.Constructor.newInstance(Constructor.java:423)
	at org.codehaus.groovy.reflection.CachedConstructor.invoke(CachedConstructor.java:83)
	at org.codehaus.groovy.reflection.CachedConstructor.doConstructorInvoke(CachedConstructor.java:77)
	at org.codehaus.groovy.runtime.callsite.ConstructorSite$ConstructorSiteNoUnwrap.callConstructor(ConstructorSite.java:84)
	at org.codehaus.groovy.runtime.callsite.AbstractCallSite.callConstructor(AbstractCallSite.java:247)
	at io.restassured.internal.assertion.AssertParameter.notNull(AssertParameter.groovy:26)
	at io.restassured.internal.assertion.AssertParameter$notNull.callStatic(Unknown Source)
	at io.restassured.internal.RequestSpecificationImpl.baseUri(RequestSpecificationImpl.groovy:748)
	at io.restassured.builder.RequestSpecBuilder.setBaseUri(RequestSpecBuilder.java:1347)
	at restassured.Framework.CommonSteps.I_set_baseURI_for_LumenDEVURL(CommonSteps.java:41)
	at ✽.And I set baseURI for LumenDEVURL(FeatureFilesLumen/TAA-19.feature:25)
</error>
  </testcase>
  <testcase classname="| /site-page-tree-nodes | 200 | Sitepagetreenodes_TS01_TC01 |" name="| /site-page-tree-nodes | 200 | Sitepagetreenodes_TS01_TC01 |" time="0">
    <error message="Base URI cannot be null" type="java.lang.IllegalArgumentException">java.lang.IllegalArgumentException: Base URI cannot be null
	at sun.reflect.GeneratedConstructorAccessor33.newInstance(Unknown Source)
	at sun.reflect.DelegatingConstructorAccessorImpl.newInstance(DelegatingConstructorAccessorImpl.java:45)
	at java.lang.reflect.Constructor.newInstance(Constructor.java:423)
	at org.codehaus.groovy.reflection.CachedConstructor.invoke(CachedConstructor.java:83)
	at org.codehaus.groovy.reflection.CachedConstructor.doConstructorInvoke(CachedConstructor.java:77)
	at org.codehaus.groovy.runtime.callsite.ConstructorSite$ConstructorSiteNoUnwrap.callConstructor(ConstructorSite.java:84)
	at org.codehaus.groovy.runtime.callsite.AbstractCallSite.callConstructor(AbstractCallSite.java:247)
	at io.restassured.internal.assertion.AssertParameter.notNull(AssertParameter.groovy:26)
	at io.restassured.internal.assertion.AssertParameter$notNull.callStatic(Unknown Source)
	at io.restassured.internal.RequestSpecificationImpl.baseUri(RequestSpecificationImpl.groovy:748)
	at io.restassured.builder.RequestSpecBuilder.setBaseUri(RequestSpecBuilder.java:1347)
	at restassured.Framework.CommonSteps.I_set_baseURI_for_LumenDEVURL(CommonSteps.java:41)
	at ✽.And I set baseURI for LumenDEVURL(FeatureFilesLumen/TAA-19.feature:25)
</error>
  </testcase>
  <testcase classname="| /site-page-tree-nodes | 200 | Sitepagetreenodes_TS01_TC01 |" name="And I set basePath to /site-page-tree-nodes" time="0">
    <skipped/>
  </testcase>
  <testcase classname="| /site-page-tree-nodes | 200 | Sitepagetreenodes_TS01_TC01 |" name="And I add parameter Key as &quot;site_id&quot; and Value as &quot;8&quot;" time="0">
    <skipped/>
  </testcase>
  <testcase classname="| /site-page-tree-nodes | 200 | Sitepagetreenodes_TS01_TC01 |" name="And I add parameter Key as &quot;pagination_clause[pagination_limit]&quot; and Value as &quot;none&quot;" time="0">
    <skipped/>
  </testcase>
  <testcase classname="| /site-page-tree-nodes | 200 | Sitepagetreenodes_TS01_TC01 |" name="And I add parameter Key as &quot;language_type_code&quot; and Value as &quot;en&quot;" time="0">
    <skipped/>
  </testcase>
  <testcase classname="| /site-page-tree-nodes | 200 | Sitepagetreenodes_TS01_TC01 |" name="And I build RequestSpecification" time="0">
    <skipped/>
  </testcase>
  <testcase classname="| /site-page-tree-nodes | 200 | Sitepagetreenodes_TS01_TC01 |" name="And I execute a GET method" time="0">
    <skipped/>
  </testcase>
  <testcase classname="| /site-page-tree-nodes | 200 | Sitepagetreenodes_TS01_TC01 |" name="Then I receive a response with StatusCode 200 over Sitepagetreenodes" time="0">
    <skipped/>
  </testcase>
  <testcase classname="| /site-page-tree-nodes | 200 | Sitepagetreenodes_TS01_TC01 |" name="And I see that response JSON is equal to Sitepagetreenodes_TS01_TC01 over Sitepagetreenodes" time="0.001">
    <skipped/>
  </testcase>
  <testcase classname="| /site-page-tree-nodes | 422 | Sitepagetreenodes_TS02_TC01 |" name="Given Im an Account Manager" time="0"/>
  <testcase classname="| /site-page-tree-nodes | 422 | Sitepagetreenodes_TS02_TC01 |" name="When I draft RequestSpecBuilder" time="0"/>
  <testcase classname="| /site-page-tree-nodes | 422 | Sitepagetreenodes_TS02_TC01 |" name="And I set baseURI for LumenDEVURL" time="0">
    <error message="Base URI cannot be null" type="java.lang.IllegalArgumentException">java.lang.IllegalArgumentException: Base URI cannot be null
	at sun.reflect.GeneratedConstructorAccessor33.newInstance(Unknown Source)
	at sun.reflect.DelegatingConstructorAccessorImpl.newInstance(DelegatingConstructorAccessorImpl.java:45)
	at java.lang.reflect.Constructor.newInstance(Constructor.java:423)
	at org.codehaus.groovy.reflection.CachedConstructor.invoke(CachedConstructor.java:83)
	at org.codehaus.groovy.reflection.CachedConstructor.doConstructorInvoke(CachedConstructor.java:77)
	at org.codehaus.groovy.runtime.callsite.ConstructorSite$ConstructorSiteNoUnwrap.callConstructor(ConstructorSite.java:84)
	at org.codehaus.groovy.runtime.callsite.AbstractCallSite.callConstructor(AbstractCallSite.java:247)
	at io.restassured.internal.assertion.AssertParameter.notNull(AssertParameter.groovy:26)
	at io.restassured.internal.assertion.AssertParameter$notNull.callStatic(Unknown Source)
	at io.restassured.internal.RequestSpecificationImpl.baseUri(RequestSpecificationImpl.groovy:748)
	at io.restassured.builder.RequestSpecBuilder.setBaseUri(RequestSpecBuilder.java:1347)
	at restassured.Framework.CommonSteps.I_set_baseURI_for_LumenDEVURL(CommonSteps.java:41)
	at ✽.And I set baseURI for LumenDEVURL(FeatureFilesLumen/TAA-19.feature:44)
</error>
  </testcase>
  <testcase classname="| /site-page-tree-nodes | 422 | Sitepagetreenodes_TS02_TC01 |" name="| /site-page-tree-nodes | 422 | Sitepagetreenodes_TS02_TC01 |" time="0">
    <error message="Base URI cannot be null" type="java.lang.IllegalArgumentException">java.lang.IllegalArgumentException: Base URI cannot be null
	at sun.reflect.GeneratedConstructorAccessor33.newInstance(Unknown Source)
	at sun.reflect.DelegatingConstructorAccessorImpl.newInstance(DelegatingConstructorAccessorImpl.java:45)
	at java.lang.reflect.Constructor.newInstance(Constructor.java:423)
	at org.codehaus.groovy.reflection.CachedConstructor.invoke(CachedConstructor.java:83)
	at org.codehaus.groovy.reflection.CachedConstructor.doConstructorInvoke(CachedConstructor.java:77)
	at org.codehaus.groovy.runtime.callsite.ConstructorSite$ConstructorSiteNoUnwrap.callConstructor(ConstructorSite.java:84)
	at org.codehaus.groovy.runtime.callsite.AbstractCallSite.callConstructor(AbstractCallSite.java:247)
	at io.restassured.internal.assertion.AssertParameter.notNull(AssertParameter.groovy:26)
	at io.restassured.internal.assertion.AssertParameter$notNull.callStatic(Unknown Source)
	at io.restassured.internal.RequestSpecificationImpl.baseUri(RequestSpecificationImpl.groovy:748)
	at io.restassured.builder.RequestSpecBuilder.setBaseUri(RequestSpecBuilder.java:1347)
	at restassured.Framework.CommonSteps.I_set_baseURI_for_LumenDEVURL(CommonSteps.java:41)
	at ✽.And I set baseURI for LumenDEVURL(FeatureFilesLumen/TAA-19.feature:44)
</error>
  </testcase>
  <testcase classname="| /site-page-tree-nodes | 422 | Sitepagetreenodes_TS02_TC01 |" name="And I set basePath to /site-page-tree-nodes" time="0">
    <skipped/>
  </testcase>
  <testcase classname="| /site-page-tree-nodes | 422 | Sitepagetreenodes_TS02_TC01 |" name="And I add parameter Key as &quot;site_id&quot; and Value as &quot;8&quot;" time="0">
    <skipped/>
  </testcase>
  <testcase classname="| /site-page-tree-nodes | 422 | Sitepagetreenodes_TS02_TC01 |" name="And I add parameter Key as &quot;pagination_clause[pagination_limit]&quot; and Value as &quot;none&quot;" time="0">
    <skipped/>
  </testcase>
  <testcase classname="| /site-page-tree-nodes | 422 | Sitepagetreenodes_TS02_TC01 |" name="And I build RequestSpecification" time="0">
    <skipped/>
  </testcase>
  <testcase classname="| /site-page-tree-nodes | 422 | Sitepagetreenodes_TS02_TC01 |" name="And I execute a GET method" time="0">
    <skipped/>
  </testcase>
  <testcase classname="| /site-page-tree-nodes | 422 | Sitepagetreenodes_TS02_TC01 |" name="Then I receive a response with StatusCode 422 over Sitepagetreenodes" time="0">
    <skipped/>
  </testcase>
  <testcase classname="| /site-page-tree-nodes | 422 | Sitepagetreenodes_TS02_TC01 |" name="And I see that response JSON is equal to Sitepagetreenodes_TS02_TC01 over Sitepagetreenodes" time="0.001">
    <skipped/>
  </testcase>
</testsuite>